

Microchip MPLAB XC8 Assembler V2.10 build 88905656 
                                                                                               Sun Jun 28 10:22:00 2020

Microchip MPLAB XC8 C Compiler v2.10 (Free license) build 20190730164152 Og1 
     1                           	processor	18F4550
     2                           	fnconf	rparam,??,?,0
     3                           	opt	pw 120
     4                           	opt	flic
     5                           	psect	cinit,global,reloc=2,class=CODE,delta=1
     6                           	psect	cstackCOMRAM,global,class=COMRAM,space=1,delta=1,noexec
     7                           	psect	text0,global,reloc=2,class=CODE,delta=1
     8                           	psect	intcode,global,reloc=2,class=CODE,delta=1
     9                           	psect	intcode_body,global,reloc=2,class=CODE,delta=1
    10                           	psect	text2,global,reloc=2,class=CODE,delta=1
    11                           	psect	intsave_regs,global,class=BIGRAM,space=1,delta=1,noexec
    12                           	psect	rparam,global,class=COMRAM,space=1,delta=1,noexec
    13                           	psect	temp,global,ovrld,common,class=COMRAM,space=1,delta=1
    14  0000                     
    15                           ; Version 2.10
    16                           ; Generated 31/07/2019 GMT
    17                           ; 
    18                           ; Copyright © 2019, Microchip Technology Inc. and its subsidiaries ("Microchip")
    19                           ; All rights reserved.
    20                           ; 
    21                           ; This software is developed by Microchip Technology Inc. and its subsidiaries ("Microch
      +                          ip").
    22                           ; 
    23                           ; Redistribution and use in source and binary forms, with or without modification, are
    24                           ; permitted provided that the following conditions are met:
    25                           ; 
    26                           ;     1. Redistributions of source code must retain the above copyright notice, this lis
      +                          t of
    27                           ;        conditions and the following disclaimer.
    28                           ; 
    29                           ;     2. Redistributions in binary form must reproduce the above copyright notice, this 
      +                          list
    30                           ;        of conditions and the following disclaimer in the documentation and/or other
    31                           ;        materials provided with the distribution.
    32                           ; 
    33                           ;     3. Microchip's name may not be used to endorse or promote products derived from th
      +                          is
    34                           ;        software without specific prior written permission.
    35                           ; 
    36                           ; THIS SOFTWARE IS PROVIDED BY MICROCHIP "AS IS" AND ANY EXPRESS OR IMPLIED WARRANTIES,
    37                           ; INCLUDING, BUT NOT LIMITED TO, THE IMPLIED WARRANTIES OF MERCHANTABILITY AND FITNESS F
      +                          OR
    38                           ; PURPOSE ARE DISCLAIMED.  IN NO EVENT SHALL MICROCHIP BE LIABLE FOR ANY DIRECT, INDIREC
      +                          T,
    39                           ; INCIDENTAL, SPECIAL, EXEMPLARY, OR CONSEQUENTIAL DAMAGES (INCLUDING BUT NOT LIMITED TO
    40                           ; PROCUREMENT OF SUBSTITUTE GOODS OR SERVICES; LOSS OF USE, DATA OR PROFITS; OR BUSINESS
    41                           ; INTERRUPTION) HOWSOEVER CAUSED AND ON ANY THEORY OF LIABILITY, WHETHER IN CONTRACT, ST
      +                          RICT
    42                           ; LIABILITY, OR TORT (INCLUDING NEGLIGENCE OR OTHERWISE) ARISING IN ANY WAY OUT OF THE U
      +                          SE OF
    43                           ; THIS SOFTWARE, EVEN IF ADVISED OF THE POSSIBILITY OF SUCH DAMAGE.
    44                           ; 
    45                           ; 
    46                           ; Code-generator required, PIC18F4550 Definitions
    47                           ; 
    48                           ; SFR Addresses
    49  0000                     _INTCON2bits	set	4081
    50  0000                     _TRISDbits	set	3989
    51  0000                     _TRISBbits	set	3987
    52  0000                     _INTCONbits	set	4082
    53  0000                     _PEIE	set	32662
    54  0000                     _RD5	set	31773
    55  0000                     _INT0IF	set	32657
    56                           
    57                           ; #config settings
    58  0000                     
    59                           	psect	cinit
    60  0000A4                     __pcinit:
    61                           	opt callstack 0
    62  0000A4                     start_initialization:
    63                           	opt callstack 0
    64  0000A4                     __initialization:
    65                           	opt callstack 0
    66  0000A4                     end_of_initialization:
    67                           	opt callstack 0
    68  0000A4                     __end_of__initialization:
    69                           	opt callstack 0
    70  0000A4  9007               	bcf	int$flags,0,c	;clear compiler interrupt flag (level 1)
    71  0000A6  9207               	bcf	int$flags,1,c	;clear compiler interrupt flag (level 2)
    72  0000A8  0100               	movlb	0
    73  0000AA  EF47  F000         	goto	_main	;jump to C main() function
    74                           
    75                           	psect	cstackCOMRAM
    76  000001                     __pcstackCOMRAM:
    77                           	opt callstack 0
    78  000001                     delay@time:
    79                           	opt callstack 0
    80                           
    81                           ; 2 bytes @ 0x0
    82  000001                     	ds	2
    83  000003                     delay@i:
    84                           	opt callstack 0
    85                           
    86                           ; 2 bytes @ 0x2
    87  000003                     	ds	2
    88  000005                     delay@j:
    89                           	opt callstack 0
    90                           
    91                           ; 2 bytes @ 0x4
    92  000005                     	ds	2
    93  000007                     
    94                           ; 1 bytes @ 0x6
    95 ;;
    96 ;;Main: autosize = 0, tempsize = 0, incstack = 0, save=0
    97 ;;
    98 ;; *************** function _main *****************
    99 ;; Defined at:
   100 ;;		line 96 in file "interrupt2.c"
   101 ;; Parameters:    Size  Location     Type
   102 ;;		None
   103 ;; Auto vars:     Size  Location     Type
   104 ;;		None
   105 ;; Return value:  Size  Location     Type
   106 ;;                  1    wreg      void 
   107 ;; Registers used:
   108 ;;		None
   109 ;; Tracked objects:
   110 ;;		On entry : 0/0
   111 ;;		On exit  : 0/0
   112 ;;		Unchanged: 0/0
   113 ;; Data sizes:     COMRAM   BANK0   BANK1   BANK2   BANK3   BANK4   BANK5   BANK6   BANK7
   114 ;;      Params:         0       0       0       0       0       0       0       0       0
   115 ;;      Locals:         0       0       0       0       0       0       0       0       0
   116 ;;      Temps:          0       0       0       0       0       0       0       0       0
   117 ;;      Totals:         0       0       0       0       0       0       0       0       0
   118 ;;Total ram usage:        0 bytes
   119 ;; Hardware stack levels required when called:    2
   120 ;; This function calls:
   121 ;;		Nothing
   122 ;; This function is called by:
   123 ;;		Startup code after reset
   124 ;; This function uses a non-reentrant model
   125 ;;
   126                           
   127                           	psect	text0
   128  00008E                     __ptext0:
   129                           	opt callstack 0
   130  00008E                     _main:
   131                           	opt callstack 29
   132  00008E                     
   133                           ;interrupt2.c: 97:     TRISBbits.TRISB0=1;
   134  00008E  8093               	bsf	147,0,c	;volatile
   135                           
   136                           ;interrupt2.c: 98:     TRISDbits.TRISD5=0;
   137  000090  9A95               	bcf	149,5,c	;volatile
   138                           
   139                           ;interrupt2.c: 99:     INTCONbits.INT0IE=1;
   140  000092  88F2               	bsf	242,4,c	;volatile
   141                           
   142                           ;interrupt2.c: 100:     INTCON2bits.INTEDG0=0;
   143  000094  9CF1               	bcf	241,6,c	;volatile
   144                           
   145                           ;interrupt2.c: 101:     INTCONbits.INT0IF=0;
   146  000096  92F2               	bcf	242,1,c	;volatile
   147                           
   148                           ;interrupt2.c: 102:     PEIE=1;
   149  000098  8CF2               	bsf	4082,6,c	;volatile
   150                           
   151                           ;interrupt2.c: 103:     INTCONbits.GIE=1;
   152  00009A  8EF2               	bsf	242,7,c	;volatile
   153  00009C                     l27:
   154  00009C  EF4E  F000         	goto	l27
   155  0000A0  EF07  F000         	goto	start
   156  0000A4                     __end_of_main:
   157                           	opt callstack 0
   158                           
   159 ;; *************** function _button *****************
   160 ;; Defined at:
   161 ;;		line 84 in file "interrupt2.c"
   162 ;; Parameters:    Size  Location     Type
   163 ;;		None
   164 ;; Auto vars:     Size  Location     Type
   165 ;;		None
   166 ;; Return value:  Size  Location     Type
   167 ;;                  1    wreg      void 
   168 ;; Registers used:
   169 ;;		wreg, status,2, status,0, cstack
   170 ;; Tracked objects:
   171 ;;		On entry : 0/0
   172 ;;		On exit  : 0/0
   173 ;;		Unchanged: 0/0
   174 ;; Data sizes:     COMRAM   BANK0   BANK1   BANK2   BANK3   BANK4   BANK5   BANK6   BANK7
   175 ;;      Params:         0       0       0       0       0       0       0       0       0
   176 ;;      Locals:         0       0       0       0       0       0       0       0       0
   177 ;;      Temps:          0       0       0       0       0       0       0       0       0
   178 ;;      Totals:         0       0       0       0       0       0       0       0       0
   179 ;;Total ram usage:        0 bytes
   180 ;; Hardware stack levels used:    1
   181 ;; Hardware stack levels required when called:    1
   182 ;; This function calls:
   183 ;;		_delay
   184 ;; This function is called by:
   185 ;;		Interrupt level 2
   186 ;; This function uses a non-reentrant model
   187 ;;
   188                           
   189                           	psect	intcode
   190  000008                     __pintcode:
   191                           	opt callstack 0
   192  000008                     _button:
   193                           	opt callstack 29
   194                           
   195                           ;incstack = 0
   196  000008  8207               	bsf	int$flags,1,c	;set compiler interrupt flag (level 2)
   197  00000A  ED2E  F000         	call	int_func,f	;refresh shadow registers
   198                           
   199                           	psect	intcode_body
   200  00005C                     __pintcode_body:
   201                           	opt callstack 29
   202  00005C                     int_func:
   203                           	opt callstack 29
   204  00005C  0006               	pop		; remove dummy address from shadow register refresh
   205  00005E                     
   206                           ;interrupt2.c: 86:     if(INT0IF == 1){
   207  00005E  A2F2               	btfss	4082,1,c	;volatile
   208  000060  EF34  F000         	goto	i2u6_41
   209  000064  EF36  F000         	goto	i2u6_40
   210  000068                     i2u6_41:
   211  000068  EF44  F000         	goto	i2l766
   212  00006C                     i2u6_40:
   213  00006C                     
   214                           ;interrupt2.c: 88:         RD5=1;
   215  00006C  8A83               	bsf	3971,5,c	;volatile
   216  00006E                     
   217                           ;interrupt2.c: 89:         delay(1000);
   218  00006E  0E03               	movlw	3
   219  000070  6E02               	movwf	(delay@time+1)^0,c
   220  000072  0EE8               	movlw	232
   221  000074  6E01               	movwf	delay@time^0,c
   222  000076  EC09  F000         	call	_delay	;wreg free
   223  00007A                     
   224                           ;interrupt2.c: 90:         RD5=0;
   225  00007A  9A83               	bcf	3971,5,c	;volatile
   226                           
   227                           ;interrupt2.c: 91:         delay(1000);
   228  00007C  0E03               	movlw	3
   229  00007E  6E02               	movwf	(delay@time+1)^0,c
   230  000080  0EE8               	movlw	232
   231  000082  6E01               	movwf	delay@time^0,c
   232  000084  EC09  F000         	call	_delay	;wreg free
   233  000088                     i2l766:
   234                           
   235                           ;interrupt2.c: 94:     INTCONbits.INT0IF=0;
   236  000088  92F2               	bcf	242,1,c	;volatile
   237  00008A  9207               	bcf	int$flags,1,c	;clear compiler interrupt flag (level 2)
   238  00008C  0011               	retfie		f
   239  00008E                     __end_of_button:
   240                           	opt callstack 0
   241                           
   242 ;; *************** function _delay *****************
   243 ;; Defined at:
   244 ;;		line 109 in file "interrupt2.c"
   245 ;; Parameters:    Size  Location     Type
   246 ;;  time            2    0[COMRAM] unsigned int 
   247 ;; Auto vars:     Size  Location     Type
   248 ;;  j               2    4[COMRAM] unsigned int 
   249 ;;  i               2    2[COMRAM] unsigned int 
   250 ;; Return value:  Size  Location     Type
   251 ;;                  1    wreg      void 
   252 ;; Registers used:
   253 ;;		wreg, status,2, status,0
   254 ;; Tracked objects:
   255 ;;		On entry : 0/0
   256 ;;		On exit  : 0/0
   257 ;;		Unchanged: 0/0
   258 ;; Data sizes:     COMRAM   BANK0   BANK1   BANK2   BANK3   BANK4   BANK5   BANK6   BANK7
   259 ;;      Params:         2       0       0       0       0       0       0       0       0
   260 ;;      Locals:         4       0       0       0       0       0       0       0       0
   261 ;;      Temps:          0       0       0       0       0       0       0       0       0
   262 ;;      Totals:         6       0       0       0       0       0       0       0       0
   263 ;;Total ram usage:        6 bytes
   264 ;; Hardware stack levels used:    1
   265 ;; This function calls:
   266 ;;		Nothing
   267 ;; This function is called by:
   268 ;;		_button
   269 ;; This function uses a non-reentrant model
   270 ;;
   271                           
   272                           	psect	text2
   273  000012                     __ptext2:
   274                           	opt callstack 0
   275  000012                     _delay:
   276                           	opt callstack 29
   277  000012                     
   278                           ;interrupt2.c: 110:     unsigned int i,j;;interrupt2.c: 111:     for(i=0;i<time;i++)
   279  000012  0E00               	movlw	0
   280  000014  6E04               	movwf	(delay@i+1)^0,c
   281  000016  0E00               	movlw	0
   282  000018  6E03               	movwf	delay@i^0,c
   283  00001A  EF22  F000         	goto	i2l756
   284  00001E                     i2l744:
   285                           
   286                           ;interrupt2.c: 112:         for(j=0;j<100;j++);
   287  00001E  0E00               	movlw	0
   288  000020  6E06               	movwf	(delay@j+1)^0,c
   289  000022  0E00               	movlw	0
   290  000024  6E05               	movwf	delay@j^0,c
   291  000026                     i2l750:
   292  000026  4A05               	infsnz	delay@j^0,f,c
   293  000028  2A06               	incf	(delay@j+1)^0,f,c
   294  00002A  5006               	movf	(delay@j+1)^0,w,c
   295  00002C  E109               	bnz	i2u4_40
   296  00002E  0E64               	movlw	100
   297  000030  5C05               	subwf	delay@j^0,w,c
   298  000032  A0D8               	btfss	status,0,c
   299  000034  EF1E  F000         	goto	i2u4_41
   300  000038  EF20  F000         	goto	i2u4_40
   301  00003C                     i2u4_41:
   302  00003C  EF13  F000         	goto	i2l750
   303  000040                     i2u4_40:
   304  000040  4A03               	infsnz	delay@i^0,f,c
   305  000042  2A04               	incf	(delay@i+1)^0,f,c
   306  000044                     i2l756:
   307  000044  5001               	movf	delay@time^0,w,c
   308  000046  5C03               	subwf	delay@i^0,w,c
   309  000048  5002               	movf	(delay@time+1)^0,w,c
   310  00004A  5804               	subwfb	(delay@i+1)^0,w,c
   311  00004C  A0D8               	btfss	status,0,c
   312  00004E  EF2B  F000         	goto	i2u5_41
   313  000052  EF2D  F000         	goto	i2u5_40
   314  000056                     i2u5_41:
   315  000056  EF0F  F000         	goto	i2l744
   316  00005A                     i2u5_40:
   317  00005A  0012               	return		;funcret
   318  00005C                     __end_of_delay:
   319                           	opt callstack 0
   320  0000                     
   321                           	psect	rparam
   322  0000                     
   323                           	psect	temp
   324  000007                     btemp:
   325                           	opt callstack 0
   326  000007                     	ds	1
   327  0000                     int$flags	set	btemp
   328  0000                     wtemp8	set	btemp+1
   329  0000                     ttemp5	set	btemp+1
   330  0000                     ttemp6	set	btemp+4
   331  0000                     ttemp7	set	btemp+8
   332                           tosu	equ	0xFFF
   333                           tosh	equ	0xFFE
   334                           tosl	equ	0xFFD
   335                           stkptr	equ	0xFFC
   336                           pclatu	equ	0xFFB
   337                           pclath	equ	0xFFA
   338                           pcl	equ	0xFF9
   339                           tblptru	equ	0xFF8
   340                           tblptrh	equ	0xFF7
   341                           tblptrl	equ	0xFF6
   342                           tablat	equ	0xFF5
   343                           prodh	equ	0xFF4
   344                           prodl	equ	0xFF3
   345                           indf0	equ	0xFEF
   346                           postinc0	equ	0xFEE
   347                           postdec0	equ	0xFED
   348                           preinc0	equ	0xFEC
   349                           plusw0	equ	0xFEB
   350                           fsr0h	equ	0xFEA
   351                           fsr0l	equ	0xFE9
   352                           wreg	equ	0xFE8
   353                           indf1	equ	0xFE7
   354                           postinc1	equ	0xFE6
   355                           postdec1	equ	0xFE5
   356                           preinc1	equ	0xFE4
   357                           plusw1	equ	0xFE3
   358                           fsr1h	equ	0xFE2
   359                           fsr1l	equ	0xFE1
   360                           bsr	equ	0xFE0
   361                           indf2	equ	0xFDF
   362                           postinc2	equ	0xFDE
   363                           postdec2	equ	0xFDD
   364                           preinc2	equ	0xFDC
   365                           plusw2	equ	0xFDB
   366                           fsr2h	equ	0xFDA
   367                           fsr2l	equ	0xFD9
   368                           status	equ	0xFD8


Data Sizes:
    Strings     0
    Constant    0
    Data        0
    BSS         0
    Persistent  0
    Stack       0

Auto Spaces:
    Space          Size  Autos    Used
    COMRAM           94      6       6
    BANK0           160      0       0
    BANK1           256      0       0
    BANK2           256      0       0
    BANK3           256      0       0
    BANK4           256      0       0
    BANK5           256      0       0
    BANK6           256      0       0
    BANK7           256      0       0

Pointer List with Targets:

    None.

Critical Paths under _main in COMRAM

    None.

Critical Paths under _button in COMRAM

    _button->_delay

Critical Paths under _main in BANK0

    None.

Critical Paths under _button in BANK0

    None.

Critical Paths under _main in BANK1

    None.

Critical Paths under _button in BANK1

    None.

Critical Paths under _main in BANK2

    None.

Critical Paths under _button in BANK2

    None.

Critical Paths under _main in BANK3

    None.

Critical Paths under _button in BANK3

    None.

Critical Paths under _main in BANK4

    None.

Critical Paths under _button in BANK4

    None.

Critical Paths under _main in BANK5

    None.

Critical Paths under _button in BANK5

    None.

Critical Paths under _main in BANK6

    None.

Critical Paths under _button in BANK6

    None.

Critical Paths under _main in BANK7

    None.

Critical Paths under _button in BANK7

    None.

Call Graph Tables:

 ---------------------------------------------------------------------------------
 (Depth) Function   	        Calls       Base Space   Used Autos Params    Refs
 ---------------------------------------------------------------------------------
 (0) _main                                                 0     0      0       0
 ---------------------------------------------------------------------------------
 Estimated maximum stack depth 0
 ---------------------------------------------------------------------------------
 (Depth) Function   	        Calls       Base Space   Used Autos Params    Refs
 ---------------------------------------------------------------------------------
 (1) _button                                               0     0      0     244
                              _delay
 ---------------------------------------------------------------------------------
 (2) _delay                                                6     4      2     244
                                              0 COMRAM     6     4      2
 ---------------------------------------------------------------------------------
 Estimated maximum stack depth 2
 ---------------------------------------------------------------------------------

 Call Graph Graphs:

 _main (ROOT)

 _button (ROOT)
   _delay

 Address spaces:
Name               Size   Autos  Total    Cost      Usage
BITCOMRAM           5E      0       0       0        0.0%
EEDATA             100      0       0       0        0.0%
NULL                 0      0       0       0        0.0%
CODE                 0      0       0       0        0.0%
COMRAM              5E      6       6       1        6.4%
STACK                0      0       0       2        0.0%
DATA                 0      0       0       3        0.0%
BITBANK0            A0      0       0       4        0.0%
BANK0               A0      0       0       5        0.0%
BITBANK1           100      0       0       6        0.0%
BANK1              100      0       0       7        0.0%
BITBANK2           100      0       0       8        0.0%
BANK2              100      0       0       9        0.0%
BITBANK3           100      0       0      10        0.0%
BANK3              100      0       0      11        0.0%
BITBANK4           100      0       0      12        0.0%
BANK4              100      0       0      13        0.0%
BITBANK5           100      0       0      14        0.0%
BANK5              100      0       0      15        0.0%
BITBANK6           100      0       0      16        0.0%
BANK6              100      0       0      17        0.0%
BITBANK7           100      0       0      18        0.0%
BANK7              100      0       0      19        0.0%
ABS                  0      0       0      20        0.0%
BIGRAM             7FF      0       0      21        0.0%
BITSFR               0      0       0     200        0.0%
SFR                  0      0       0     200        0.0%


Microchip Technology PIC18 Macro Assembler V2.10 build 88905656 
Symbol Table                                                                                   Sun Jun 28 10:22:00 2020

                     l27 009C                       l28 009C              __CFG_BORV$3 000000  
           __CFG_CP0$OFF 000000             __CFG_CP1$OFF 000000             __CFG_CP2$OFF 000000  
           __CFG_CP3$OFF 000000              __CFG_LVP$ON 000000                      l740 008E  
           __CFG_CPB$OFF 000000                      _RD5 007C1D             __CFG_CPD$OFF 000000  
           __CFG_BOR$OFF 000000             __CFG_FOSC$HS 000000             __CFG_WDT$OFF 000000  
                   _PEIE 007F96                     i2l22 008A                     i2l38 005A  
                   _main 008E                     btemp 0007                     start 000E  
          __CFG_IESO$OFF 000000            __CFG_MCLRE$ON 000000             ___param_bank 000000  
          __CFG_PLLDIV$1 000000           __CFG_CCP2MX$ON 000000                    ?_main 0001  
                  i2l750 0026                    i2l742 0012                    i2l752 002A  
                  i2l744 001E                    i2l760 006C                    i2l754 0040  
                  i2l762 006E                    i2l756 0044                    i2l764 007A  
                  i2l766 0088                    i2l758 005E            __CFG_USBDIV$1 000000  
          __CFG_PWRT$OFF 000000            __CFG_WRT0$OFF 000000            __CFG_WRT1$OFF 000000  
          __CFG_WRT2$OFF 000000            __CFG_WRT3$OFF 000000           __CFG_EBTR0$OFF 000000  
         __CFG_FCMEN$OFF 000000           __CFG_EBTR1$OFF 000000           __CFG_EBTR2$OFF 000000  
         __CFG_EBTR3$OFF 000000            __CFG_WRTB$OFF 000000            __CFG_WRTC$OFF 000000  
          __CFG_WRTD$OFF 000000           __CFG_EBTRB$OFF 000000                    _delay 0012  
                  ttemp5 0008                    ttemp6 000B                    ttemp7 000F  
                  status 000FD8                    wtemp8 0008           __CFG_ICPRT$OFF 000000  
         __CFG_PBADEN$ON 000000          __initialization 00A4             __end_of_main 00A4  
                 ??_main 0007            __activetblptr 000000                   ?_delay 0001  
                 _INT0IF 007F91                   i2u4_40 0040                   i2u4_41 003C  
                 i2u5_40 005A                   i2u5_41 0056                   i2u6_40 006C  
                 i2u6_41 0068           __CFG_XINST$OFF 000000           __CFG_STVREN$ON 000000  
                 _button 0008                   delay@i 0003                   delay@j 0005  
             __accesstop 0060  __end_of__initialization 00A4            ___rparam_used 000001  
         __pcstackCOMRAM 0001            __end_of_delay 005C                  ??_delay 0003  
                ?_button 0001          __CFG_VREGEN$OFF 000000                  __Hparam 0000  
                __Lparam 0000                  __pcinit 00A4          __size_of_button 0086  
                __ramtop 0800                  __ptext0 008E                  __ptext2 0012  
         __pintcode_body 005C     end_of_initialization 00A4                  int_func 005C  
              _TRISBbits 000F93                _TRISDbits 000F95           __end_of_button 008E  
    start_initialization 00A4         __CFG_LPT1OSC$OFF 000000                 ??_button 0007  
              __pintcode 0008           __size_of_delay 004A                delay@time 0001  
       __CFG_WDTPS$32768 000000              _INTCON2bits 000FF1                 __Hrparam 0000  
               __Lrparam 0000            __size_of_main 0016                 int$flags 0007  
  __CFG_CPUDIV$OSC1_PLL2 000000               _INTCONbits 000FF2                 intlevel2 0000  
