

Microchip MPLAB XC8 Assembler V2.10 build 88905656 
                                                                                               Tue Sep 29 10:24:33 2020

Microchip MPLAB XC8 C Compiler v2.10 (Free license) build 20190730164152 Og1 
     1                           	processor	18F4550
     2                           	fnconf	rparam,??,?,0
     3                           	opt	pw 120
     4                           	opt	flic
     5                           	psect	cinit,global,reloc=2,class=CODE,delta=1
     6                           	psect	cstackCOMRAM,global,class=COMRAM,space=1,delta=1,noexec
     7                           	psect	text0,global,reloc=2,class=CODE,delta=1
     8                           	psect	text1,global,reloc=2,class=CODE,delta=1
     9                           	psect	intsave_regs,global,class=BIGRAM,space=1,delta=1,noexec
    10                           	psect	rparam,global,class=COMRAM,space=1,delta=1,noexec
    11  0000                     
    12                           ; Version 2.10
    13                           ; Generated 31/07/2019 GMT
    14                           ; 
    15                           ; Copyright © 2019, Microchip Technology Inc. and its subsidiaries ("Microchip")
    16                           ; All rights reserved.
    17                           ; 
    18                           ; This software is developed by Microchip Technology Inc. and its subsidiaries ("Microch
      +                          ip").
    19                           ; 
    20                           ; Redistribution and use in source and binary forms, with or without modification, are
    21                           ; permitted provided that the following conditions are met:
    22                           ; 
    23                           ;     1. Redistributions of source code must retain the above copyright notice, this lis
      +                          t of
    24                           ;        conditions and the following disclaimer.
    25                           ; 
    26                           ;     2. Redistributions in binary form must reproduce the above copyright notice, this 
      +                          list
    27                           ;        of conditions and the following disclaimer in the documentation and/or other
    28                           ;        materials provided with the distribution.
    29                           ; 
    30                           ;     3. Microchip's name may not be used to endorse or promote products derived from th
      +                          is
    31                           ;        software without specific prior written permission.
    32                           ; 
    33                           ; THIS SOFTWARE IS PROVIDED BY MICROCHIP "AS IS" AND ANY EXPRESS OR IMPLIED WARRANTIES,
    34                           ; INCLUDING, BUT NOT LIMITED TO, THE IMPLIED WARRANTIES OF MERCHANTABILITY AND FITNESS F
      +                          OR
    35                           ; PURPOSE ARE DISCLAIMED.  IN NO EVENT SHALL MICROCHIP BE LIABLE FOR ANY DIRECT, INDIREC
      +                          T,
    36                           ; INCIDENTAL, SPECIAL, EXEMPLARY, OR CONSEQUENTIAL DAMAGES (INCLUDING BUT NOT LIMITED TO
    37                           ; PROCUREMENT OF SUBSTITUTE GOODS OR SERVICES; LOSS OF USE, DATA OR PROFITS; OR BUSINESS
    38                           ; INTERRUPTION) HOWSOEVER CAUSED AND ON ANY THEORY OF LIABILITY, WHETHER IN CONTRACT, ST
      +                          RICT
    39                           ; LIABILITY, OR TORT (INCLUDING NEGLIGENCE OR OTHERWISE) ARISING IN ANY WAY OUT OF THE U
      +                          SE OF
    40                           ; THIS SOFTWARE, EVEN IF ADVISED OF THE POSSIBILITY OF SUCH DAMAGE.
    41                           ; 
    42                           ; 
    43                           ; Code-generator required, PIC18F4550 Definitions
    44                           ; 
    45                           ; SFR Addresses
    46  0000                     _TMR0	set	4054
    47  0000                     _LATD	set	3980
    48  0000                     _PORTD	set	3971
    49  0000                     _T0CON	set	4053
    50  0000                     _TRISD	set	3989
    51  0000                     _TMR0IF	set	32658
    52  0000                     _TMR0ON	set	32431
    53                           
    54                           ; #config settings
    55  0000                     
    56                           	psect	cinit
    57  007FBA                     __pcinit:
    58                           	opt callstack 0
    59  007FBA                     start_initialization:
    60                           	opt callstack 0
    61  007FBA                     __initialization:
    62                           	opt callstack 0
    63  007FBA                     end_of_initialization:
    64                           	opt callstack 0
    65  007FBA                     __end_of__initialization:
    66                           	opt callstack 0
    67  007FBA  0100               	movlb	0
    68  007FBC  EFEF  F03F         	goto	_main	;jump to C main() function
    69                           
    70                           	psect	cstackCOMRAM
    71  000001                     __pcstackCOMRAM:
    72                           	opt callstack 0
    73  000001                     delay@preload:
    74                           	opt callstack 0
    75                           
    76                           ; 2 bytes @ 0x0
    77  000001                     	ds	2
    78  000003                     
    79                           ; 1 bytes @ 0x2
    80 ;;
    81 ;;Main: autosize = 0, tempsize = 0, incstack = 0, save=0
    82 ;;
    83 ;; *************** function _main *****************
    84 ;; Defined at:
    85 ;;		line 70 in file "lab 2.c"
    86 ;; Parameters:    Size  Location     Type
    87 ;;		None
    88 ;; Auto vars:     Size  Location     Type
    89 ;;		None
    90 ;; Return value:  Size  Location     Type
    91 ;;                  1    wreg      void 
    92 ;; Registers used:
    93 ;;		wreg, status,2, status,0, cstack
    94 ;; Tracked objects:
    95 ;;		On entry : 0/0
    96 ;;		On exit  : 0/0
    97 ;;		Unchanged: 0/0
    98 ;; Data sizes:     COMRAM   BANK0   BANK1   BANK2   BANK3   BANK4   BANK5   BANK6   BANK7
    99 ;;      Params:         0       0       0       0       0       0       0       0       0
   100 ;;      Locals:         0       0       0       0       0       0       0       0       0
   101 ;;      Temps:          0       0       0       0       0       0       0       0       0
   102 ;;      Totals:         0       0       0       0       0       0       0       0       0
   103 ;;Total ram usage:        0 bytes
   104 ;; Hardware stack levels required when called:    1
   105 ;; This function calls:
   106 ;;		_delay
   107 ;; This function is called by:
   108 ;;		Startup code after reset
   109 ;; This function uses a non-reentrant model
   110 ;;
   111                           
   112                           	psect	text0
   113  007FDE                     __ptext0:
   114                           	opt callstack 0
   115  007FDE                     _main:
   116                           	opt callstack 30
   117  007FDE                     
   118                           ;lab 2.c: 72:     TRISD = 0;
   119  007FDE  0E00               	movlw	0
   120  007FE0  6E95               	movwf	149,c	;volatile
   121                           
   122                           ;lab 2.c: 73:     T0CON = 0B00000011;
   123  007FE2  0E03               	movlw	3
   124  007FE4  6ED5               	movwf	213,c	;volatile
   125                           
   126                           ;lab 2.c: 74:     PORTD = 0x55;
   127  007FE6  0E55               	movlw	85
   128  007FE8  6E83               	movwf	131,c	;volatile
   129  007FEA                     l718:
   130                           
   131                           ;lab 2.c: 77:     {;lab 2.c: 78:         LATD = ~LATD;
   132  007FEA  1E8C               	comf	140,f,c	;volatile
   133  007FEC                     
   134                           ;lab 2.c: 79:         delay(3036);
   135  007FEC  0E0B               	movlw	11
   136  007FEE  6E02               	movwf	(delay@preload+1)^0,c
   137  007FF0  0EDC               	movlw	220
   138  007FF2  6E01               	movwf	delay@preload^0,c
   139  007FF4  ECE0  F03F         	call	_delay	;wreg free
   140  007FF8  EFF5  F03F         	goto	l718
   141  007FFC  EF00  F000         	goto	start
   142  008000                     __end_of_main:
   143                           	opt callstack 0
   144                           
   145 ;; *************** function _delay *****************
   146 ;; Defined at:
   147 ;;		line 83 in file "lab 2.c"
   148 ;; Parameters:    Size  Location     Type
   149 ;;  preload         2    0[COMRAM] int 
   150 ;; Auto vars:     Size  Location     Type
   151 ;;		None
   152 ;; Return value:  Size  Location     Type
   153 ;;                  1    wreg      void 
   154 ;; Registers used:
   155 ;;		None
   156 ;; Tracked objects:
   157 ;;		On entry : 0/0
   158 ;;		On exit  : 0/0
   159 ;;		Unchanged: 0/0
   160 ;; Data sizes:     COMRAM   BANK0   BANK1   BANK2   BANK3   BANK4   BANK5   BANK6   BANK7
   161 ;;      Params:         2       0       0       0       0       0       0       0       0
   162 ;;      Locals:         0       0       0       0       0       0       0       0       0
   163 ;;      Temps:          0       0       0       0       0       0       0       0       0
   164 ;;      Totals:         2       0       0       0       0       0       0       0       0
   165 ;;Total ram usage:        2 bytes
   166 ;; Hardware stack levels used:    1
   167 ;; This function calls:
   168 ;;		Nothing
   169 ;; This function is called by:
   170 ;;		_main
   171 ;; This function uses a non-reentrant model
   172 ;;
   173                           
   174                           	psect	text1
   175  007FC0                     __ptext1:
   176                           	opt callstack 0
   177  007FC0                     _delay:
   178                           	opt callstack 30
   179  007FC0                     
   180                           ;lab 2.c: 83: void delay(int preload);lab 2.c: 84: {;lab 2.c: 85:     TMR0 = preload;
   181  007FC0  C001  FFD6         	movff	delay@preload,4054	;volatile
   182  007FC4  C002  FFD7         	movff	delay@preload+1,4055	;volatile
   183                           
   184                           ;lab 2.c: 86:     TMR0ON = 1;
   185  007FC8  8ED5               	bsf	4053,7,c	;volatile
   186  007FCA                     l27:
   187  007FCA  A4F2               	btfss	4082,2,c	;volatile
   188  007FCC  EFEA  F03F         	goto	u21
   189  007FD0  EFEC  F03F         	goto	u20
   190  007FD4                     u21:
   191  007FD4  EFE5  F03F         	goto	l27
   192  007FD8                     u20:
   193  007FD8                     
   194                           ;lab 2.c: 88:     TMR0ON = 0;
   195  007FD8  9ED5               	bcf	4053,7,c	;volatile
   196                           
   197                           ;lab 2.c: 89:     TMR0IF = 0;
   198  007FDA  94F2               	bcf	4082,2,c	;volatile
   199  007FDC  0012               	return		;funcret
   200  007FDE                     __end_of_delay:
   201                           	opt callstack 0
   202  0000                     
   203                           	psect	rparam
   204  0000                     tosu	equ	0xFFF
   205                           tosh	equ	0xFFE
   206                           tosl	equ	0xFFD
   207                           stkptr	equ	0xFFC
   208                           pclatu	equ	0xFFB
   209                           pclath	equ	0xFFA
   210                           pcl	equ	0xFF9
   211                           tblptru	equ	0xFF8
   212                           tblptrh	equ	0xFF7
   213                           tblptrl	equ	0xFF6
   214                           tablat	equ	0xFF5
   215                           prodh	equ	0xFF4
   216                           prodl	equ	0xFF3
   217                           indf0	equ	0xFEF
   218                           postinc0	equ	0xFEE
   219                           postdec0	equ	0xFED
   220                           preinc0	equ	0xFEC
   221                           plusw0	equ	0xFEB
   222                           fsr0h	equ	0xFEA
   223                           fsr0l	equ	0xFE9
   224                           wreg	equ	0xFE8
   225                           indf1	equ	0xFE7
   226                           postinc1	equ	0xFE6
   227                           postdec1	equ	0xFE5
   228                           preinc1	equ	0xFE4
   229                           plusw1	equ	0xFE3
   230                           fsr1h	equ	0xFE2
   231                           fsr1l	equ	0xFE1
   232                           bsr	equ	0xFE0
   233                           indf2	equ	0xFDF
   234                           postinc2	equ	0xFDE
   235                           postdec2	equ	0xFDD
   236                           preinc2	equ	0xFDC
   237                           plusw2	equ	0xFDB
   238                           fsr2h	equ	0xFDA
   239                           fsr2l	equ	0xFD9
   240                           status	equ	0xFD8


Data Sizes:
    Strings     0
    Constant    0
    Data        0
    BSS         0
    Persistent  0
    Stack       0

Auto Spaces:
    Space          Size  Autos    Used
    COMRAM           95      2       2
    BANK0           160      0       0
    BANK1           256      0       0
    BANK2           256      0       0
    BANK3           256      0       0
    BANK4           256      0       0
    BANK5           256      0       0
    BANK6           256      0       0
    BANK7           256      0       0

Pointer List with Targets:

    None.

Critical Paths under _main in COMRAM

    _main->_delay

Critical Paths under _main in BANK0

    None.

Critical Paths under _main in BANK1

    None.

Critical Paths under _main in BANK2

    None.

Critical Paths under _main in BANK3

    None.

Critical Paths under _main in BANK4

    None.

Critical Paths under _main in BANK5

    None.

Critical Paths under _main in BANK6

    None.

Critical Paths under _main in BANK7

    None.

Call Graph Tables:

 ---------------------------------------------------------------------------------
 (Depth) Function   	        Calls       Base Space   Used Autos Params    Refs
 ---------------------------------------------------------------------------------
 (0) _main                                                 0     0      0      98
                              _delay
 ---------------------------------------------------------------------------------
 (1) _delay                                                2     0      2      98
                                              0 COMRAM     2     0      2
 ---------------------------------------------------------------------------------
 Estimated maximum stack depth 1
 ---------------------------------------------------------------------------------

 Call Graph Graphs:

 _main (ROOT)
   _delay

 Address spaces:
Name               Size   Autos  Total    Cost      Usage
BITCOMRAM           5F      0       0       0        0.0%
EEDATA             100      0       0       0        0.0%
NULL                 0      0       0       0        0.0%
CODE                 0      0       0       0        0.0%
COMRAM              5F      2       2       1        2.1%
STACK                0      0       0       2        0.0%
DATA                 0      0       0       3        0.0%
BITBANK0            A0      0       0       4        0.0%
BANK0               A0      0       0       5        0.0%
BITBANK1           100      0       0       6        0.0%
BANK1              100      0       0       7        0.0%
BITBANK2           100      0       0       8        0.0%
BANK2              100      0       0       9        0.0%
BITBANK3           100      0       0      10        0.0%
BANK3              100      0       0      11        0.0%
BITBANK4           100      0       0      12        0.0%
BANK4              100      0       0      13        0.0%
BITBANK5           100      0       0      14        0.0%
BANK5              100      0       0      15        0.0%
BITBANK6           100      0       0      16        0.0%
BANK6              100      0       0      17        0.0%
BITBANK7           100      0       0      18        0.0%
BANK7              100      0       0      19        0.0%
ABS                  0      0       0      20        0.0%
BIGRAM             7FF      0       0      21        0.0%
BITSFR               0      0       0     200        0.0%
SFR                  0      0       0     200        0.0%


Microchip Technology PIC18 Macro Assembler V2.10 build 88905656 
Symbol Table                                                                                   Tue Sep 29 10:24:33 2020

                     l30 7FDC                       l27 7FCA                       l29 7FD8  
                     u20 7FD8                       u21 7FD4              __CFG_BORV$3 000000  
           __CFG_CP0$OFF 000000             __CFG_CP1$OFF 000000             __CFG_CP2$OFF 000000  
           __CFG_CP3$OFF 000000              __CFG_LVP$ON 000000                      l720 7FEC  
                    l714 7FC0                      l716 7FDE                      l718 7FEA  
           __CFG_CPB$OFF 000000             __CFG_CPD$OFF 000000             __CFG_BOR$OFF 000000  
           __CFG_FOSC$HS 000000             __CFG_WDT$OFF 000000                     _LATD 000F8C  
                   _TMR0 000FD6                     _main 7FDE                     start 0000  
          __CFG_IESO$OFF 000000            __CFG_MCLRE$ON 000000             ___param_bank 000000  
          __CFG_PLLDIV$1 000000           __CFG_CCP2MX$ON 000000                    ?_main 0001  
                  _T0CON 000FD5                    _PORTD 000F83            __CFG_USBDIV$1 000000  
                  _TRISD 000F95            __CFG_PWRT$OFF 000000            __CFG_WRT0$OFF 000000  
          __CFG_WRT1$OFF 000000            __CFG_WRT2$OFF 000000            __CFG_WRT3$OFF 000000  
         __CFG_EBTR0$OFF 000000           __CFG_FCMEN$OFF 000000           __CFG_EBTR1$OFF 000000  
         __CFG_EBTR2$OFF 000000           __CFG_EBTR3$OFF 000000            __CFG_WRTB$OFF 000000  
          __CFG_WRTC$OFF 000000            __CFG_WRTD$OFF 000000           __CFG_EBTRB$OFF 000000  
                  _delay 7FC0           __CFG_ICPRT$OFF 000000          __initialization 7FBA  
           __end_of_main 8000                   ??_main 0003            __activetblptr 000000  
                 ?_delay 0001                   _TMR0IF 007F92                   _TMR0ON 007EAF  
         __CFG_XINST$OFF 000000           __CFG_STVREN$ON 000000               __accesstop 0060  
__end_of__initialization 7FBA          __CFG_PBADEN$OFF 000000            ___rparam_used 000001  
         __pcstackCOMRAM 0001            __end_of_delay 7FDE                  ??_delay 0003  
        __CFG_VREGEN$OFF 000000                  __Hparam 0000                  __Lparam 0000  
                __pcinit 7FBA                  __ramtop 0800                  __ptext0 7FDE  
                __ptext1 7FC0     end_of_initialization 7FBA      start_initialization 7FBA  
       __CFG_LPT1OSC$OFF 000000           __size_of_delay 001E             delay@preload 0001  
       __CFG_WDTPS$32768 000000                 __Hrparam 0000                 __Lrparam 0000  
          __size_of_main 0022    __CFG_CPUDIV$OSC1_PLL2 000000  
