

Microchip MPLAB XC8 Assembler V2.10 build 88905656 
                                                                                               Sun Jun 14 10:00:22 2020

Microchip MPLAB XC8 C Compiler v2.10 (Free license) build 20190730164152 Og1 
     1                           	processor	18F4550
     2                           	fnconf	rparam,??,?,0
     3                           	opt	pw 120
     4                           	opt	flic
     5                           	psect	cinit,global,reloc=2,class=CODE,delta=1
     6                           	psect	cstackCOMRAM,global,class=COMRAM,space=1,delta=1,noexec
     7                           	psect	text0,global,reloc=2,class=CODE,delta=1
     8                           	psect	intcode,global,reloc=2,class=CODE,delta=1
     9                           	psect	intcode_body,global,reloc=2,class=CODE,delta=1
    10                           	psect	intsave_regs,global,class=BIGRAM,space=1,delta=1,noexec
    11                           	psect	rparam,global,class=COMRAM,space=1,delta=1,noexec
    12                           	psect	temp,global,ovrld,common,class=COMRAM,space=1,delta=1
    13  0000                     
    14                           ; Version 2.10
    15                           ; Generated 31/07/2019 GMT
    16                           ; 
    17                           ; Copyright © 2019, Microchip Technology Inc. and its subsidiaries ("Microchip")
    18                           ; All rights reserved.
    19                           ; 
    20                           ; This software is developed by Microchip Technology Inc. and its subsidiaries ("Microch
      +                          ip").
    21                           ; 
    22                           ; Redistribution and use in source and binary forms, with or without modification, are
    23                           ; permitted provided that the following conditions are met:
    24                           ; 
    25                           ;     1. Redistributions of source code must retain the above copyright notice, this lis
      +                          t of
    26                           ;        conditions and the following disclaimer.
    27                           ; 
    28                           ;     2. Redistributions in binary form must reproduce the above copyright notice, this 
      +                          list
    29                           ;        of conditions and the following disclaimer in the documentation and/or other
    30                           ;        materials provided with the distribution.
    31                           ; 
    32                           ;     3. Microchip's name may not be used to endorse or promote products derived from th
      +                          is
    33                           ;        software without specific prior written permission.
    34                           ; 
    35                           ; THIS SOFTWARE IS PROVIDED BY MICROCHIP "AS IS" AND ANY EXPRESS OR IMPLIED WARRANTIES,
    36                           ; INCLUDING, BUT NOT LIMITED TO, THE IMPLIED WARRANTIES OF MERCHANTABILITY AND FITNESS F
      +                          OR
    37                           ; PURPOSE ARE DISCLAIMED.  IN NO EVENT SHALL MICROCHIP BE LIABLE FOR ANY DIRECT, INDIREC
      +                          T,
    38                           ; INCIDENTAL, SPECIAL, EXEMPLARY, OR CONSEQUENTIAL DAMAGES (INCLUDING BUT NOT LIMITED TO
    39                           ; PROCUREMENT OF SUBSTITUTE GOODS OR SERVICES; LOSS OF USE, DATA OR PROFITS; OR BUSINESS
    40                           ; INTERRUPTION) HOWSOEVER CAUSED AND ON ANY THEORY OF LIABILITY, WHETHER IN CONTRACT, ST
      +                          RICT
    41                           ; LIABILITY, OR TORT (INCLUDING NEGLIGENCE OR OTHERWISE) ARISING IN ANY WAY OUT OF THE U
      +                          SE OF
    42                           ; THIS SOFTWARE, EVEN IF ADVISED OF THE POSSIBILITY OF SUCH DAMAGE.
    43                           ; 
    44                           ; 
    45                           ; Code-generator required, PIC18F4550 Definitions
    46                           ; 
    47                           ; SFR Addresses
    48  0000                     _TMR1	set	4046
    49  0000                     _T1CON	set	4045
    50  0000                     _T3CON	set	4017
    51  0000                     _CCP2CON	set	4026
    52  0000                     _CCP1CON	set	4029
    53  0000                     _TRISB	set	3987
    54  0000                     _TRISD	set	3989
    55  0000                     _CCPR1L	set	4030
    56  0000                     _PORTB	set	3969
    57  0000                     _CCPR1H	set	4031
    58  0000                     _PORTD	set	3971
    59  0000                     _TMR3ON	set	32136
    60  0000                     _TMR1ON	set	32360
    61  0000                     _CCP1IE	set	31978
    62  0000                     _PEIE	set	32662
    63  0000                     _GIE	set	32663
    64  0000                     _TRISC2	set	31906
    65  0000                     _TRISC1	set	31905
    66  0000                     _CCP1IF	set	31986
    67                           
    68                           ; #config settings
    69  0000                     
    70                           	psect	cinit
    71  000060                     __pcinit:
    72                           	opt callstack 0
    73  000060                     start_initialization:
    74                           	opt callstack 0
    75  000060                     __initialization:
    76                           	opt callstack 0
    77  000060                     end_of_initialization:
    78                           	opt callstack 0
    79  000060                     __end_of__initialization:
    80                           	opt callstack 0
    81  000060  9001               	bcf	int$flags,0,c	;clear compiler interrupt flag (level 1)
    82  000062  9201               	bcf	int$flags,1,c	;clear compiler interrupt flag (level 2)
    83  000064  0100               	movlb	0
    84  000066  EF09  F000         	goto	_main	;jump to C main() function
    85                           
    86                           	psect	cstackCOMRAM
    87  000000                     __pcstackCOMRAM:
    88                           	opt callstack 0
    89  000000                     
    90                           ; 1 bytes @ 0x0
    91 ;;
    92 ;;Main: autosize = 0, tempsize = 0, incstack = 0, save=0
    93 ;;
    94 ;; *************** function _main *****************
    95 ;; Defined at:
    96 ;;		line 91 in file "capture.c"
    97 ;; Parameters:    Size  Location     Type
    98 ;;		None
    99 ;; Auto vars:     Size  Location     Type
   100 ;;		None
   101 ;; Return value:  Size  Location     Type
   102 ;;                  1    wreg      void 
   103 ;; Registers used:
   104 ;;		wreg, status,2
   105 ;; Tracked objects:
   106 ;;		On entry : 0/0
   107 ;;		On exit  : 0/0
   108 ;;		Unchanged: 0/0
   109 ;; Data sizes:     COMRAM   BANK0   BANK1   BANK2   BANK3   BANK4   BANK5   BANK6   BANK7
   110 ;;      Params:         0       0       0       0       0       0       0       0       0
   111 ;;      Locals:         0       0       0       0       0       0       0       0       0
   112 ;;      Temps:          0       0       0       0       0       0       0       0       0
   113 ;;      Totals:         0       0       0       0       0       0       0       0       0
   114 ;;Total ram usage:        0 bytes
   115 ;; Hardware stack levels required when called:    1
   116 ;; This function calls:
   117 ;;		Nothing
   118 ;; This function is called by:
   119 ;;		Startup code after reset
   120 ;; This function uses a non-reentrant model
   121 ;;
   122                           
   123                           	psect	text0
   124  000012                     __ptext0:
   125                           	opt callstack 0
   126  000012                     _main:
   127                           	opt callstack 30
   128  000012                     
   129                           ;capture.c: 92:     TRISC1=0;
   130  000012  9294               	bcf	3988,1,c	;volatile
   131                           
   132                           ;capture.c: 93:     TRISC2=1;
   133  000014  8494               	bsf	3988,2,c	;volatile
   134  000016                     
   135                           ;capture.c: 94:     TRISD=0;
   136  000016  0E00               	movlw	0
   137  000018  6E95               	movwf	149,c	;volatile
   138                           
   139                           ;capture.c: 95:     TRISB=0;
   140  00001A  0E00               	movlw	0
   141  00001C  6E93               	movwf	147,c	;volatile
   142                           
   143                           ;capture.c: 96:     PORTB=0;
   144  00001E  0E00               	movlw	0
   145  000020  6E81               	movwf	129,c	;volatile
   146                           
   147                           ;capture.c: 97:     PORTD=0;
   148  000022  0E00               	movlw	0
   149  000024  6E83               	movwf	131,c	;volatile
   150                           
   151                           ;capture.c: 98:     CCP1CON = 0B00000100;
   152  000026  0E04               	movlw	4
   153  000028  6EBD               	movwf	189,c	;volatile
   154                           
   155                           ;capture.c: 99:     CCP2CON = 0B00000010;
   156  00002A  0E02               	movlw	2
   157  00002C  6EBA               	movwf	186,c	;volatile
   158                           
   159                           ;capture.c: 100:     T3CON=0B10011000;
   160  00002E  0E98               	movlw	152
   161  000030  6EB1               	movwf	177,c	;volatile
   162                           
   163                           ;capture.c: 101:     T1CON=0B10000000;
   164  000032  0E80               	movlw	128
   165  000034  6ECD               	movwf	205,c	;volatile
   166  000036                     
   167                           ;capture.c: 102:     GIE = 1;
   168  000036  8EF2               	bsf	4082,7,c	;volatile
   169  000038                     
   170                           ;capture.c: 103:     PEIE=1;
   171  000038  8CF2               	bsf	4082,6,c	;volatile
   172  00003A                     
   173                           ;capture.c: 104:     CCP1IE=1;
   174  00003A  849D               	bsf	3997,2,c	;volatile
   175  00003C                     
   176                           ;capture.c: 105:     TMR1ON=1;
   177  00003C  80CD               	bsf	4045,0,c	;volatile
   178  00003E                     
   179                           ;capture.c: 106:     TMR3ON=1;
   180  00003E  80B1               	bsf	4017,0,c	;volatile
   181  000040                     l48:
   182  000040  EF20  F000         	goto	l48
   183  000044  EF07  F000         	goto	start
   184  000048                     __end_of_main:
   185                           	opt callstack 0
   186                           
   187 ;; *************** function _ISR *****************
   188 ;; Defined at:
   189 ;;		line 83 in file "capture.c"
   190 ;; Parameters:    Size  Location     Type
   191 ;;		None
   192 ;; Auto vars:     Size  Location     Type
   193 ;;		None
   194 ;; Return value:  Size  Location     Type
   195 ;;                  1    wreg      void 
   196 ;; Registers used:
   197 ;;		wreg, status,2
   198 ;; Tracked objects:
   199 ;;		On entry : 0/0
   200 ;;		On exit  : 0/0
   201 ;;		Unchanged: 0/0
   202 ;; Data sizes:     COMRAM   BANK0   BANK1   BANK2   BANK3   BANK4   BANK5   BANK6   BANK7
   203 ;;      Params:         0       0       0       0       0       0       0       0       0
   204 ;;      Locals:         0       0       0       0       0       0       0       0       0
   205 ;;      Temps:          0       0       0       0       0       0       0       0       0
   206 ;;      Totals:         0       0       0       0       0       0       0       0       0
   207 ;;Total ram usage:        0 bytes
   208 ;; Hardware stack levels used:    1
   209 ;; This function calls:
   210 ;;		Nothing
   211 ;; This function is called by:
   212 ;;		Interrupt level 2
   213 ;; This function uses a non-reentrant model
   214 ;;
   215                           
   216                           	psect	intcode
   217  000008                     __pintcode:
   218                           	opt callstack 0
   219  000008                     _ISR:
   220                           	opt callstack 30
   221                           
   222                           ;incstack = 0
   223  000008  8201               	bsf	int$flags,1,c	;set compiler interrupt flag (level 2)
   224  00000A  ED24  F000         	call	int_func,f	;refresh shadow registers
   225                           
   226                           	psect	intcode_body
   227  000048                     __pintcode_body:
   228                           	opt callstack 30
   229  000048                     int_func:
   230                           	opt callstack 30
   231  000048  0006               	pop		; remove dummy address from shadow register refresh
   232  00004A                     
   233                           ;capture.c: 85:     TMR1=0;
   234  00004A  0E00               	movlw	0
   235  00004C  6ECF               	movwf	207,c	;volatile
   236  00004E  0E00               	movlw	0
   237  000050  6ECE               	movwf	206,c	;volatile
   238  000052                     
   239                           ;capture.c: 86:     PORTD = CCPR1H;
   240  000052  CFBF FF83          	movff	4031,3971	;volatile
   241  000056                     
   242                           ;capture.c: 87:     PORTB = CCPR1L;
   243  000056  CFBE FF81          	movff	4030,3969	;volatile
   244  00005A                     
   245                           ;capture.c: 88:     CCP1IF=0;
   246  00005A  949E               	bcf	3998,2,c	;volatile
   247  00005C  9201               	bcf	int$flags,1,c	;clear compiler interrupt flag (level 2)
   248  00005E  0011               	retfie		f
   249  000060                     __end_of_ISR:
   250                           	opt callstack 0
   251  0000                     
   252                           	psect	rparam
   253  0000                     
   254                           	psect	temp
   255  000001                     btemp:
   256                           	opt callstack 0
   257  000001                     	ds	1
   258  0000                     int$flags	set	btemp
   259  0000                     wtemp8	set	btemp+1
   260  0000                     ttemp5	set	btemp+1
   261  0000                     ttemp6	set	btemp+4
   262  0000                     ttemp7	set	btemp+8
   263                           tosu	equ	0xFFF
   264                           tosh	equ	0xFFE
   265                           tosl	equ	0xFFD
   266                           stkptr	equ	0xFFC
   267                           pclatu	equ	0xFFB
   268                           pclath	equ	0xFFA
   269                           pcl	equ	0xFF9
   270                           tblptru	equ	0xFF8
   271                           tblptrh	equ	0xFF7
   272                           tblptrl	equ	0xFF6
   273                           tablat	equ	0xFF5
   274                           prodh	equ	0xFF4
   275                           prodl	equ	0xFF3
   276                           indf0	equ	0xFEF
   277                           postinc0	equ	0xFEE
   278                           postdec0	equ	0xFED
   279                           preinc0	equ	0xFEC
   280                           plusw0	equ	0xFEB
   281                           fsr0h	equ	0xFEA
   282                           fsr0l	equ	0xFE9
   283                           wreg	equ	0xFE8
   284                           indf1	equ	0xFE7
   285                           postinc1	equ	0xFE6
   286                           postdec1	equ	0xFE5
   287                           preinc1	equ	0xFE4
   288                           plusw1	equ	0xFE3
   289                           fsr1h	equ	0xFE2
   290                           fsr1l	equ	0xFE1
   291                           bsr	equ	0xFE0
   292                           indf2	equ	0xFDF
   293                           postinc2	equ	0xFDE
   294                           postdec2	equ	0xFDD
   295                           preinc2	equ	0xFDC
   296                           plusw2	equ	0xFDB
   297                           fsr2h	equ	0xFDA
   298                           fsr2l	equ	0xFD9
   299                           status	equ	0xFD8


Data Sizes:
    Strings     0
    Constant    0
    Data        0
    BSS         0
    Persistent  0
    Stack       0

Auto Spaces:
    Space          Size  Autos    Used
    COMRAM           94      0       0
    BANK0           160      0       0
    BANK1           256      0       0
    BANK2           256      0       0
    BANK3           256      0       0
    BANK4           256      0       0
    BANK5           256      0       0
    BANK6           256      0       0
    BANK7           256      0       0

Pointer List with Targets:

    None.

Critical Paths under _main in COMRAM

    None.

Critical Paths under _ISR in COMRAM

    None.

Critical Paths under _main in BANK0

    None.

Critical Paths under _ISR in BANK0

    None.

Critical Paths under _main in BANK1

    None.

Critical Paths under _ISR in BANK1

    None.

Critical Paths under _main in BANK2

    None.

Critical Paths under _ISR in BANK2

    None.

Critical Paths under _main in BANK3

    None.

Critical Paths under _ISR in BANK3

    None.

Critical Paths under _main in BANK4

    None.

Critical Paths under _ISR in BANK4

    None.

Critical Paths under _main in BANK5

    None.

Critical Paths under _ISR in BANK5

    None.

Critical Paths under _main in BANK6

    None.

Critical Paths under _ISR in BANK6

    None.

Critical Paths under _main in BANK7

    None.

Critical Paths under _ISR in BANK7

    None.

Call Graph Tables:

 ---------------------------------------------------------------------------------
 (Depth) Function   	        Calls       Base Space   Used Autos Params    Refs
 ---------------------------------------------------------------------------------
 (0) _main                                                 0     0      0       0
 ---------------------------------------------------------------------------------
 Estimated maximum stack depth 0
 ---------------------------------------------------------------------------------
 (Depth) Function   	        Calls       Base Space   Used Autos Params    Refs
 ---------------------------------------------------------------------------------
 (1) _ISR                                                  0     0      0       0
 ---------------------------------------------------------------------------------
 Estimated maximum stack depth 1
 ---------------------------------------------------------------------------------

 Call Graph Graphs:

 _main (ROOT)

 _ISR (ROOT)

 Address spaces:
Name               Size   Autos  Total    Cost      Usage
BITCOMRAM           5E      0       0       0        0.0%
EEDATA             100      0       0       0        0.0%
NULL                 0      0       0       0        0.0%
CODE                 0      0       0       0        0.0%
COMRAM              5E      0       0       1        0.0%
STACK                0      0       0       2        0.0%
DATA                 0      0       0       3        0.0%
BITBANK0            A0      0       0       4        0.0%
BANK0               A0      0       0       5        0.0%
BITBANK1           100      0       0       6        0.0%
BANK1              100      0       0       7        0.0%
BITBANK2           100      0       0       8        0.0%
BANK2              100      0       0       9        0.0%
BITBANK3           100      0       0      10        0.0%
BANK3              100      0       0      11        0.0%
BITBANK4           100      0       0      12        0.0%
BANK4              100      0       0      13        0.0%
BITBANK5           100      0       0      14        0.0%
BANK5              100      0       0      15        0.0%
BITBANK6           100      0       0      16        0.0%
BANK6              100      0       0      17        0.0%
BITBANK7           100      0       0      18        0.0%
BANK7              100      0       0      19        0.0%
ABS                  0      0       0      20        0.0%
BIGRAM             7FF      0       0      21        0.0%
BITSFR               0      0       0     200        0.0%
SFR                  0      0       0     200        0.0%


Microchip Technology PIC18 Macro Assembler V2.10 build 88905656 
Symbol Table                                                                                   Sun Jun 14 10:00:22 2020

                     l48 0040                       l49 0040              __CFG_BORV$3 000000  
           __CFG_CP0$OFF 000000             __CFG_CP1$OFF 000000             __CFG_CP2$OFF 000000  
           __CFG_CP3$OFF 000000              __CFG_LVP$ON 000000                      l741 0038  
                    l743 003A                      l735 0012                      l745 003C  
                    l737 0016                      l747 003E                      l739 0036  
                    _GIE 007F97             __CFG_CPB$OFF 000000             __CFG_CPD$OFF 000000  
                    _ISR 0008             __CFG_BOR$OFF 000000             __CFG_FOSC$HS 000000  
                   ?_ISR 0000             __CFG_WDT$OFF 000000                     _PEIE 007F96  
                   i2l43 005C                     _TMR1 000FCE                     _main 0012  
                   btemp 0001                     start 000E            __CFG_IESO$OFF 000000  
          __CFG_MCLRE$ON 000000             ___param_bank 000000                    ??_ISR 0000  
          __CFG_PLLDIV$1 000000           __CFG_CCP2MX$ON 000000                    ?_main 0000  
                  _T1CON 000FCD                    _T3CON 000FB1                    i2l731 0056  
                  i2l733 005A                    i2l727 004A                    i2l729 0052  
                  _PORTB 000F81                    _PORTD 000F83            __CFG_USBDIV$1 000000  
                  _TRISB 000F93                    _TRISD 000F95            __CFG_PWRT$OFF 000000  
          __CFG_WRT0$OFF 000000            __CFG_WRT1$OFF 000000            __CFG_WRT2$OFF 000000  
          __CFG_WRT3$OFF 000000           __CFG_EBTR0$OFF 000000           __CFG_FCMEN$OFF 000000  
         __CFG_EBTR1$OFF 000000           __CFG_EBTR2$OFF 000000           __CFG_EBTR3$OFF 000000  
          __CFG_WRTB$OFF 000000            __CFG_WRTC$OFF 000000            __CFG_WRTD$OFF 000000  
         __CFG_EBTRB$OFF 000000                    ttemp5 0002                    ttemp6 0005  
                  ttemp7 0009                    wtemp8 0002           __CFG_ICPRT$OFF 000000  
         __CFG_PBADEN$ON 000000          __initialization 0060             __end_of_main 0048  
                 ??_main 0000            __activetblptr 000000                   _CCP1IE 007CEA  
                 _CCP1IF 007CF2                   _CCPR1H 000FBF                   _CCPR1L 000FBE  
                 _TMR1ON 007E68                   _TMR3ON 007D88                   _TRISC1 007CA1  
                 _TRISC2 007CA2           __CFG_XINST$OFF 000000           __CFG_STVREN$ON 000000  
             __accesstop 0060  __end_of__initialization 0060            ___rparam_used 000001  
         __pcstackCOMRAM 0000                  _CCP1CON 000FBD                  _CCP2CON 000FBA  
        __CFG_VREGEN$OFF 000000                  __Hparam 0000                  __Lparam 0000  
                __pcinit 0060                  __ramtop 0800                  __ptext0 0012  
           __size_of_ISR 0058           __pintcode_body 0048     end_of_initialization 0060  
                int_func 0048      start_initialization 0060              __end_of_ISR 0060  
       __CFG_LPT1OSC$OFF 000000                __pintcode 0008         __CFG_WDTPS$32768 000000  
               __Hrparam 0000                 __Lrparam 0000            __size_of_main 0036  
               int$flags 0001    __CFG_CPUDIV$OSC1_PLL2 000000                 intlevel2 0000  
