

Microchip MPLAB XC8 Assembler V2.10 build 88905656 
                                                                                               Sat Jun 27 22:15:48 2020

Microchip MPLAB XC8 C Compiler v2.10 (Free license) build 20190730164152 Og1 
     1                           	processor	18F4550
     2                           	fnconf	rparam,??,?,0
     3                           	opt	pw 120
     4                           	opt	flic
     5                           	psect	cinit,global,reloc=2,class=CODE,delta=1
     6                           	psect	cstackCOMRAM,global,class=COMRAM,space=1,delta=1,noexec
     7                           	psect	text0,global,reloc=2,class=CODE,delta=1
     8                           	psect	text1,global,reloc=2,class=CODE,delta=1
     9                           	psect	text2,global,reloc=2,class=CODE,delta=1
    10                           	psect	text3,global,reloc=2,class=CODE,delta=1
    11                           	psect	text4,global,reloc=2,class=CODE,delta=1
    12                           	psect	intsave_regs,global,class=BIGRAM,space=1,delta=1,noexec
    13                           	psect	rparam,global,class=COMRAM,space=1,delta=1,noexec
    14  0000                     
    15                           ; Version 2.10
    16                           ; Generated 31/07/2019 GMT
    17                           ; 
    18                           ; Copyright © 2019, Microchip Technology Inc. and its subsidiaries ("Microchip")
    19                           ; All rights reserved.
    20                           ; 
    21                           ; This software is developed by Microchip Technology Inc. and its subsidiaries ("Microch
      +                          ip").
    22                           ; 
    23                           ; Redistribution and use in source and binary forms, with or without modification, are
    24                           ; permitted provided that the following conditions are met:
    25                           ; 
    26                           ;     1. Redistributions of source code must retain the above copyright notice, this lis
      +                          t of
    27                           ;        conditions and the following disclaimer.
    28                           ; 
    29                           ;     2. Redistributions in binary form must reproduce the above copyright notice, this 
      +                          list
    30                           ;        of conditions and the following disclaimer in the documentation and/or other
    31                           ;        materials provided with the distribution.
    32                           ; 
    33                           ;     3. Microchip's name may not be used to endorse or promote products derived from th
      +                          is
    34                           ;        software without specific prior written permission.
    35                           ; 
    36                           ; THIS SOFTWARE IS PROVIDED BY MICROCHIP "AS IS" AND ANY EXPRESS OR IMPLIED WARRANTIES,
    37                           ; INCLUDING, BUT NOT LIMITED TO, THE IMPLIED WARRANTIES OF MERCHANTABILITY AND FITNESS F
      +                          OR
    38                           ; PURPOSE ARE DISCLAIMED.  IN NO EVENT SHALL MICROCHIP BE LIABLE FOR ANY DIRECT, INDIREC
      +                          T,
    39                           ; INCIDENTAL, SPECIAL, EXEMPLARY, OR CONSEQUENTIAL DAMAGES (INCLUDING BUT NOT LIMITED TO
    40                           ; PROCUREMENT OF SUBSTITUTE GOODS OR SERVICES; LOSS OF USE, DATA OR PROFITS; OR BUSINESS
    41                           ; INTERRUPTION) HOWSOEVER CAUSED AND ON ANY THEORY OF LIABILITY, WHETHER IN CONTRACT, ST
      +                          RICT
    42                           ; LIABILITY, OR TORT (INCLUDING NEGLIGENCE OR OTHERWISE) ARISING IN ANY WAY OUT OF THE U
      +                          SE OF
    43                           ; THIS SOFTWARE, EVEN IF ADVISED OF THE POSSIBILITY OF SUCH DAMAGE.
    44                           ; 
    45                           ; 
    46                           ; Code-generator required, PIC18F4550 Definitions
    47                           ; 
    48                           ; SFR Addresses
    49  0000                     _TMR2	set	4044
    50  0000                     _TMR3L	set	4018
    51  0000                     _TMR3H	set	4019
    52  0000                     _TMR1L	set	4046
    53  0000                     _TMR1H	set	4047
    54  0000                     _TMR0L	set	4054
    55  0000                     _TMR0H	set	4055
    56  0000                     _T3CON	set	4017
    57  0000                     _T2CON	set	4042
    58  0000                     _T1CON	set	4045
    59  0000                     _T0CON	set	4053
    60  0000                     _PORTDbits	set	3971
    61  0000                     _GIE	set	32663
    62  0000                     _PEIE	set	32662
    63  0000                     _TMR3IF	set	32009
    64  0000                     _TMR2IF	set	31985
    65  0000                     _TMR1IF	set	31984
    66  0000                     _TMR0IF	set	32658
    67  0000                     _TMR3ON	set	32136
    68  0000                     _TMR2ON	set	32338
    69  0000                     _TMR1ON	set	32360
    70  0000                     _TMR0ON	set	32431
    71  0000                     _TMR3IE	set	32001
    72  0000                     _TMR2IE	set	31977
    73  0000                     _TMR1IE	set	31976
    74  0000                     _TMR0IE	set	32661
    75  0000                     _TRISD3	set	31915
    76  0000                     _TRISD2	set	31914
    77  0000                     _TRISD1	set	31913
    78  0000                     _TRISD0	set	31912
    79                           
    80                           ; #config settings
    81  0000                     
    82                           	psect	cinit
    83  007E82                     __pcinit:
    84                           	opt callstack 0
    85  007E82                     start_initialization:
    86                           	opt callstack 0
    87  007E82                     __initialization:
    88                           	opt callstack 0
    89  007E82                     end_of_initialization:
    90                           	opt callstack 0
    91  007E82                     __end_of__initialization:
    92                           	opt callstack 0
    93  007E82  0100               	movlb	0
    94  007E84  EF7A  F03F         	goto	_main	;jump to C main() function
    95                           
    96                           	psect	cstackCOMRAM
    97  000001                     __pcstackCOMRAM:
    98                           	opt callstack 0
    99  000001                     freq0@high:
   100                           	opt callstack 0
   101  000001                     freq1@high:
   102                           	opt callstack 0
   103  000001                     freq2@high:
   104                           	opt callstack 0
   105  000001                     freq3@low:
   106                           	opt callstack 0
   107                           
   108                           ; 2 bytes @ 0x0
   109  000001                     	ds	2
   110  000003                     freq0@low:
   111                           	opt callstack 0
   112  000003                     freq1@low:
   113                           	opt callstack 0
   114  000003                     freq2@low:
   115                           	opt callstack 0
   116                           
   117                           ; 2 bytes @ 0x2
   118  000003                     	ds	2
   119  000005                     
   120                           ; 1 bytes @ 0x4
   121 ;;
   122 ;;Main: autosize = 0, tempsize = 0, incstack = 0, save=0
   123 ;;
   124 ;; *************** function _main *****************
   125 ;; Defined at:
   126 ;;		line 83 in file "pwm.c"
   127 ;; Parameters:    Size  Location     Type
   128 ;;		None
   129 ;; Auto vars:     Size  Location     Type
   130 ;;		None
   131 ;; Return value:  Size  Location     Type
   132 ;;                  1    wreg      void 
   133 ;; Registers used:
   134 ;;		wreg, status,2, cstack
   135 ;; Tracked objects:
   136 ;;		On entry : 0/0
   137 ;;		On exit  : 0/0
   138 ;;		Unchanged: 0/0
   139 ;; Data sizes:     COMRAM   BANK0   BANK1   BANK2   BANK3   BANK4   BANK5   BANK6   BANK7
   140 ;;      Params:         0       0       0       0       0       0       0       0       0
   141 ;;      Locals:         0       0       0       0       0       0       0       0       0
   142 ;;      Temps:          0       0       0       0       0       0       0       0       0
   143 ;;      Totals:         0       0       0       0       0       0       0       0       0
   144 ;;Total ram usage:        0 bytes
   145 ;; Hardware stack levels required when called:    1
   146 ;; This function calls:
   147 ;;		_freq0
   148 ;;		_freq1
   149 ;;		_freq2
   150 ;;		_freq3
   151 ;; This function is called by:
   152 ;;		Startup code after reset
   153 ;; This function uses a non-reentrant model
   154 ;;
   155                           
   156                           	psect	text0
   157  007EF4                     __ptext0:
   158                           	opt callstack 0
   159  007EF4                     _main:
   160                           	opt callstack 30
   161  007EF4                     
   162                           ;pwm.c: 86:     TRISD0=0;
   163  007EF4  9095               	bcf	3989,0,c	;volatile
   164                           
   165                           ;pwm.c: 87:     TRISD1=0;
   166  007EF6  9295               	bcf	3989,1,c	;volatile
   167                           
   168                           ;pwm.c: 88:     TRISD2=0;
   169  007EF8  9495               	bcf	3989,2,c	;volatile
   170                           
   171                           ;pwm.c: 89:     TRISD3=0;
   172  007EFA  9695               	bcf	3989,3,c	;volatile
   173                           
   174                           ;pwm.c: 91:     PORTDbits.RD0=0;
   175  007EFC  9083               	bcf	131,0,c	;volatile
   176                           
   177                           ;pwm.c: 92:     PORTDbits.RD1=0;
   178  007EFE  9283               	bcf	131,1,c	;volatile
   179                           
   180                           ;pwm.c: 93:     PORTDbits.RD2=0;
   181  007F00  9483               	bcf	131,2,c	;volatile
   182                           
   183                           ;pwm.c: 94:     PORTDbits.RD3=0;
   184  007F02  9683               	bcf	131,3,c	;volatile
   185                           
   186                           ;pwm.c: 96:     TMR0IE=1;
   187  007F04  8AF2               	bsf	4082,5,c	;volatile
   188                           
   189                           ;pwm.c: 97:     TMR1IE=1;
   190  007F06  809D               	bsf	3997,0,c	;volatile
   191                           
   192                           ;pwm.c: 98:     TMR2IE=1;
   193  007F08  829D               	bsf	3997,1,c	;volatile
   194                           
   195                           ;pwm.c: 99:     TMR3IE=1;
   196  007F0A  82A0               	bsf	4000,1,c	;volatile
   197  007F0C                     
   198                           ;pwm.c: 101:     T0CON = 0x00;
   199  007F0C  0E00               	movlw	0
   200  007F0E  6ED5               	movwf	213,c	;volatile
   201                           
   202                           ;pwm.c: 102:     T1CON = 0x88;
   203  007F10  0E88               	movlw	136
   204  007F12  6ECD               	movwf	205,c	;volatile
   205                           
   206                           ;pwm.c: 103:     T2CON = 0x00;
   207  007F14  0E00               	movlw	0
   208  007F16  6ECA               	movwf	202,c	;volatile
   209                           
   210                           ;pwm.c: 104:     T3CON = 0x04;
   211  007F18  0E04               	movlw	4
   212  007F1A  6EB1               	movwf	177,c	;volatile
   213  007F1C                     
   214                           ;pwm.c: 106:     TMR0ON=1;
   215  007F1C  8ED5               	bsf	4053,7,c	;volatile
   216  007F1E                     
   217                           ;pwm.c: 107:     TMR1ON=1;
   218  007F1E  80CD               	bsf	4045,0,c	;volatile
   219  007F20                     
   220                           ;pwm.c: 108:     TMR2ON=1;
   221  007F20  84CA               	bsf	4042,2,c	;volatile
   222  007F22                     
   223                           ;pwm.c: 109:     TMR3ON=1;
   224  007F22  80B1               	bsf	4017,0,c	;volatile
   225  007F24                     
   226                           ;pwm.c: 111:     TMR0IF=0;
   227  007F24  94F2               	bcf	4082,2,c	;volatile
   228  007F26                     
   229                           ;pwm.c: 112:     TMR1IF=0;
   230  007F26  909E               	bcf	3998,0,c	;volatile
   231  007F28                     
   232                           ;pwm.c: 113:     TMR2IF=0;
   233  007F28  929E               	bcf	3998,1,c	;volatile
   234  007F2A                     
   235                           ;pwm.c: 114:     TMR3IF=0;
   236  007F2A  92A1               	bcf	4001,1,c	;volatile
   237  007F2C                     
   238                           ;pwm.c: 116:     PEIE=1;
   239  007F2C  8CF2               	bsf	4082,6,c	;volatile
   240  007F2E                     
   241                           ;pwm.c: 117:     GIE=1;
   242  007F2E  8EF2               	bsf	4082,7,c	;volatile
   243  007F30                     l868:
   244                           
   245                           ;pwm.c: 119:     {;pwm.c: 120:         PORTDbits.RD0=0;
   246  007F30  9083               	bcf	131,0,c	;volatile
   247  007F32                     
   248                           ;pwm.c: 121:         if(TMR0IF==1)
   249  007F32  A4F2               	btfss	4082,2,c	;volatile
   250  007F34  EF9E  F03F         	goto	u131
   251  007F38  EFA0  F03F         	goto	u130
   252  007F3C                     u131:
   253  007F3C  EFB4  F03F         	goto	l874
   254  007F40                     u130:
   255  007F40                     
   256                           ;pwm.c: 122:         {;pwm.c: 123:             freq0(0xFD,0x11);
   257  007F40  0E00               	movlw	0
   258  007F42  6E02               	movwf	(freq0@high+1)^0,c
   259  007F44  0EFD               	movlw	253
   260  007F46  6E01               	movwf	freq0@high^0,c
   261  007F48  0E00               	movlw	0
   262  007F4A  6E04               	movwf	(freq0@low+1)^0,c
   263  007F4C  0E11               	movlw	17
   264  007F4E  6E03               	movwf	freq0@low^0,c
   265  007F50  EC50  F03F         	call	_freq0	;wreg free
   266                           
   267                           ;pwm.c: 124:             freq0(0xF9,0x29);
   268  007F54  0E00               	movlw	0
   269  007F56  6E02               	movwf	(freq0@high+1)^0,c
   270  007F58  0EF9               	movlw	249
   271  007F5A  6E01               	movwf	freq0@high^0,c
   272  007F5C  0E00               	movlw	0
   273  007F5E  6E04               	movwf	(freq0@low+1)^0,c
   274  007F60  0E29               	movlw	41
   275  007F62  6E03               	movwf	freq0@low^0,c
   276  007F64  EC50  F03F         	call	_freq0	;wreg free
   277  007F68                     l874:
   278                           
   279                           ;pwm.c: 126:         PORTDbits.RD1=0;
   280  007F68  9283               	bcf	131,1,c	;volatile
   281  007F6A                     
   282                           ;pwm.c: 129:         if(TMR1IF==1)
   283  007F6A  A09E               	btfss	3998,0,c	;volatile
   284  007F6C  EFBA  F03F         	goto	u141
   285  007F70  EFBC  F03F         	goto	u140
   286  007F74                     u141:
   287  007F74  EFCE  F03F         	goto	l880
   288  007F78                     u140:
   289  007F78                     
   290                           ;pwm.c: 130:         {;pwm.c: 131:             freq1(0xFF,0x1E);
   291  007F78  0E00               	movlw	0
   292  007F7A  6E02               	movwf	(freq1@high+1)^0,c
   293  007F7C  6801               	setf	freq1@high^0,c
   294  007F7E  0E00               	movlw	0
   295  007F80  6E04               	movwf	(freq1@low+1)^0,c
   296  007F82  0E1E               	movlw	30
   297  007F84  6E03               	movwf	freq1@low^0,c
   298  007F86  EC5E  F03F         	call	_freq1	;wreg free
   299                           
   300                           ;pwm.c: 132:             freq1(0xFF,0xDF);
   301  007F8A  0E00               	movlw	0
   302  007F8C  6E02               	movwf	(freq1@high+1)^0,c
   303  007F8E  6801               	setf	freq1@high^0,c
   304  007F90  0E00               	movlw	0
   305  007F92  6E04               	movwf	(freq1@low+1)^0,c
   306  007F94  0EDF               	movlw	223
   307  007F96  6E03               	movwf	freq1@low^0,c
   308  007F98  EC5E  F03F         	call	_freq1	;wreg free
   309  007F9C                     l880:
   310                           
   311                           ;pwm.c: 136:         PORTDbits.RD2=0;
   312  007F9C  9483               	bcf	131,2,c	;volatile
   313  007F9E                     
   314                           ;pwm.c: 137:         if(TMR3IF==1)
   315  007F9E  A2A1               	btfss	4001,1,c	;volatile
   316  007FA0  EFD4  F03F         	goto	u151
   317  007FA4  EFD6  F03F         	goto	u150
   318  007FA8                     u151:
   319  007FA8  EFE8  F03F         	goto	l886
   320  007FAC                     u150:
   321  007FAC                     
   322                           ;pwm.c: 138:         {;pwm.c: 139:             freq2(0xFF,0xE1);
   323  007FAC  0E00               	movlw	0
   324  007FAE  6E02               	movwf	(freq2@high+1)^0,c
   325  007FB0  6801               	setf	freq2@high^0,c
   326  007FB2  0E00               	movlw	0
   327  007FB4  6E04               	movwf	(freq2@low+1)^0,c
   328  007FB6  0EE1               	movlw	225
   329  007FB8  6E03               	movwf	freq2@low^0,c
   330  007FBA  EC6C  F03F         	call	_freq2	;wreg free
   331                           
   332                           ;pwm.c: 140:             freq2(0xFF,0xEB);
   333  007FBE  0E00               	movlw	0
   334  007FC0  6E02               	movwf	(freq2@high+1)^0,c
   335  007FC2  6801               	setf	freq2@high^0,c
   336  007FC4  0E00               	movlw	0
   337  007FC6  6E04               	movwf	(freq2@low+1)^0,c
   338  007FC8  0EEB               	movlw	235
   339  007FCA  6E03               	movwf	freq2@low^0,c
   340  007FCC  EC6C  F03F         	call	_freq2	;wreg free
   341  007FD0                     l886:
   342                           
   343                           ;pwm.c: 142:         PORTDbits.RD3=0;
   344  007FD0  9683               	bcf	131,3,c	;volatile
   345  007FD2                     
   346                           ;pwm.c: 143:         if(TMR2IF==1)
   347  007FD2  A29E               	btfss	3998,1,c	;volatile
   348  007FD4  EFEE  F03F         	goto	u161
   349  007FD8  EFF0  F03F         	goto	u160
   350  007FDC                     u161:
   351  007FDC  EF98  F03F         	goto	l868
   352  007FE0                     u160:
   353  007FE0                     
   354                           ;pwm.c: 144:         {;pwm.c: 145:             freq3(251);
   355  007FE0  0E00               	movlw	0
   356  007FE2  6E02               	movwf	(freq3@low+1)^0,c
   357  007FE4  0EFB               	movlw	251
   358  007FE6  6E01               	movwf	freq3@low^0,c
   359  007FE8  EC44  F03F         	call	_freq3	;wreg free
   360                           
   361                           ;pwm.c: 146:             freq3(254);
   362  007FEC  0E00               	movlw	0
   363  007FEE  6E02               	movwf	(freq3@low+1)^0,c
   364  007FF0  0EFE               	movlw	254
   365  007FF2  6E01               	movwf	freq3@low^0,c
   366  007FF4  EC44  F03F         	call	_freq3	;wreg free
   367  007FF8  EF98  F03F         	goto	l868
   368  007FFC  EF00  F000         	goto	start
   369  008000                     __end_of_main:
   370                           	opt callstack 0
   371                           
   372 ;; *************** function _freq3 *****************
   373 ;; Defined at:
   374 ;;		line 204 in file "pwm.c"
   375 ;; Parameters:    Size  Location     Type
   376 ;;  low             2    0[COMRAM] int 
   377 ;; Auto vars:     Size  Location     Type
   378 ;;		None
   379 ;; Return value:  Size  Location     Type
   380 ;;                  1    wreg      void 
   381 ;; Registers used:
   382 ;;		None
   383 ;; Tracked objects:
   384 ;;		On entry : 0/0
   385 ;;		On exit  : 0/0
   386 ;;		Unchanged: 0/0
   387 ;; Data sizes:     COMRAM   BANK0   BANK1   BANK2   BANK3   BANK4   BANK5   BANK6   BANK7
   388 ;;      Params:         2       0       0       0       0       0       0       0       0
   389 ;;      Locals:         0       0       0       0       0       0       0       0       0
   390 ;;      Temps:          0       0       0       0       0       0       0       0       0
   391 ;;      Totals:         2       0       0       0       0       0       0       0       0
   392 ;;Total ram usage:        2 bytes
   393 ;; Hardware stack levels used:    1
   394 ;; This function calls:
   395 ;;		Nothing
   396 ;; This function is called by:
   397 ;;		_main
   398 ;; This function uses a non-reentrant model
   399 ;;
   400                           
   401                           	psect	text1
   402  007E88                     __ptext1:
   403                           	opt callstack 0
   404  007E88                     _freq3:
   405                           	opt callstack 30
   406  007E88  7683               	btg	3971,3,c	;# 
   407                           
   408                           ;pwm.c: 206:     TMR2IF=0;
   409  007E8A  929E               	bcf	3998,1,c	;volatile
   410                           
   411                           ;pwm.c: 207:     TMR2=low;
   412  007E8C  C001  FFCC         	movff	freq3@low,4044	;volatile
   413  007E90                     l101:
   414  007E90  A29E               	btfss	3998,1,c	;volatile
   415  007E92  EF4D  F03F         	goto	u121
   416  007E96  EF4F  F03F         	goto	u120
   417  007E9A                     u121:
   418  007E9A  EF48  F03F         	goto	l101
   419  007E9E                     u120:
   420  007E9E  0012               	return		;funcret
   421  007EA0                     __end_of_freq3:
   422                           	opt callstack 0
   423                           
   424 ;; *************** function _freq2 *****************
   425 ;; Defined at:
   426 ;;		line 188 in file "pwm.c"
   427 ;; Parameters:    Size  Location     Type
   428 ;;  high            2    0[COMRAM] int 
   429 ;;  low             2    2[COMRAM] int 
   430 ;; Auto vars:     Size  Location     Type
   431 ;;		None
   432 ;; Return value:  Size  Location     Type
   433 ;;                  1    wreg      void 
   434 ;; Registers used:
   435 ;;		None
   436 ;; Tracked objects:
   437 ;;		On entry : 0/0
   438 ;;		On exit  : 0/0
   439 ;;		Unchanged: 0/0
   440 ;; Data sizes:     COMRAM   BANK0   BANK1   BANK2   BANK3   BANK4   BANK5   BANK6   BANK7
   441 ;;      Params:         4       0       0       0       0       0       0       0       0
   442 ;;      Locals:         0       0       0       0       0       0       0       0       0
   443 ;;      Temps:          0       0       0       0       0       0       0       0       0
   444 ;;      Totals:         4       0       0       0       0       0       0       0       0
   445 ;;Total ram usage:        4 bytes
   446 ;; Hardware stack levels used:    1
   447 ;; This function calls:
   448 ;;		Nothing
   449 ;; This function is called by:
   450 ;;		_main
   451 ;; This function uses a non-reentrant model
   452 ;;
   453                           
   454                           	psect	text2
   455  007ED8                     __ptext2:
   456                           	opt callstack 0
   457  007ED8                     _freq2:
   458                           	opt callstack 30
   459  007ED8                     
   460                           ;pwm.c: 188: void freq2(int high,int low);pwm.c: 189: {;pwm.c: 190:     TMR3IF=0;
   461  007ED8  92A1               	bcf	4001,1,c	;volatile
   462                           
   463                           ;pwm.c: 191:     TMR3H=high;
   464  007EDA  C001  FFB3         	movff	freq2@high,4019	;volatile
   465                           
   466                           ;pwm.c: 192:     TMR3L=low;
   467  007EDE  C003  FFB2         	movff	freq2@low,4018	;volatile
   468  007EE2  7483               	btg	3971,2,c	;# 
   469  007EE4                     l95:
   470  007EE4  A2A1               	btfss	4001,1,c	;volatile
   471  007EE6  EF77  F03F         	goto	u111
   472  007EEA  EF79  F03F         	goto	u110
   473  007EEE                     u111:
   474  007EEE  EF72  F03F         	goto	l95
   475  007EF2                     u110:
   476  007EF2  0012               	return		;funcret
   477  007EF4                     __end_of_freq2:
   478                           	opt callstack 0
   479                           
   480 ;; *************** function _freq1 *****************
   481 ;; Defined at:
   482 ;;		line 172 in file "pwm.c"
   483 ;; Parameters:    Size  Location     Type
   484 ;;  high            2    0[COMRAM] int 
   485 ;;  low             2    2[COMRAM] int 
   486 ;; Auto vars:     Size  Location     Type
   487 ;;		None
   488 ;; Return value:  Size  Location     Type
   489 ;;                  1    wreg      void 
   490 ;; Registers used:
   491 ;;		None
   492 ;; Tracked objects:
   493 ;;		On entry : 0/0
   494 ;;		On exit  : 0/0
   495 ;;		Unchanged: 0/0
   496 ;; Data sizes:     COMRAM   BANK0   BANK1   BANK2   BANK3   BANK4   BANK5   BANK6   BANK7
   497 ;;      Params:         4       0       0       0       0       0       0       0       0
   498 ;;      Locals:         0       0       0       0       0       0       0       0       0
   499 ;;      Temps:          0       0       0       0       0       0       0       0       0
   500 ;;      Totals:         4       0       0       0       0       0       0       0       0
   501 ;;Total ram usage:        4 bytes
   502 ;; Hardware stack levels used:    1
   503 ;; This function calls:
   504 ;;		Nothing
   505 ;; This function is called by:
   506 ;;		_main
   507 ;; This function uses a non-reentrant model
   508 ;;
   509                           
   510                           	psect	text3
   511  007EBC                     __ptext3:
   512                           	opt callstack 0
   513  007EBC                     _freq1:
   514                           	opt callstack 30
   515  007EBC                     
   516                           ;pwm.c: 172: void freq1(int high,int low);pwm.c: 173: {;pwm.c: 174:     TMR1IF=0;
   517  007EBC  909E               	bcf	3998,0,c	;volatile
   518  007EBE  7283               	btg	3971,1,c	;# 
   519                           
   520                           ;pwm.c: 176:     TMR1H=high;
   521  007EC0  C001  FFCF         	movff	freq1@high,4047	;volatile
   522                           
   523                           ;pwm.c: 177:     TMR1L=low;
   524  007EC4  C003  FFCE         	movff	freq1@low,4046	;volatile
   525  007EC8                     l89:
   526  007EC8  A09E               	btfss	3998,0,c	;volatile
   527  007ECA  EF69  F03F         	goto	u101
   528  007ECE  EF6B  F03F         	goto	u100
   529  007ED2                     u101:
   530  007ED2  EF64  F03F         	goto	l89
   531  007ED6                     u100:
   532  007ED6  0012               	return		;funcret
   533  007ED8                     __end_of_freq1:
   534                           	opt callstack 0
   535                           
   536 ;; *************** function _freq0 *****************
   537 ;; Defined at:
   538 ;;		line 156 in file "pwm.c"
   539 ;; Parameters:    Size  Location     Type
   540 ;;  high            2    0[COMRAM] int 
   541 ;;  low             2    2[COMRAM] int 
   542 ;; Auto vars:     Size  Location     Type
   543 ;;		None
   544 ;; Return value:  Size  Location     Type
   545 ;;                  1    wreg      void 
   546 ;; Registers used:
   547 ;;		None
   548 ;; Tracked objects:
   549 ;;		On entry : 0/0
   550 ;;		On exit  : 0/0
   551 ;;		Unchanged: 0/0
   552 ;; Data sizes:     COMRAM   BANK0   BANK1   BANK2   BANK3   BANK4   BANK5   BANK6   BANK7
   553 ;;      Params:         4       0       0       0       0       0       0       0       0
   554 ;;      Locals:         0       0       0       0       0       0       0       0       0
   555 ;;      Temps:          0       0       0       0       0       0       0       0       0
   556 ;;      Totals:         4       0       0       0       0       0       0       0       0
   557 ;;Total ram usage:        4 bytes
   558 ;; Hardware stack levels used:    1
   559 ;; This function calls:
   560 ;;		Nothing
   561 ;; This function is called by:
   562 ;;		_main
   563 ;; This function uses a non-reentrant model
   564 ;;
   565                           
   566                           	psect	text4
   567  007EA0                     __ptext4:
   568                           	opt callstack 0
   569  007EA0                     _freq0:
   570                           	opt callstack 30
   571  007EA0  7083               	btg	3971,0,c	;# 
   572                           
   573                           ;pwm.c: 159:     TMR0H=high;
   574  007EA2  C001  FFD7         	movff	freq0@high,4055	;volatile
   575                           
   576                           ;pwm.c: 160:     TMR0L=low;
   577  007EA6  C003  FFD6         	movff	freq0@low,4054	;volatile
   578                           
   579                           ;pwm.c: 161:     TMR0IF=0;
   580  007EAA  94F2               	bcf	4082,2,c	;volatile
   581  007EAC                     l83:
   582  007EAC  A4F2               	btfss	4082,2,c	;volatile
   583  007EAE  EF5B  F03F         	goto	u91
   584  007EB2  EF5D  F03F         	goto	u90
   585  007EB6                     u91:
   586  007EB6  EF56  F03F         	goto	l83
   587  007EBA                     u90:
   588  007EBA  0012               	return		;funcret
   589  007EBC                     __end_of_freq0:
   590                           	opt callstack 0
   591  0000                     
   592                           	psect	rparam
   593  0000                     tosu	equ	0xFFF
   594                           tosh	equ	0xFFE
   595                           tosl	equ	0xFFD
   596                           stkptr	equ	0xFFC
   597                           pclatu	equ	0xFFB
   598                           pclath	equ	0xFFA
   599                           pcl	equ	0xFF9
   600                           tblptru	equ	0xFF8
   601                           tblptrh	equ	0xFF7
   602                           tblptrl	equ	0xFF6
   603                           tablat	equ	0xFF5
   604                           prodh	equ	0xFF4
   605                           prodl	equ	0xFF3
   606                           indf0	equ	0xFEF
   607                           postinc0	equ	0xFEE
   608                           postdec0	equ	0xFED
   609                           preinc0	equ	0xFEC
   610                           plusw0	equ	0xFEB
   611                           fsr0h	equ	0xFEA
   612                           fsr0l	equ	0xFE9
   613                           wreg	equ	0xFE8
   614                           indf1	equ	0xFE7
   615                           postinc1	equ	0xFE6
   616                           postdec1	equ	0xFE5
   617                           preinc1	equ	0xFE4
   618                           plusw1	equ	0xFE3
   619                           fsr1h	equ	0xFE2
   620                           fsr1l	equ	0xFE1
   621                           bsr	equ	0xFE0
   622                           indf2	equ	0xFDF
   623                           postinc2	equ	0xFDE
   624                           postdec2	equ	0xFDD
   625                           preinc2	equ	0xFDC
   626                           plusw2	equ	0xFDB
   627                           fsr2h	equ	0xFDA
   628                           fsr2l	equ	0xFD9
   629                           status	equ	0xFD8


Data Sizes:
    Strings     0
    Constant    0
    Data        0
    BSS         0
    Persistent  0
    Stack       0

Auto Spaces:
    Space          Size  Autos    Used
    COMRAM           95      4       4
    BANK0           160      0       0
    BANK1           256      0       0
    BANK2           256      0       0
    BANK3           256      0       0
    BANK4           256      0       0
    BANK5           256      0       0
    BANK6           256      0       0
    BANK7           256      0       0

Pointer List with Targets:

    None.

Critical Paths under _main in COMRAM

    _main->_freq0
    _main->_freq1
    _main->_freq2

Critical Paths under _main in BANK0

    None.

Critical Paths under _main in BANK1

    None.

Critical Paths under _main in BANK2

    None.

Critical Paths under _main in BANK3

    None.

Critical Paths under _main in BANK4

    None.

Critical Paths under _main in BANK5

    None.

Critical Paths under _main in BANK6

    None.

Critical Paths under _main in BANK7

    None.

Call Graph Tables:

 ---------------------------------------------------------------------------------
 (Depth) Function   	        Calls       Base Space   Used Autos Params    Refs
 ---------------------------------------------------------------------------------
 (0) _main                                                 0     0      0    1218
                              _freq0
                              _freq1
                              _freq2
                              _freq3
 ---------------------------------------------------------------------------------
 (1) _freq3                                                2     0      2     174
                                              0 COMRAM     2     0      2
 ---------------------------------------------------------------------------------
 (1) _freq2                                                4     0      4     348
                                              0 COMRAM     4     0      4
 ---------------------------------------------------------------------------------
 (1) _freq1                                                4     0      4     348
                                              0 COMRAM     4     0      4
 ---------------------------------------------------------------------------------
 (1) _freq0                                                4     0      4     348
                                              0 COMRAM     4     0      4
 ---------------------------------------------------------------------------------
 Estimated maximum stack depth 1
 ---------------------------------------------------------------------------------

 Call Graph Graphs:

 _main (ROOT)
   _freq0
   _freq1
   _freq2
   _freq3

 Address spaces:
Name               Size   Autos  Total    Cost      Usage
BITCOMRAM           5F      0       0       0        0.0%
EEDATA             100      0       0       0        0.0%
NULL                 0      0       0       0        0.0%
CODE                 0      0       0       0        0.0%
COMRAM              5F      4       4       1        4.2%
STACK                0      0       0       2        0.0%
DATA                 0      0       0       3        0.0%
BITBANK0            A0      0       0       4        0.0%
BANK0               A0      0       0       5        0.0%
BITBANK1           100      0       0       6        0.0%
BANK1              100      0       0       7        0.0%
BITBANK2           100      0       0       8        0.0%
BANK2              100      0       0       9        0.0%
BITBANK3           100      0       0      10        0.0%
BANK3              100      0       0      11        0.0%
BITBANK4           100      0       0      12        0.0%
BANK4              100      0       0      13        0.0%
BITBANK5           100      0       0      14        0.0%
BANK5              100      0       0      15        0.0%
BITBANK6           100      0       0      16        0.0%
BANK6              100      0       0      17        0.0%
BITBANK7           100      0       0      18        0.0%
BANK7              100      0       0      19        0.0%
ABS                  0      0       0      20        0.0%
BIGRAM             7FF      0       0      21        0.0%
BITSFR               0      0       0     200        0.0%
SFR                  0      0       0     200        0.0%


Microchip Technology PIC18 Macro Assembler V2.10 build 88905656 
Symbol Table                                                                                   Sat Jun 27 22:15:48 2020

                     l83 7EAC                       l92 7ED6                       l86 7EBA  
                     l95 7EE4                       l89 7EC8                       l98 7EF2  
                     u90 7EBA                       u91 7EB6              __CFG_BORV$3 000000  
           __CFG_CP0$OFF 000000             __CFG_CP1$OFF 000000             __CFG_CP2$OFF 000000  
           __CFG_CP3$OFF 000000              __CFG_LVP$ON 000000                      l101 7E90  
                    l104 7E9E                      l840 7ED8                      l842 7E88  
                    l850 7F1E                      l836 7EA0                      l860 7F28  
                    l852 7F20                      l844 7EF4                      l838 7EBC  
                    l870 7F32                      l862 7F2A                      l854 7F22  
                    l846 7F0C                      l880 7F9C                      l872 7F40  
                    l864 7F2C                      l856 7F24                      l848 7F1C  
                    l890 7FE0                      l882 7F9E                      l874 7F68  
                    l866 7F2E                      l858 7F26                      l884 7FAC  
                    l876 7F6A                      l868 7F30                      l886 7FD0  
                    l878 7F78                      l888 7FD2                      _GIE 007F97  
           __CFG_CPB$OFF 000000                      u100 7ED6                      u101 7ED2  
                    u110 7EF2                      u111 7EEE                      u120 7E9E  
                    u121 7E9A                      u130 7F40                      u131 7F3C  
                    u140 7F78                      u141 7F74                      u150 7FAC  
                    u151 7FA8                      u160 7FE0                      u161 7FDC  
           __CFG_CPD$OFF 000000             __CFG_BOR$OFF 000000             __CFG_FOSC$HS 000000  
           __CFG_WDT$OFF 000000                     PORTD 000F83                     _PEIE 007F96  
                   _TMR2 000FCC                     _main 7EF4                     start 0000  
          __CFG_IESO$OFF 000000            __CFG_MCLRE$ON 000000             ___param_bank 000000  
          __CFG_PLLDIV$1 000000           __CFG_CCP2MX$ON 000000                    ?_main 0001  
                  _T0CON 000FD5                    _T1CON 000FCD                    _T2CON 000FCA  
                  _T3CON 000FB1                    _TMR0H 000FD7                    _TMR1H 000FCF  
                  _TMR0L 000FD6                    _TMR1L 000FCE                    _TMR3H 000FB3  
                  _TMR3L 000FB2            __CFG_USBDIV$1 000000            __CFG_PWRT$OFF 000000  
          __CFG_WRT0$OFF 000000            __CFG_WRT1$OFF 000000            __CFG_WRT2$OFF 000000  
          __CFG_WRT3$OFF 000000           __CFG_EBTR0$OFF 000000           __CFG_FCMEN$OFF 000000  
         __CFG_EBTR1$OFF 000000           __CFG_EBTR2$OFF 000000           __CFG_EBTR3$OFF 000000  
          __CFG_WRTB$OFF 000000            __CFG_WRTC$OFF 000000            __CFG_WRTD$OFF 000000  
         __CFG_EBTRB$OFF 000000                    _freq0 7EA0                    _freq1 7EBC  
                  _freq2 7ED8                    _freq3 7E88           __CFG_ICPRT$OFF 000000  
         __CFG_PBADEN$ON 000000          __initialization 7E82             __end_of_main 8000  
                 ??_main 0005            __activetblptr 000000                   ?_freq0 0001  
                 ?_freq1 0001                   ?_freq2 0001                   ?_freq3 0001  
                 _TMR0IE 007F95                   _TMR0IF 007F92                   _TMR1IE 007CE8  
                 _TMR1IF 007CF0                   _TMR2IE 007CE9                   _TMR2IF 007CF1  
                 _TMR3IE 007D01                   _TMR3IF 007D09                   _TMR0ON 007EAF  
                 _TMR1ON 007E68                   _TMR2ON 007E52                   _TMR3ON 007D88  
                 _TRISD0 007CA8                   _TRISD1 007CA9                   _TRISD2 007CAA  
                 _TRISD3 007CAB           __CFG_XINST$OFF 000000           __CFG_STVREN$ON 000000  
             __accesstop 0060  __end_of__initialization 7E82            ___rparam_used 000001  
         __pcstackCOMRAM 0001            __end_of_freq0 7EBC            __end_of_freq1 7ED8  
          __end_of_freq2 7EF4            __end_of_freq3 7EA0                  ??_freq0 0005  
                ??_freq1 0005                  ??_freq2 0005                  ??_freq3 0003  
        __CFG_VREGEN$OFF 000000                  __Hparam 0000                  __Lparam 0000  
                __pcinit 7E82                  __ramtop 0800                  __ptext0 7EF4  
                __ptext1 7E88                  __ptext2 7ED8                  __ptext3 7EBC  
                __ptext4 7EA0     end_of_initialization 7E82                _PORTDbits 000F83  
    start_initialization 7E82         __CFG_LPT1OSC$OFF 000000           __size_of_freq0 001C  
         __size_of_freq1 001C           __size_of_freq2 001C           __size_of_freq3 0018  
       __CFG_WDTPS$32768 000000                freq0@high 0001                freq1@high 0001  
              freq2@high 0001                 __Hrparam 0000                 __Lrparam 0000  
          __size_of_main 010C                 freq0@low 0003                 freq1@low 0003  
               freq2@low 0003                 freq3@low 0001    __CFG_CPUDIV$OSC1_PLL2 000000  
