

Microchip MPLAB XC8 Assembler V2.10 build 88905656 
                                                                                               Tue Sep 29 10:41:54 2020

Microchip MPLAB XC8 C Compiler v2.10 (Free license) build 20190730164152 Og1 
     1                           	processor	18F4550
     2                           	fnconf	rparam,??,?,0
     3                           	opt	pw 120
     4                           	opt	flic
     5                           	psect	cinit,global,reloc=2,class=CODE,delta=1
     6                           	psect	cstackCOMRAM,global,class=COMRAM,space=1,delta=1,noexec
     7                           	psect	text0,global,reloc=2,class=CODE,delta=1
     8                           	psect	intcode,global,reloc=2,class=CODE,delta=1
     9                           	psect	intcode_body,global,reloc=2,class=CODE,delta=1
    10                           	psect	intsave_regs,global,class=BIGRAM,space=1,delta=1,noexec
    11                           	psect	rparam,global,class=COMRAM,space=1,delta=1,noexec
    12                           	psect	temp,global,ovrld,common,class=COMRAM,space=1,delta=1
    13  0000                     
    14                           ; Version 2.10
    15                           ; Generated 31/07/2019 GMT
    16                           ; 
    17                           ; Copyright © 2019, Microchip Technology Inc. and its subsidiaries ("Microchip")
    18                           ; All rights reserved.
    19                           ; 
    20                           ; This software is developed by Microchip Technology Inc. and its subsidiaries ("Microch
      +                          ip").
    21                           ; 
    22                           ; Redistribution and use in source and binary forms, with or without modification, are
    23                           ; permitted provided that the following conditions are met:
    24                           ; 
    25                           ;     1. Redistributions of source code must retain the above copyright notice, this lis
      +                          t of
    26                           ;        conditions and the following disclaimer.
    27                           ; 
    28                           ;     2. Redistributions in binary form must reproduce the above copyright notice, this 
      +                          list
    29                           ;        of conditions and the following disclaimer in the documentation and/or other
    30                           ;        materials provided with the distribution.
    31                           ; 
    32                           ;     3. Microchip's name may not be used to endorse or promote products derived from th
      +                          is
    33                           ;        software without specific prior written permission.
    34                           ; 
    35                           ; THIS SOFTWARE IS PROVIDED BY MICROCHIP "AS IS" AND ANY EXPRESS OR IMPLIED WARRANTIES,
    36                           ; INCLUDING, BUT NOT LIMITED TO, THE IMPLIED WARRANTIES OF MERCHANTABILITY AND FITNESS F
      +                          OR
    37                           ; PURPOSE ARE DISCLAIMED.  IN NO EVENT SHALL MICROCHIP BE LIABLE FOR ANY DIRECT, INDIREC
      +                          T,
    38                           ; INCIDENTAL, SPECIAL, EXEMPLARY, OR CONSEQUENTIAL DAMAGES (INCLUDING BUT NOT LIMITED TO
    39                           ; PROCUREMENT OF SUBSTITUTE GOODS OR SERVICES; LOSS OF USE, DATA OR PROFITS; OR BUSINESS
    40                           ; INTERRUPTION) HOWSOEVER CAUSED AND ON ANY THEORY OF LIABILITY, WHETHER IN CONTRACT, ST
      +                          RICT
    41                           ; LIABILITY, OR TORT (INCLUDING NEGLIGENCE OR OTHERWISE) ARISING IN ANY WAY OUT OF THE U
      +                          SE OF
    42                           ; THIS SOFTWARE, EVEN IF ADVISED OF THE POSSIBILITY OF SUCH DAMAGE.
    43                           ; 
    44                           ; 
    45                           ; Code-generator required, PIC18F4550 Definitions
    46                           ; 
    47                           ; SFR Addresses
    48  0000                     _ADCON2	set	4032
    49  0000                     _ADCON1	set	4033
    50  0000                     _ADCON0	set	4034
    51  0000                     _TRISD	set	3989
    52  0000                     _TRISC	set	3988
    53  0000                     _TRISB	set	3987
    54  0000                     _PORTD	set	3971
    55  0000                     _PORTC	set	3970
    56  0000                     _ADRESH	set	4036
    57  0000                     _PORTB	set	3969
    58  0000                     _ADIE	set	31982
    59  0000                     _PEIE	set	32662
    60  0000                     _GIE	set	32663
    61  0000                     _TRISA2	set	31890
    62  0000                     _TRISA1	set	31889
    63  0000                     _TRISA0	set	31888
    64  0000                     _GODONE	set	32273
    65  0000                     _ADIF	set	31990
    66  0000                     _CHS1	set	32275
    67  0000                     _CHS0	set	32274
    68                           
    69                           ; #config settings
    70  0000                     
    71                           	psect	cinit
    72  0000C8                     __pcinit:
    73                           	opt callstack 0
    74  0000C8                     start_initialization:
    75                           	opt callstack 0
    76  0000C8                     __initialization:
    77                           	opt callstack 0
    78  0000C8                     end_of_initialization:
    79                           	opt callstack 0
    80  0000C8                     __end_of__initialization:
    81                           	opt callstack 0
    82  0000C8  9001               	bcf	int$flags,0,c	;clear compiler interrupt flag (level 1)
    83  0000CA  9201               	bcf	int$flags,1,c	;clear compiler interrupt flag (level 2)
    84  0000CC  0100               	movlb	0
    85  0000CE  EF47  F000         	goto	_main	;jump to C main() function
    86                           
    87                           	psect	cstackCOMRAM
    88  000000                     __pcstackCOMRAM:
    89                           	opt callstack 0
    90  000000                     
    91                           ; 1 bytes @ 0x0
    92 ;;
    93 ;;Main: autosize = 0, tempsize = 0, incstack = 0, save=0
    94 ;;
    95 ;; *************** function _main *****************
    96 ;; Defined at:
    97 ;;		line 103 in file "lab 4.c"
    98 ;; Parameters:    Size  Location     Type
    99 ;;		None
   100 ;; Auto vars:     Size  Location     Type
   101 ;;		None
   102 ;; Return value:  Size  Location     Type
   103 ;;                  1    wreg      void 
   104 ;; Registers used:
   105 ;;		wreg, status,2
   106 ;; Tracked objects:
   107 ;;		On entry : 0/0
   108 ;;		On exit  : 0/0
   109 ;;		Unchanged: 0/0
   110 ;; Data sizes:     COMRAM   BANK0   BANK1   BANK2   BANK3   BANK4   BANK5   BANK6   BANK7
   111 ;;      Params:         0       0       0       0       0       0       0       0       0
   112 ;;      Locals:         0       0       0       0       0       0       0       0       0
   113 ;;      Temps:          0       0       0       0       0       0       0       0       0
   114 ;;      Totals:         0       0       0       0       0       0       0       0       0
   115 ;;Total ram usage:        0 bytes
   116 ;; Hardware stack levels required when called:    1
   117 ;; This function calls:
   118 ;;		Nothing
   119 ;; This function is called by:
   120 ;;		Startup code after reset
   121 ;; This function uses a non-reentrant model
   122 ;;
   123                           
   124                           	psect	text0
   125  00008E                     __ptext0:
   126                           	opt callstack 0
   127  00008E                     _main:
   128                           	opt callstack 30
   129  00008E                     
   130                           ;lab 4.c: 105:     TRISB = 0;
   131  00008E  0E00               	movlw	0
   132  000090  6E93               	movwf	147,c	;volatile
   133                           
   134                           ;lab 4.c: 106:     TRISC = 0;
   135  000092  0E00               	movlw	0
   136  000094  6E94               	movwf	148,c	;volatile
   137                           
   138                           ;lab 4.c: 107:     TRISD = 0;
   139  000096  0E00               	movlw	0
   140  000098  6E95               	movwf	149,c	;volatile
   141                           
   142                           ;lab 4.c: 109:     PORTB = 0;
   143  00009A  0E00               	movlw	0
   144  00009C  6E81               	movwf	129,c	;volatile
   145                           
   146                           ;lab 4.c: 110:     PORTC = 0;
   147  00009E  0E00               	movlw	0
   148  0000A0  6E82               	movwf	130,c	;volatile
   149                           
   150                           ;lab 4.c: 111:     PORTD = 0;
   151  0000A2  0E00               	movlw	0
   152  0000A4  6E83               	movwf	131,c	;volatile
   153  0000A6                     
   154                           ;lab 4.c: 113:     TRISA0 = 1;
   155  0000A6  8092               	bsf	3986,0,c	;volatile
   156  0000A8                     
   157                           ;lab 4.c: 114:     TRISA1 = 1;
   158  0000A8  8292               	bsf	3986,1,c	;volatile
   159  0000AA                     
   160                           ;lab 4.c: 115:     TRISA2 = 1;
   161  0000AA  8492               	bsf	3986,2,c	;volatile
   162                           
   163                           ;lab 4.c: 117:     ADCON0 = 0B00000001;
   164  0000AC  0E01               	movlw	1
   165  0000AE  6EC2               	movwf	194,c	;volatile
   166                           
   167                           ;lab 4.c: 118:     ADCON1 = 0B00001100;
   168  0000B0  0E0C               	movlw	12
   169  0000B2  6EC1               	movwf	193,c	;volatile
   170                           
   171                           ;lab 4.c: 119:     ADCON2 = 0B00010010;
   172  0000B4  0E12               	movlw	18
   173  0000B6  6EC0               	movwf	192,c	;volatile
   174  0000B8                     
   175                           ;lab 4.c: 121:     GIE = 1;
   176  0000B8  8EF2               	bsf	4082,7,c	;volatile
   177  0000BA                     
   178                           ;lab 4.c: 122:     PEIE = 1;
   179  0000BA  8CF2               	bsf	4082,6,c	;volatile
   180  0000BC                     
   181                           ;lab 4.c: 123:     ADIE = 1;
   182  0000BC  8C9D               	bsf	3997,6,c	;volatile
   183  0000BE                     
   184                           ;lab 4.c: 125:     GODONE = 1;
   185  0000BE  82C2               	bsf	4034,1,c	;volatile
   186  0000C0                     l55:
   187  0000C0  EF60  F000         	goto	l55
   188  0000C4  EF07  F000         	goto	start
   189  0000C8                     __end_of_main:
   190                           	opt callstack 0
   191                           
   192 ;; *************** function _ISR *****************
   193 ;; Defined at:
   194 ;;		line 79 in file "lab 4.c"
   195 ;; Parameters:    Size  Location     Type
   196 ;;		None
   197 ;; Auto vars:     Size  Location     Type
   198 ;;		None
   199 ;; Return value:  Size  Location     Type
   200 ;;                  1    wreg      void 
   201 ;; Registers used:
   202 ;;		None
   203 ;; Tracked objects:
   204 ;;		On entry : 0/0
   205 ;;		On exit  : 0/0
   206 ;;		Unchanged: 0/0
   207 ;; Data sizes:     COMRAM   BANK0   BANK1   BANK2   BANK3   BANK4   BANK5   BANK6   BANK7
   208 ;;      Params:         0       0       0       0       0       0       0       0       0
   209 ;;      Locals:         0       0       0       0       0       0       0       0       0
   210 ;;      Temps:          0       0       0       0       0       0       0       0       0
   211 ;;      Totals:         0       0       0       0       0       0       0       0       0
   212 ;;Total ram usage:        0 bytes
   213 ;; Hardware stack levels used:    1
   214 ;; This function calls:
   215 ;;		Nothing
   216 ;; This function is called by:
   217 ;;		Interrupt level 2
   218 ;; This function uses a non-reentrant model
   219 ;;
   220                           
   221                           	psect	intcode
   222  000008                     __pintcode:
   223                           	opt callstack 0
   224  000008                     _ISR:
   225                           	opt callstack 30
   226                           
   227                           ;incstack = 0
   228  000008  8201               	bsf	int$flags,1,c	;set compiler interrupt flag (level 2)
   229  00000A  ED09  F000         	call	int_func,f	;refresh shadow registers
   230                           
   231                           	psect	intcode_body
   232  000012                     __pintcode_body:
   233                           	opt callstack 30
   234  000012                     int_func:
   235                           	opt callstack 30
   236  000012  0006               	pop		; remove dummy address from shadow register refresh
   237  000014                     
   238                           ;lab 4.c: 81:     if(CHS0 == 0 && CHS1 == 0)
   239  000014  B4C2               	btfsc	4034,2,c	;volatile
   240  000016  EF0F  F000         	goto	i2u1_41
   241  00001A  EF11  F000         	goto	i2u1_40
   242  00001E                     i2u1_41:
   243  00001E  EF1D  F000         	goto	i2l45
   244  000022                     i2u1_40:
   245  000022  B6C2               	btfsc	4034,3,c	;volatile
   246  000024  EF16  F000         	goto	i2u2_41
   247  000028  EF18  F000         	goto	i2u2_40
   248  00002C                     i2u2_41:
   249  00002C  EF1D  F000         	goto	i2l45
   250  000030                     i2u2_40:
   251  000030                     
   252                           ;lab 4.c: 82:     {;lab 4.c: 83:         PORTB = ADRESH;
   253  000030  CFC4 FF81          	movff	4036,3969	;volatile
   254                           
   255                           ;lab 4.c: 84:         CHS0 = 1;
   256  000034  84C2               	bsf	4034,2,c	;volatile
   257                           
   258                           ;lab 4.c: 85:     }
   259  000036  EF43  F000         	goto	i2l46
   260  00003A                     i2l45:
   261  00003A  A4C2               	btfss	4034,2,c	;volatile
   262  00003C  EF22  F000         	goto	i2u3_41
   263  000040  EF24  F000         	goto	i2u3_40
   264  000044                     i2u3_41:
   265  000044  EF31  F000         	goto	i2l47
   266  000048                     i2u3_40:
   267  000048  B6C2               	btfsc	4034,3,c	;volatile
   268  00004A  EF29  F000         	goto	i2u4_41
   269  00004E  EF2B  F000         	goto	i2u4_40
   270  000052                     i2u4_41:
   271  000052  EF31  F000         	goto	i2l47
   272  000056                     i2u4_40:
   273  000056                     
   274                           ;lab 4.c: 87:     {;lab 4.c: 88:         PORTC = ADRESH;
   275  000056  CFC4 FF82          	movff	4036,3970	;volatile
   276                           
   277                           ;lab 4.c: 89:         CHS0 = 0;
   278  00005A  94C2               	bcf	4034,2,c	;volatile
   279                           
   280                           ;lab 4.c: 90:         CHS1 = 1;
   281  00005C  86C2               	bsf	4034,3,c	;volatile
   282                           
   283                           ;lab 4.c: 91:     }
   284  00005E  EF43  F000         	goto	i2l46
   285  000062                     i2l47:
   286  000062  B4C2               	btfsc	4034,2,c	;volatile
   287  000064  EF36  F000         	goto	i2u5_41
   288  000068  EF38  F000         	goto	i2u5_40
   289  00006C                     i2u5_41:
   290  00006C  EF43  F000         	goto	i2l46
   291  000070                     i2u5_40:
   292  000070  A6C2               	btfss	4034,3,c	;volatile
   293  000072  EF3D  F000         	goto	i2u6_41
   294  000076  EF3F  F000         	goto	i2u6_40
   295  00007A                     i2u6_41:
   296  00007A  EF43  F000         	goto	i2l46
   297  00007E                     i2u6_40:
   298  00007E                     
   299                           ;lab 4.c: 93:     {;lab 4.c: 94:         PORTD = ADRESH;
   300  00007E  CFC4 FF83          	movff	4036,3971	;volatile
   301                           
   302                           ;lab 4.c: 95:         CHS0 = 0;
   303  000082  94C2               	bcf	4034,2,c	;volatile
   304                           
   305                           ;lab 4.c: 96:         CHS1 = 0;
   306  000084  96C2               	bcf	4034,3,c	;volatile
   307  000086                     i2l46:
   308                           
   309                           ;lab 4.c: 99:     ADIF = 0;
   310  000086  9C9E               	bcf	3998,6,c	;volatile
   311                           
   312                           ;lab 4.c: 100:     GODONE = 1;
   313  000088  82C2               	bsf	4034,1,c	;volatile
   314  00008A  9201               	bcf	int$flags,1,c	;clear compiler interrupt flag (level 2)
   315  00008C  0011               	retfie		f
   316  00008E                     __end_of_ISR:
   317                           	opt callstack 0
   318  0000                     
   319                           	psect	rparam
   320  0000                     
   321                           	psect	temp
   322  000001                     btemp:
   323                           	opt callstack 0
   324  000001                     	ds	1
   325  0000                     int$flags	set	btemp
   326  0000                     wtemp8	set	btemp+1
   327  0000                     ttemp5	set	btemp+1
   328  0000                     ttemp6	set	btemp+4
   329  0000                     ttemp7	set	btemp+8
   330                           tosu	equ	0xFFF
   331                           tosh	equ	0xFFE
   332                           tosl	equ	0xFFD
   333                           stkptr	equ	0xFFC
   334                           pclatu	equ	0xFFB
   335                           pclath	equ	0xFFA
   336                           pcl	equ	0xFF9
   337                           tblptru	equ	0xFF8
   338                           tblptrh	equ	0xFF7
   339                           tblptrl	equ	0xFF6
   340                           tablat	equ	0xFF5
   341                           prodh	equ	0xFF4
   342                           prodl	equ	0xFF3
   343                           indf0	equ	0xFEF
   344                           postinc0	equ	0xFEE
   345                           postdec0	equ	0xFED
   346                           preinc0	equ	0xFEC
   347                           plusw0	equ	0xFEB
   348                           fsr0h	equ	0xFEA
   349                           fsr0l	equ	0xFE9
   350                           wreg	equ	0xFE8
   351                           indf1	equ	0xFE7
   352                           postinc1	equ	0xFE6
   353                           postdec1	equ	0xFE5
   354                           preinc1	equ	0xFE4
   355                           plusw1	equ	0xFE3
   356                           fsr1h	equ	0xFE2
   357                           fsr1l	equ	0xFE1
   358                           bsr	equ	0xFE0
   359                           indf2	equ	0xFDF
   360                           postinc2	equ	0xFDE
   361                           postdec2	equ	0xFDD
   362                           preinc2	equ	0xFDC
   363                           plusw2	equ	0xFDB
   364                           fsr2h	equ	0xFDA
   365                           fsr2l	equ	0xFD9
   366                           status	equ	0xFD8


Data Sizes:
    Strings     0
    Constant    0
    Data        0
    BSS         0
    Persistent  0
    Stack       0

Auto Spaces:
    Space          Size  Autos    Used
    COMRAM           94      0       0
    BANK0           160      0       0
    BANK1           256      0       0
    BANK2           256      0       0
    BANK3           256      0       0
    BANK4           256      0       0
    BANK5           256      0       0
    BANK6           256      0       0
    BANK7           256      0       0

Pointer List with Targets:

    None.

Critical Paths under _main in COMRAM

    None.

Critical Paths under _ISR in COMRAM

    None.

Critical Paths under _main in BANK0

    None.

Critical Paths under _ISR in BANK0

    None.

Critical Paths under _main in BANK1

    None.

Critical Paths under _ISR in BANK1

    None.

Critical Paths under _main in BANK2

    None.

Critical Paths under _ISR in BANK2

    None.

Critical Paths under _main in BANK3

    None.

Critical Paths under _ISR in BANK3

    None.

Critical Paths under _main in BANK4

    None.

Critical Paths under _ISR in BANK4

    None.

Critical Paths under _main in BANK5

    None.

Critical Paths under _ISR in BANK5

    None.

Critical Paths under _main in BANK6

    None.

Critical Paths under _ISR in BANK6

    None.

Critical Paths under _main in BANK7

    None.

Critical Paths under _ISR in BANK7

    None.

Call Graph Tables:

 ---------------------------------------------------------------------------------
 (Depth) Function   	        Calls       Base Space   Used Autos Params    Refs
 ---------------------------------------------------------------------------------
 (0) _main                                                 0     0      0       0
 ---------------------------------------------------------------------------------
 Estimated maximum stack depth 0
 ---------------------------------------------------------------------------------
 (Depth) Function   	        Calls       Base Space   Used Autos Params    Refs
 ---------------------------------------------------------------------------------
 (1) _ISR                                                  0     0      0       0
 ---------------------------------------------------------------------------------
 Estimated maximum stack depth 1
 ---------------------------------------------------------------------------------

 Call Graph Graphs:

 _main (ROOT)

 _ISR (ROOT)

 Address spaces:
Name               Size   Autos  Total    Cost      Usage
BITCOMRAM           5E      0       0       0        0.0%
EEDATA             100      0       0       0        0.0%
NULL                 0      0       0       0        0.0%
CODE                 0      0       0       0        0.0%
COMRAM              5E      0       0       1        0.0%
STACK                0      0       0       2        0.0%
DATA                 0      0       0       3        0.0%
BITBANK0            A0      0       0       4        0.0%
BANK0               A0      0       0       5        0.0%
BITBANK1           100      0       0       6        0.0%
BANK1              100      0       0       7        0.0%
BITBANK2           100      0       0       8        0.0%
BANK2              100      0       0       9        0.0%
BITBANK3           100      0       0      10        0.0%
BANK3              100      0       0      11        0.0%
BITBANK4           100      0       0      12        0.0%
BANK4              100      0       0      13        0.0%
BITBANK5           100      0       0      14        0.0%
BANK5              100      0       0      15        0.0%
BITBANK6           100      0       0      16        0.0%
BANK6              100      0       0      17        0.0%
BITBANK7           100      0       0      18        0.0%
BANK7              100      0       0      19        0.0%
ABS                  0      0       0      20        0.0%
BIGRAM             7FF      0       0      21        0.0%
BITSFR               0      0       0     200        0.0%
SFR                  0      0       0     200        0.0%


Microchip Technology PIC18 Macro Assembler V2.10 build 88905656 
Symbol Table                                                                                   Tue Sep 29 10:41:54 2020

                     l55 00C0                       l56 00C0              __CFG_BORV$3 000000  
           __CFG_CP0$OFF 000000             __CFG_CP1$OFF 000000             __CFG_CP2$OFF 000000  
           __CFG_CP3$OFF 000000              __CFG_LVP$ON 000000                      l750 00A6  
                    l760 00BC                      l752 00A8                      l762 00BE  
                    l754 00AA                      l756 00B8                      l748 008E  
                    l758 00BA                      _GIE 007F97             __CFG_CPB$OFF 000000  
           __CFG_CPD$OFF 000000                      _ISR 0008             __CFG_BOR$OFF 000000  
           __CFG_FOSC$HS 000000                     ?_ISR 0000             __CFG_WDT$OFF 000000  
                   _ADIE 007CEE                     _ADIF 007CF6                     _CHS0 007E12  
                   _CHS1 007E13                     _PEIE 007F96                     i2l50 008A  
                   i2l45 003A                     i2l46 0086                     i2l47 0062  
                   _main 008E                     btemp 0001                     start 000E  
          __CFG_IESO$OFF 000000            __CFG_MCLRE$ON 000000             ___param_bank 000000  
                  ??_ISR 0000            __CFG_PLLDIV$1 000000           __CFG_CCP2MX$ON 000000  
                  ?_main 0000                    i2l740 0048                    i2l742 0056  
                  i2l734 0014                    i2l744 0070                    i2l736 0022  
                  i2l746 007E                    i2l738 0030                    _PORTB 000F81  
                  _PORTC 000F82                    _PORTD 000F83            __CFG_USBDIV$1 000000  
                  _TRISB 000F93                    _TRISC 000F94                    _TRISD 000F95  
          __CFG_PWRT$OFF 000000            __CFG_WRT0$OFF 000000            __CFG_WRT1$OFF 000000  
          __CFG_WRT2$OFF 000000            __CFG_WRT3$OFF 000000           __CFG_EBTR0$OFF 000000  
         __CFG_FCMEN$OFF 000000           __CFG_EBTR1$OFF 000000           __CFG_EBTR2$OFF 000000  
         __CFG_EBTR3$OFF 000000            __CFG_WRTB$OFF 000000            __CFG_WRTC$OFF 000000  
          __CFG_WRTD$OFF 000000           __CFG_EBTRB$OFF 000000                    ttemp5 0002  
                  ttemp6 0005                    ttemp7 0009                    wtemp8 0002  
         __CFG_ICPRT$OFF 000000          __initialization 00C8             __end_of_main 00C8  
                 ??_main 0000            __activetblptr 000000                   _ADCON0 000FC2  
                 _ADCON1 000FC1                   _ADCON2 000FC0                   _ADRESH 000FC4  
                 _GODONE 007E11                   i2u1_40 0022                   i2u1_41 001E  
                 i2u2_40 0030                   i2u2_41 002C                   i2u3_40 0048  
                 i2u3_41 0044                   i2u4_40 0056                   i2u4_41 0052  
                 i2u5_40 0070                   i2u5_41 006C                   i2u6_40 007E  
                 i2u6_41 007A                   _TRISA0 007C90                   _TRISA1 007C91  
                 _TRISA2 007C92           __CFG_XINST$OFF 000000           __CFG_STVREN$ON 000000  
             __accesstop 0060  __end_of__initialization 00C8          __CFG_PBADEN$OFF 000000  
          ___rparam_used 000001           __pcstackCOMRAM 0000          __CFG_VREGEN$OFF 000000  
                __Hparam 0000                  __Lparam 0000                  __pcinit 00C8  
                __ramtop 0800                  __ptext0 008E             __size_of_ISR 0086  
         __pintcode_body 0012     end_of_initialization 00C8                  int_func 0012  
    start_initialization 00C8              __end_of_ISR 008E         __CFG_LPT1OSC$OFF 000000  
              __pintcode 0008         __CFG_WDTPS$32768 000000                 __Hrparam 0000  
               __Lrparam 0000            __size_of_main 003A                 int$flags 0001  
  __CFG_CPUDIV$OSC1_PLL2 000000                 intlevel2 0000  
