

Microchip MPLAB XC8 Assembler V2.10 build 88905656 
                                                                                               Sat Jun 27 12:14:36 2020

Microchip MPLAB XC8 C Compiler v2.10 (Free license) build 20190730164152 Og1 
     1                           	processor	18F4550
     2                           	fnconf	rparam,??,?,0
     3                           	opt	pw 120
     4                           	opt	flic
     5                           	psect	cinit,global,reloc=2,class=CODE,delta=1
     6                           	psect	cstackCOMRAM,global,class=COMRAM,space=1,delta=1,noexec
     7                           	psect	text0,global,reloc=2,class=CODE,delta=1
     8                           	psect	intcode,global,reloc=2,class=CODE,delta=1
     9                           	psect	intcode_body,global,reloc=2,class=CODE,delta=1
    10                           	psect	text2,global,reloc=2,class=CODE,delta=1
    11                           	psect	intsave_regs,global,class=BIGRAM,space=1,delta=1,noexec
    12                           	psect	rparam,global,class=COMRAM,space=1,delta=1,noexec
    13                           	psect	temp,global,ovrld,common,class=COMRAM,space=1,delta=1
    14  0000                     
    15                           ; Version 2.10
    16                           ; Generated 31/07/2019 GMT
    17                           ; 
    18                           ; Copyright © 2019, Microchip Technology Inc. and its subsidiaries ("Microchip")
    19                           ; All rights reserved.
    20                           ; 
    21                           ; This software is developed by Microchip Technology Inc. and its subsidiaries ("Microch
      +                          ip").
    22                           ; 
    23                           ; Redistribution and use in source and binary forms, with or without modification, are
    24                           ; permitted provided that the following conditions are met:
    25                           ; 
    26                           ;     1. Redistributions of source code must retain the above copyright notice, this lis
      +                          t of
    27                           ;        conditions and the following disclaimer.
    28                           ; 
    29                           ;     2. Redistributions in binary form must reproduce the above copyright notice, this 
      +                          list
    30                           ;        of conditions and the following disclaimer in the documentation and/or other
    31                           ;        materials provided with the distribution.
    32                           ; 
    33                           ;     3. Microchip's name may not be used to endorse or promote products derived from th
      +                          is
    34                           ;        software without specific prior written permission.
    35                           ; 
    36                           ; THIS SOFTWARE IS PROVIDED BY MICROCHIP "AS IS" AND ANY EXPRESS OR IMPLIED WARRANTIES,
    37                           ; INCLUDING, BUT NOT LIMITED TO, THE IMPLIED WARRANTIES OF MERCHANTABILITY AND FITNESS F
      +                          OR
    38                           ; PURPOSE ARE DISCLAIMED.  IN NO EVENT SHALL MICROCHIP BE LIABLE FOR ANY DIRECT, INDIREC
      +                          T,
    39                           ; INCIDENTAL, SPECIAL, EXEMPLARY, OR CONSEQUENTIAL DAMAGES (INCLUDING BUT NOT LIMITED TO
    40                           ; PROCUREMENT OF SUBSTITUTE GOODS OR SERVICES; LOSS OF USE, DATA OR PROFITS; OR BUSINESS
    41                           ; INTERRUPTION) HOWSOEVER CAUSED AND ON ANY THEORY OF LIABILITY, WHETHER IN CONTRACT, ST
      +                          RICT
    42                           ; LIABILITY, OR TORT (INCLUDING NEGLIGENCE OR OTHERWISE) ARISING IN ANY WAY OUT OF THE U
      +                          SE OF
    43                           ; THIS SOFTWARE, EVEN IF ADVISED OF THE POSSIBILITY OF SUCH DAMAGE.
    44                           ; 
    45                           ; 
    46                           ; Code-generator required, PIC18F4550 Definitions
    47                           ; 
    48                           ; SFR Addresses
    49  0000                     _TMR2	set	4044
    50  0000                     _T2CON	set	4042
    51  0000                     _PORTDbits	set	3971
    52  0000                     _GIE	set	32663
    53  0000                     _PEIE	set	32662
    54  0000                     _TMR2ON	set	32338
    55  0000                     _TMR2IE	set	31977
    56  0000                     _TRISD3	set	31915
    57  0000                     _TMR2IF	set	31985
    58                           
    59                           ; #config settings
    60  0000                     
    61                           	psect	cinit
    62  000072                     __pcinit:
    63                           	opt callstack 0
    64  000072                     start_initialization:
    65                           	opt callstack 0
    66  000072                     __initialization:
    67                           	opt callstack 0
    68  000072                     end_of_initialization:
    69                           	opt callstack 0
    70  000072                     __end_of__initialization:
    71                           	opt callstack 0
    72  000072  9003               	bcf	int$flags,0,c	;clear compiler interrupt flag (level 1)
    73  000074  9203               	bcf	int$flags,1,c	;clear compiler interrupt flag (level 2)
    74  000076  0100               	movlb	0
    75  000078  EF20  F000         	goto	_main	;jump to C main() function
    76                           
    77                           	psect	cstackCOMRAM
    78  000001                     __pcstackCOMRAM:
    79                           	opt callstack 0
    80  000001                     freq3@low:
    81                           	opt callstack 0
    82                           
    83                           ; 2 bytes @ 0x0
    84  000001                     	ds	2
    85  000003                     
    86                           ; 1 bytes @ 0x2
    87 ;;
    88 ;;Main: autosize = 0, tempsize = 0, incstack = 0, save=0
    89 ;;
    90 ;; *************** function _main *****************
    91 ;; Defined at:
    92 ;;		line 21 in file "assign_5_timer.c"
    93 ;; Parameters:    Size  Location     Type
    94 ;;		None
    95 ;; Auto vars:     Size  Location     Type
    96 ;;		None
    97 ;; Return value:  Size  Location     Type
    98 ;;                  1    wreg      void 
    99 ;; Registers used:
   100 ;;		wreg, status,2
   101 ;; Tracked objects:
   102 ;;		On entry : 0/0
   103 ;;		On exit  : 0/0
   104 ;;		Unchanged: 0/0
   105 ;; Data sizes:     COMRAM   BANK0   BANK1   BANK2   BANK3   BANK4   BANK5   BANK6   BANK7
   106 ;;      Params:         0       0       0       0       0       0       0       0       0
   107 ;;      Locals:         0       0       0       0       0       0       0       0       0
   108 ;;      Temps:          0       0       0       0       0       0       0       0       0
   109 ;;      Totals:         0       0       0       0       0       0       0       0       0
   110 ;;Total ram usage:        0 bytes
   111 ;; Hardware stack levels required when called:    2
   112 ;; This function calls:
   113 ;;		Nothing
   114 ;; This function is called by:
   115 ;;		Startup code after reset
   116 ;; This function uses a non-reentrant model
   117 ;;
   118                           
   119                           	psect	text0
   120  000040                     __ptext0:
   121                           	opt callstack 0
   122  000040                     _main:
   123                           	opt callstack 29
   124  000040                     
   125                           ;assign_5_timer.c: 23:     TRISD3=0;
   126  000040  9695               	bcf	3989,3,c	;volatile
   127                           
   128                           ;assign_5_timer.c: 25:     PORTDbits.RD3=0;
   129  000042  9683               	bcf	131,3,c	;volatile
   130                           
   131                           ;assign_5_timer.c: 27:     TMR2IE=1;
   132  000044  829D               	bsf	3997,1,c	;volatile
   133  000046                     
   134                           ;assign_5_timer.c: 29:     T2CON = 0x00;
   135  000046  0E00               	movlw	0
   136  000048  6ECA               	movwf	202,c	;volatile
   137  00004A                     
   138                           ;assign_5_timer.c: 31:     TMR2ON=1;
   139  00004A  84CA               	bsf	4042,2,c	;volatile
   140  00004C                     
   141                           ;assign_5_timer.c: 33:     TMR2IF=0;
   142  00004C  929E               	bcf	3998,1,c	;volatile
   143  00004E                     
   144                           ;assign_5_timer.c: 35:     PEIE=1;
   145  00004E  8CF2               	bsf	4082,6,c	;volatile
   146  000050                     
   147                           ;assign_5_timer.c: 36:     GIE=1;
   148  000050  8EF2               	bsf	4082,7,c	;volatile
   149  000052                     l31:
   150  000052  EF29  F000         	goto	l31
   151  000056  EF07  F000         	goto	start
   152  00005A                     __end_of_main:
   153                           	opt callstack 0
   154                           
   155 ;; *************** function _ISR *****************
   156 ;; Defined at:
   157 ;;		line 11 in file "assign_5_timer.c"
   158 ;; Parameters:    Size  Location     Type
   159 ;;		None
   160 ;; Auto vars:     Size  Location     Type
   161 ;;		None
   162 ;; Return value:  Size  Location     Type
   163 ;;                  1    wreg      void 
   164 ;; Registers used:
   165 ;;		wreg, status,2, cstack
   166 ;; Tracked objects:
   167 ;;		On entry : 0/0
   168 ;;		On exit  : 0/0
   169 ;;		Unchanged: 0/0
   170 ;; Data sizes:     COMRAM   BANK0   BANK1   BANK2   BANK3   BANK4   BANK5   BANK6   BANK7
   171 ;;      Params:         0       0       0       0       0       0       0       0       0
   172 ;;      Locals:         0       0       0       0       0       0       0       0       0
   173 ;;      Temps:          0       0       0       0       0       0       0       0       0
   174 ;;      Totals:         0       0       0       0       0       0       0       0       0
   175 ;;Total ram usage:        0 bytes
   176 ;; Hardware stack levels used:    1
   177 ;; Hardware stack levels required when called:    1
   178 ;; This function calls:
   179 ;;		_freq3
   180 ;; This function is called by:
   181 ;;		Interrupt level 2
   182 ;; This function uses a non-reentrant model
   183 ;;
   184                           
   185                           	psect	intcode
   186  000008                     __pintcode:
   187                           	opt callstack 0
   188  000008                     _ISR:
   189                           	opt callstack 29
   190                           
   191                           ;incstack = 0
   192  000008  8203               	bsf	int$flags,1,c	;set compiler interrupt flag (level 2)
   193  00000A  ED09  F000         	call	int_func,f	;refresh shadow registers
   194                           
   195                           	psect	intcode_body
   196  000012                     __pintcode_body:
   197                           	opt callstack 29
   198  000012                     int_func:
   199                           	opt callstack 29
   200  000012  0006               	pop		; remove dummy address from shadow register refresh
   201  000014                     
   202                           ;assign_5_timer.c: 12:     PORTDbits.RD3=0;
   203  000014  9683               	bcf	131,3,c	;volatile
   204                           
   205                           ;assign_5_timer.c: 13:     if(TMR2IF==1)
   206  000016  A29E               	btfss	3998,1,c	;volatile
   207  000018  EF10  F000         	goto	i2u4_41
   208  00001C  EF12  F000         	goto	i2u4_40
   209  000020                     i2u4_41:
   210  000020  EF1E  F000         	goto	i2l26
   211  000024                     i2u4_40:
   212  000024                     
   213                           ;assign_5_timer.c: 14:     {;assign_5_timer.c: 16:         freq3(0xFE);
   214  000024  0E00               	movlw	0
   215  000026  6E02               	movwf	(freq3@low+1)^0,c
   216  000028  0EFE               	movlw	254
   217  00002A  6E01               	movwf	freq3@low^0,c
   218  00002C  EC2D  F000         	call	_freq3	;wreg free
   219                           
   220                           ;assign_5_timer.c: 17:         freq3(0xFB);
   221  000030  0E00               	movlw	0
   222  000032  6E02               	movwf	(freq3@low+1)^0,c
   223  000034  0EFB               	movlw	251
   224  000036  6E01               	movwf	freq3@low^0,c
   225  000038  EC2D  F000         	call	_freq3	;wreg free
   226  00003C                     i2l26:
   227  00003C  9203               	bcf	int$flags,1,c	;clear compiler interrupt flag (level 2)
   228  00003E  0011               	retfie		f
   229  000040                     __end_of_ISR:
   230                           	opt callstack 0
   231                           
   232 ;; *************** function _freq3 *****************
   233 ;; Defined at:
   234 ;;		line 42 in file "assign_5_timer.c"
   235 ;; Parameters:    Size  Location     Type
   236 ;;  low             2    0[COMRAM] int 
   237 ;; Auto vars:     Size  Location     Type
   238 ;;		None
   239 ;; Return value:  Size  Location     Type
   240 ;;                  1    wreg      void 
   241 ;; Registers used:
   242 ;;		None
   243 ;; Tracked objects:
   244 ;;		On entry : 0/0
   245 ;;		On exit  : 0/0
   246 ;;		Unchanged: 0/0
   247 ;; Data sizes:     COMRAM   BANK0   BANK1   BANK2   BANK3   BANK4   BANK5   BANK6   BANK7
   248 ;;      Params:         2       0       0       0       0       0       0       0       0
   249 ;;      Locals:         0       0       0       0       0       0       0       0       0
   250 ;;      Temps:          0       0       0       0       0       0       0       0       0
   251 ;;      Totals:         2       0       0       0       0       0       0       0       0
   252 ;;Total ram usage:        2 bytes
   253 ;; Hardware stack levels used:    1
   254 ;; This function calls:
   255 ;;		Nothing
   256 ;; This function is called by:
   257 ;;		_ISR
   258 ;; This function uses a non-reentrant model
   259 ;;
   260                           
   261                           	psect	text2
   262  00005A                     __ptext2:
   263                           	opt callstack 0
   264  00005A                     _freq3:
   265                           	opt callstack 29
   266  00005A  7683               	btg	3971,3,c	;# 
   267                           
   268                           ;assign_5_timer.c: 44:     TMR2IF=0;
   269  00005C  929E               	bcf	3998,1,c	;volatile
   270                           
   271                           ;assign_5_timer.c: 45:     TMR2=low;
   272  00005E  C001  FFCC         	movff	freq3@low,4044	;volatile
   273  000062                     i2l37:
   274  000062  A29E               	btfss	3998,1,c	;volatile
   275  000064  EF36  F000         	goto	i2u3_41
   276  000068  EF38  F000         	goto	i2u3_40
   277  00006C                     i2u3_41:
   278  00006C  EF31  F000         	goto	i2l37
   279  000070                     i2u3_40:
   280  000070  0012               	return		;funcret
   281  000072                     __end_of_freq3:
   282                           	opt callstack 0
   283  0000                     
   284                           	psect	rparam
   285  0000                     
   286                           	psect	temp
   287  000003                     btemp:
   288                           	opt callstack 0
   289  000003                     	ds	1
   290  0000                     int$flags	set	btemp
   291  0000                     wtemp8	set	btemp+1
   292  0000                     ttemp5	set	btemp+1
   293  0000                     ttemp6	set	btemp+4
   294  0000                     ttemp7	set	btemp+8
   295                           tosu	equ	0xFFF
   296                           tosh	equ	0xFFE
   297                           tosl	equ	0xFFD
   298                           stkptr	equ	0xFFC
   299                           pclatu	equ	0xFFB
   300                           pclath	equ	0xFFA
   301                           pcl	equ	0xFF9
   302                           tblptru	equ	0xFF8
   303                           tblptrh	equ	0xFF7
   304                           tblptrl	equ	0xFF6
   305                           tablat	equ	0xFF5
   306                           prodh	equ	0xFF4
   307                           prodl	equ	0xFF3
   308                           indf0	equ	0xFEF
   309                           postinc0	equ	0xFEE
   310                           postdec0	equ	0xFED
   311                           preinc0	equ	0xFEC
   312                           plusw0	equ	0xFEB
   313                           fsr0h	equ	0xFEA
   314                           fsr0l	equ	0xFE9
   315                           wreg	equ	0xFE8
   316                           indf1	equ	0xFE7
   317                           postinc1	equ	0xFE6
   318                           postdec1	equ	0xFE5
   319                           preinc1	equ	0xFE4
   320                           plusw1	equ	0xFE3
   321                           fsr1h	equ	0xFE2
   322                           fsr1l	equ	0xFE1
   323                           bsr	equ	0xFE0
   324                           indf2	equ	0xFDF
   325                           postinc2	equ	0xFDE
   326                           postdec2	equ	0xFDD
   327                           preinc2	equ	0xFDC
   328                           plusw2	equ	0xFDB
   329                           fsr2h	equ	0xFDA
   330                           fsr2l	equ	0xFD9
   331                           status	equ	0xFD8


Data Sizes:
    Strings     0
    Constant    0
    Data        0
    BSS         0
    Persistent  0
    Stack       0

Auto Spaces:
    Space          Size  Autos    Used
    COMRAM           94      2       2
    BANK0           160      0       0
    BANK1           256      0       0
    BANK2           256      0       0
    BANK3           256      0       0
    BANK4           256      0       0
    BANK5           256      0       0
    BANK6           256      0       0
    BANK7           256      0       0

Pointer List with Targets:

    None.

Critical Paths under _main in COMRAM

    None.

Critical Paths under _ISR in COMRAM

    _ISR->_freq3

Critical Paths under _main in BANK0

    None.

Critical Paths under _ISR in BANK0

    None.

Critical Paths under _main in BANK1

    None.

Critical Paths under _ISR in BANK1

    None.

Critical Paths under _main in BANK2

    None.

Critical Paths under _ISR in BANK2

    None.

Critical Paths under _main in BANK3

    None.

Critical Paths under _ISR in BANK3

    None.

Critical Paths under _main in BANK4

    None.

Critical Paths under _ISR in BANK4

    None.

Critical Paths under _main in BANK5

    None.

Critical Paths under _ISR in BANK5

    None.

Critical Paths under _main in BANK6

    None.

Critical Paths under _ISR in BANK6

    None.

Critical Paths under _main in BANK7

    None.

Critical Paths under _ISR in BANK7

    None.

Call Graph Tables:

 ---------------------------------------------------------------------------------
 (Depth) Function   	        Calls       Base Space   Used Autos Params    Refs
 ---------------------------------------------------------------------------------
 (0) _main                                                 0     0      0       0
 ---------------------------------------------------------------------------------
 Estimated maximum stack depth 0
 ---------------------------------------------------------------------------------
 (Depth) Function   	        Calls       Base Space   Used Autos Params    Refs
 ---------------------------------------------------------------------------------
 (1) _ISR                                                  0     0      0     174
                              _freq3
 ---------------------------------------------------------------------------------
 (2) _freq3                                                2     0      2     174
                                              0 COMRAM     2     0      2
 ---------------------------------------------------------------------------------
 Estimated maximum stack depth 2
 ---------------------------------------------------------------------------------

 Call Graph Graphs:

 _main (ROOT)

 _ISR (ROOT)
   _freq3

 Address spaces:
Name               Size   Autos  Total    Cost      Usage
BITCOMRAM           5E      0       0       0        0.0%
EEDATA             100      0       0       0        0.0%
NULL                 0      0       0       0        0.0%
CODE                 0      0       0       0        0.0%
COMRAM              5E      2       2       1        2.1%
STACK                0      0       0       2        0.0%
DATA                 0      0       0       3        0.0%
BITBANK0            A0      0       0       4        0.0%
BANK0               A0      0       0       5        0.0%
BITBANK1           100      0       0       6        0.0%
BANK1              100      0       0       7        0.0%
BITBANK2           100      0       0       8        0.0%
BANK2              100      0       0       9        0.0%
BITBANK3           100      0       0      10        0.0%
BANK3              100      0       0      11        0.0%
BITBANK4           100      0       0      12        0.0%
BANK4              100      0       0      13        0.0%
BITBANK5           100      0       0      14        0.0%
BANK5              100      0       0      15        0.0%
BITBANK6           100      0       0      16        0.0%
BANK6              100      0       0      17        0.0%
BITBANK7           100      0       0      18        0.0%
BANK7              100      0       0      19        0.0%
ABS                  0      0       0      20        0.0%
BIGRAM             7FF      0       0      21        0.0%
BITSFR               0      0       0     200        0.0%
SFR                  0      0       0     200        0.0%


Microchip Technology PIC18 Macro Assembler V2.10 build 88905656 
Symbol Table                                                                                   Sat Jun 27 12:14:36 2020

                     l31 0052                       l32 0052              __CFG_BORV$3 000000  
           __CFG_CP0$OFF 000000             __CFG_CP1$OFF 000000             __CFG_CP2$OFF 000000  
           __CFG_CP3$OFF 000000              __CFG_LVP$ON 000000                      l730 004E  
                    l722 0040                      l732 0050                      l724 0046  
                    l726 004A                      l728 004C                      _GIE 007F97  
           __CFG_CPB$OFF 000000             __CFG_CPD$OFF 000000                      _ISR 0008  
           __CFG_BOR$OFF 000000             __CFG_FOSC$HS 000000                     ?_ISR 0001  
           __CFG_WDT$OFF 000000                     PORTD 000F83                     _PEIE 007F96  
                   i2l40 0070                     i2l26 003C                     i2l37 0062  
                   _TMR2 000FCC                     _main 0040                     btemp 0003  
                   start 000E            __CFG_IESO$OFF 000000            __CFG_MCLRE$ON 000000  
           ___param_bank 000000                    ??_ISR 0003            __CFG_PLLDIV$1 000000  
         __CFG_CCP2MX$ON 000000                    ?_main 0001                    _T2CON 000FCA  
                  i2l734 005A                    i2l736 0014                    i2l738 0024  
          __CFG_USBDIV$1 000000            __CFG_PWRT$OFF 000000            __CFG_WRT0$OFF 000000  
          __CFG_WRT1$OFF 000000            __CFG_WRT2$OFF 000000            __CFG_WRT3$OFF 000000  
         __CFG_EBTR0$OFF 000000           __CFG_FCMEN$OFF 000000           __CFG_EBTR1$OFF 000000  
         __CFG_EBTR2$OFF 000000           __CFG_EBTR3$OFF 000000            __CFG_WRTB$OFF 000000  
          __CFG_WRTC$OFF 000000            __CFG_WRTD$OFF 000000           __CFG_EBTRB$OFF 000000  
                  _freq3 005A                    ttemp5 0004                    ttemp6 0007  
                  ttemp7 000B                    wtemp8 0004           __CFG_ICPRT$OFF 000000  
         __CFG_PBADEN$ON 000000          __initialization 0072             __end_of_main 005A  
                 ??_main 0003            __activetblptr 000000                   ?_freq3 0001  
                 _TMR2IE 007CE9                   _TMR2IF 007CF1                   _TMR2ON 007E52  
                 i2u3_40 0070                   i2u3_41 006C                   i2u4_40 0024  
                 i2u4_41 0020                   _TRISD3 007CAB           __CFG_XINST$OFF 000000  
         __CFG_STVREN$ON 000000               __accesstop 0060  __end_of__initialization 0072  
          ___rparam_used 000001           __pcstackCOMRAM 0001            __end_of_freq3 0072  
                ??_freq3 0003          __CFG_VREGEN$OFF 000000                  __Hparam 0000  
                __Lparam 0000                  __pcinit 0072                  __ramtop 0800  
                __ptext0 0040                  __ptext2 005A             __size_of_ISR 0038  
         __pintcode_body 0012     end_of_initialization 0072                  int_func 0012  
              _PORTDbits 000F83      start_initialization 0072              __end_of_ISR 0040  
       __CFG_LPT1OSC$OFF 000000                __pintcode 0008           __size_of_freq3 0018  
       __CFG_WDTPS$32768 000000                 __Hrparam 0000                 __Lrparam 0000  
          __size_of_main 001A                 int$flags 0003                 freq3@low 0001  
  __CFG_CPUDIV$OSC1_PLL2 000000                 intlevel2 0000  
