

Microchip MPLAB XC8 Assembler V2.10 build 88905656 
                                                                                               Tue Sep 29 10:42:59 2020

Microchip MPLAB XC8 C Compiler v2.10 (Free license) build 20190730164152 Og1 
     1                           	processor	18F4550
     2                           	fnconf	rparam,??,?,0
     3                           	opt	pw 120
     4                           	opt	flic
     5                           	psect	cinit,global,reloc=2,class=CODE,delta=1
     6                           	psect	cstackCOMRAM,global,class=COMRAM,space=1,delta=1,noexec
     7                           	psect	text0,global,reloc=2,class=CODE,delta=1
     8                           	psect	intcode,global,reloc=2,class=CODE,delta=1
     9                           	psect	intcode_body,global,reloc=2,class=CODE,delta=1
    10                           	psect	intsave_regs,global,class=BIGRAM,space=1,delta=1,noexec
    11                           	psect	rparam,global,class=COMRAM,space=1,delta=1,noexec
    12                           	psect	temp,global,ovrld,common,class=COMRAM,space=1,delta=1
    13  0000                     
    14                           ; Version 2.10
    15                           ; Generated 31/07/2019 GMT
    16                           ; 
    17                           ; Copyright © 2019, Microchip Technology Inc. and its subsidiaries ("Microchip")
    18                           ; All rights reserved.
    19                           ; 
    20                           ; This software is developed by Microchip Technology Inc. and its subsidiaries ("Microch
      +                          ip").
    21                           ; 
    22                           ; Redistribution and use in source and binary forms, with or without modification, are
    23                           ; permitted provided that the following conditions are met:
    24                           ; 
    25                           ;     1. Redistributions of source code must retain the above copyright notice, this lis
      +                          t of
    26                           ;        conditions and the following disclaimer.
    27                           ; 
    28                           ;     2. Redistributions in binary form must reproduce the above copyright notice, this 
      +                          list
    29                           ;        of conditions and the following disclaimer in the documentation and/or other
    30                           ;        materials provided with the distribution.
    31                           ; 
    32                           ;     3. Microchip's name may not be used to endorse or promote products derived from th
      +                          is
    33                           ;        software without specific prior written permission.
    34                           ; 
    35                           ; THIS SOFTWARE IS PROVIDED BY MICROCHIP "AS IS" AND ANY EXPRESS OR IMPLIED WARRANTIES,
    36                           ; INCLUDING, BUT NOT LIMITED TO, THE IMPLIED WARRANTIES OF MERCHANTABILITY AND FITNESS F
      +                          OR
    37                           ; PURPOSE ARE DISCLAIMED.  IN NO EVENT SHALL MICROCHIP BE LIABLE FOR ANY DIRECT, INDIREC
      +                          T,
    38                           ; INCIDENTAL, SPECIAL, EXEMPLARY, OR CONSEQUENTIAL DAMAGES (INCLUDING BUT NOT LIMITED TO
    39                           ; PROCUREMENT OF SUBSTITUTE GOODS OR SERVICES; LOSS OF USE, DATA OR PROFITS; OR BUSINESS
    40                           ; INTERRUPTION) HOWSOEVER CAUSED AND ON ANY THEORY OF LIABILITY, WHETHER IN CONTRACT, ST
      +                          RICT
    41                           ; LIABILITY, OR TORT (INCLUDING NEGLIGENCE OR OTHERWISE) ARISING IN ANY WAY OUT OF THE U
      +                          SE OF
    42                           ; THIS SOFTWARE, EVEN IF ADVISED OF THE POSSIBILITY OF SUCH DAMAGE.
    43                           ; 
    44                           ; 
    45                           ; Code-generator required, PIC18F4550 Definitions
    46                           ; 
    47                           ; SFR Addresses
    48  0000                     _PR2	set	4043
    49  0000                     _ADCON2	set	4032
    50  0000                     _ADCON1	set	4033
    51  0000                     _ADCON0	set	4034
    52  0000                     _T2CON	set	4042
    53  0000                     _CCP2CON	set	4026
    54  0000                     _CCP1CON	set	4029
    55  0000                     _CCPR2L	set	4027
    56  0000                     _ADRESH	set	4036
    57  0000                     _CCPR1L	set	4030
    58  0000                     _TMR2ON	set	32338
    59  0000                     _ADIE	set	31982
    60  0000                     _PEIE	set	32662
    61  0000                     _GIE	set	32663
    62  0000                     _TRISA1	set	31889
    63  0000                     _TRISA0	set	31888
    64  0000                     _TRISC2	set	31906
    65  0000                     _TRISC1	set	31905
    66  0000                     _GODONE	set	32273
    67  0000                     _ADIF	set	31990
    68  0000                     _CHS0	set	32274
    69                           
    70                           ; #config settings
    71  0000                     
    72                           	psect	cinit
    73  00007E                     __pcinit:
    74                           	opt callstack 0
    75  00007E                     start_initialization:
    76                           	opt callstack 0
    77  00007E                     __initialization:
    78                           	opt callstack 0
    79  00007E                     end_of_initialization:
    80                           	opt callstack 0
    81  00007E                     __end_of__initialization:
    82                           	opt callstack 0
    83  00007E  9001               	bcf	int$flags,0,c	;clear compiler interrupt flag (level 1)
    84  000080  9201               	bcf	int$flags,1,c	;clear compiler interrupt flag (level 2)
    85  000082  0100               	movlb	0
    86  000084  EF09  F000         	goto	_main	;jump to C main() function
    87                           
    88                           	psect	cstackCOMRAM
    89  000000                     __pcstackCOMRAM:
    90                           	opt callstack 0
    91  000000                     
    92                           ; 1 bytes @ 0x0
    93 ;;
    94 ;;Main: autosize = 0, tempsize = 0, incstack = 0, save=0
    95 ;;
    96 ;; *************** function _main *****************
    97 ;; Defined at:
    98 ;;		line 95 in file "lab 5.c"
    99 ;; Parameters:    Size  Location     Type
   100 ;;		None
   101 ;; Auto vars:     Size  Location     Type
   102 ;;		None
   103 ;; Return value:  Size  Location     Type
   104 ;;                  1    wreg      void 
   105 ;; Registers used:
   106 ;;		wreg, status,2
   107 ;; Tracked objects:
   108 ;;		On entry : 0/0
   109 ;;		On exit  : 0/0
   110 ;;		Unchanged: 0/0
   111 ;; Data sizes:     COMRAM   BANK0   BANK1   BANK2   BANK3   BANK4   BANK5   BANK6   BANK7
   112 ;;      Params:         0       0       0       0       0       0       0       0       0
   113 ;;      Locals:         0       0       0       0       0       0       0       0       0
   114 ;;      Temps:          0       0       0       0       0       0       0       0       0
   115 ;;      Totals:         0       0       0       0       0       0       0       0       0
   116 ;;Total ram usage:        0 bytes
   117 ;; Hardware stack levels required when called:    1
   118 ;; This function calls:
   119 ;;		Nothing
   120 ;; This function is called by:
   121 ;;		Startup code after reset
   122 ;; This function uses a non-reentrant model
   123 ;;
   124                           
   125                           	psect	text0
   126  000012                     __ptext0:
   127                           	opt callstack 0
   128  000012                     _main:
   129                           	opt callstack 30
   130  000012                     
   131                           ;lab 5.c: 97:     TRISC1 = 0;
   132  000012  9294               	bcf	3988,1,c	;volatile
   133                           
   134                           ;lab 5.c: 98:     TRISC2 = 0;
   135  000014  9494               	bcf	3988,2,c	;volatile
   136                           
   137                           ;lab 5.c: 100:     TRISA0 = 1;
   138  000016  8092               	bsf	3986,0,c	;volatile
   139                           
   140                           ;lab 5.c: 101:     TRISA1 = 1;
   141  000018  8292               	bsf	3986,1,c	;volatile
   142  00001A                     
   143                           ;lab 5.c: 103:     CCP1CON = 0B00001100;
   144  00001A  0E0C               	movlw	12
   145  00001C  6EBD               	movwf	189,c	;volatile
   146                           
   147                           ;lab 5.c: 104:     CCP2CON = 0B00001100;
   148  00001E  0E0C               	movlw	12
   149  000020  6EBA               	movwf	186,c	;volatile
   150                           
   151                           ;lab 5.c: 105:     T2CON = 0B00000000;
   152  000022  0E00               	movlw	0
   153  000024  6ECA               	movwf	202,c	;volatile
   154                           
   155                           ;lab 5.c: 107:     ADCON0 = 0B00000001;
   156  000026  0E01               	movlw	1
   157  000028  6EC2               	movwf	194,c	;volatile
   158                           
   159                           ;lab 5.c: 108:     ADCON1 = 0B00001101;
   160  00002A  0E0D               	movlw	13
   161  00002C  6EC1               	movwf	193,c	;volatile
   162                           
   163                           ;lab 5.c: 109:     ADCON2 = 0B00010010;
   164  00002E  0E12               	movlw	18
   165  000030  6EC0               	movwf	192,c	;volatile
   166  000032                     
   167                           ;lab 5.c: 111:     GIE = 1;
   168  000032  8EF2               	bsf	4082,7,c	;volatile
   169  000034                     
   170                           ;lab 5.c: 112:     PEIE = 1;
   171  000034  8CF2               	bsf	4082,6,c	;volatile
   172  000036                     
   173                           ;lab 5.c: 113:     ADIE = 1;
   174  000036  8C9D               	bsf	3997,6,c	;volatile
   175                           
   176                           ;lab 5.c: 115:     PR2 = 249;
   177  000038  0EF9               	movlw	249
   178  00003A  6ECB               	movwf	203,c	;volatile
   179  00003C                     
   180                           ;lab 5.c: 116:     TMR2ON = 1;
   181  00003C  84CA               	bsf	4042,2,c	;volatile
   182  00003E                     
   183                           ;lab 5.c: 117:     GODONE = 1;
   184  00003E  82C2               	bsf	4034,1,c	;volatile
   185  000040                     l55:
   186  000040  EF20  F000         	goto	l55
   187  000044  EF07  F000         	goto	start
   188  000048                     __end_of_main:
   189                           	opt callstack 0
   190                           
   191 ;; *************** function _ISR *****************
   192 ;; Defined at:
   193 ;;		line 79 in file "lab 5.c"
   194 ;; Parameters:    Size  Location     Type
   195 ;;		None
   196 ;; Auto vars:     Size  Location     Type
   197 ;;		None
   198 ;; Return value:  Size  Location     Type
   199 ;;                  1    wreg      void 
   200 ;; Registers used:
   201 ;;		None
   202 ;; Tracked objects:
   203 ;;		On entry : 0/0
   204 ;;		On exit  : 0/0
   205 ;;		Unchanged: 0/0
   206 ;; Data sizes:     COMRAM   BANK0   BANK1   BANK2   BANK3   BANK4   BANK5   BANK6   BANK7
   207 ;;      Params:         0       0       0       0       0       0       0       0       0
   208 ;;      Locals:         0       0       0       0       0       0       0       0       0
   209 ;;      Temps:          0       0       0       0       0       0       0       0       0
   210 ;;      Totals:         0       0       0       0       0       0       0       0       0
   211 ;;Total ram usage:        0 bytes
   212 ;; Hardware stack levels used:    1
   213 ;; This function calls:
   214 ;;		Nothing
   215 ;; This function is called by:
   216 ;;		Interrupt level 2
   217 ;; This function uses a non-reentrant model
   218 ;;
   219                           
   220                           	psect	intcode
   221  000008                     __pintcode:
   222                           	opt callstack 0
   223  000008                     _ISR:
   224                           	opt callstack 30
   225                           
   226                           ;incstack = 0
   227  000008  8201               	bsf	int$flags,1,c	;set compiler interrupt flag (level 2)
   228  00000A  ED24  F000         	call	int_func,f	;refresh shadow registers
   229                           
   230                           	psect	intcode_body
   231  000048                     __pintcode_body:
   232                           	opt callstack 30
   233  000048                     int_func:
   234                           	opt callstack 30
   235  000048  0006               	pop		; remove dummy address from shadow register refresh
   236  00004A                     
   237                           ;lab 5.c: 81:     if(CHS0 == 1)
   238  00004A  A4C2               	btfss	4034,2,c	;volatile
   239  00004C  EF2A  F000         	goto	i2u1_41
   240  000050  EF2C  F000         	goto	i2u1_40
   241  000054                     i2u1_41:
   242  000054  EF31  F000         	goto	i2l47
   243  000058                     i2u1_40:
   244  000058                     
   245                           ;lab 5.c: 82:     {;lab 5.c: 83:         CHS0 = 0;
   246  000058  94C2               	bcf	4034,2,c	;volatile
   247                           
   248                           ;lab 5.c: 84:         CCPR1L = ADRESH;
   249  00005A  CFC4 FFBE          	movff	4036,4030	;volatile
   250                           
   251                           ;lab 5.c: 85:     }
   252  00005E  EF3B  F000         	goto	i2l48
   253  000062                     i2l47:
   254  000062  B4C2               	btfsc	4034,2,c	;volatile
   255  000064  EF36  F000         	goto	i2u2_41
   256  000068  EF38  F000         	goto	i2u2_40
   257  00006C                     i2u2_41:
   258  00006C  EF3B  F000         	goto	i2l48
   259  000070                     i2u2_40:
   260  000070                     
   261                           ;lab 5.c: 87:     {;lab 5.c: 88:         CHS0 = 1;
   262  000070  84C2               	bsf	4034,2,c	;volatile
   263                           
   264                           ;lab 5.c: 89:         CCPR2L = ADRESH;
   265  000072  CFC4 FFBB          	movff	4036,4027	;volatile
   266  000076                     i2l48:
   267                           
   268                           ;lab 5.c: 91:     ADIF = 0;
   269  000076  9C9E               	bcf	3998,6,c	;volatile
   270                           
   271                           ;lab 5.c: 92:     GODONE = 1;
   272  000078  82C2               	bsf	4034,1,c	;volatile
   273  00007A  9201               	bcf	int$flags,1,c	;clear compiler interrupt flag (level 2)
   274  00007C  0011               	retfie		f
   275  00007E                     __end_of_ISR:
   276                           	opt callstack 0
   277  0000                     
   278                           	psect	rparam
   279  0000                     
   280                           	psect	temp
   281  000001                     btemp:
   282                           	opt callstack 0
   283  000001                     	ds	1
   284  0000                     int$flags	set	btemp
   285  0000                     wtemp8	set	btemp+1
   286  0000                     ttemp5	set	btemp+1
   287  0000                     ttemp6	set	btemp+4
   288  0000                     ttemp7	set	btemp+8
   289                           tosu	equ	0xFFF
   290                           tosh	equ	0xFFE
   291                           tosl	equ	0xFFD
   292                           stkptr	equ	0xFFC
   293                           pclatu	equ	0xFFB
   294                           pclath	equ	0xFFA
   295                           pcl	equ	0xFF9
   296                           tblptru	equ	0xFF8
   297                           tblptrh	equ	0xFF7
   298                           tblptrl	equ	0xFF6
   299                           tablat	equ	0xFF5
   300                           prodh	equ	0xFF4
   301                           prodl	equ	0xFF3
   302                           indf0	equ	0xFEF
   303                           postinc0	equ	0xFEE
   304                           postdec0	equ	0xFED
   305                           preinc0	equ	0xFEC
   306                           plusw0	equ	0xFEB
   307                           fsr0h	equ	0xFEA
   308                           fsr0l	equ	0xFE9
   309                           wreg	equ	0xFE8
   310                           indf1	equ	0xFE7
   311                           postinc1	equ	0xFE6
   312                           postdec1	equ	0xFE5
   313                           preinc1	equ	0xFE4
   314                           plusw1	equ	0xFE3
   315                           fsr1h	equ	0xFE2
   316                           fsr1l	equ	0xFE1
   317                           bsr	equ	0xFE0
   318                           indf2	equ	0xFDF
   319                           postinc2	equ	0xFDE
   320                           postdec2	equ	0xFDD
   321                           preinc2	equ	0xFDC
   322                           plusw2	equ	0xFDB
   323                           fsr2h	equ	0xFDA
   324                           fsr2l	equ	0xFD9
   325                           status	equ	0xFD8


Data Sizes:
    Strings     0
    Constant    0
    Data        0
    BSS         0
    Persistent  0
    Stack       0

Auto Spaces:
    Space          Size  Autos    Used
    COMRAM           94      0       0
    BANK0           160      0       0
    BANK1           256      0       0
    BANK2           256      0       0
    BANK3           256      0       0
    BANK4           256      0       0
    BANK5           256      0       0
    BANK6           256      0       0
    BANK7           256      0       0

Pointer List with Targets:

    None.

Critical Paths under _main in COMRAM

    None.

Critical Paths under _ISR in COMRAM

    None.

Critical Paths under _main in BANK0

    None.

Critical Paths under _ISR in BANK0

    None.

Critical Paths under _main in BANK1

    None.

Critical Paths under _ISR in BANK1

    None.

Critical Paths under _main in BANK2

    None.

Critical Paths under _ISR in BANK2

    None.

Critical Paths under _main in BANK3

    None.

Critical Paths under _ISR in BANK3

    None.

Critical Paths under _main in BANK4

    None.

Critical Paths under _ISR in BANK4

    None.

Critical Paths under _main in BANK5

    None.

Critical Paths under _ISR in BANK5

    None.

Critical Paths under _main in BANK6

    None.

Critical Paths under _ISR in BANK6

    None.

Critical Paths under _main in BANK7

    None.

Critical Paths under _ISR in BANK7

    None.

Call Graph Tables:

 ---------------------------------------------------------------------------------
 (Depth) Function   	        Calls       Base Space   Used Autos Params    Refs
 ---------------------------------------------------------------------------------
 (0) _main                                                 0     0      0       0
 ---------------------------------------------------------------------------------
 Estimated maximum stack depth 0
 ---------------------------------------------------------------------------------
 (Depth) Function   	        Calls       Base Space   Used Autos Params    Refs
 ---------------------------------------------------------------------------------
 (1) _ISR                                                  0     0      0       0
 ---------------------------------------------------------------------------------
 Estimated maximum stack depth 1
 ---------------------------------------------------------------------------------

 Call Graph Graphs:

 _main (ROOT)

 _ISR (ROOT)

 Address spaces:
Name               Size   Autos  Total    Cost      Usage
BITCOMRAM           5E      0       0       0        0.0%
EEDATA             100      0       0       0        0.0%
NULL                 0      0       0       0        0.0%
CODE                 0      0       0       0        0.0%
COMRAM              5E      0       0       1        0.0%
STACK                0      0       0       2        0.0%
DATA                 0      0       0       3        0.0%
BITBANK0            A0      0       0       4        0.0%
BANK0               A0      0       0       5        0.0%
BITBANK1           100      0       0       6        0.0%
BANK1              100      0       0       7        0.0%
BITBANK2           100      0       0       8        0.0%
BANK2              100      0       0       9        0.0%
BITBANK3           100      0       0      10        0.0%
BANK3              100      0       0      11        0.0%
BITBANK4           100      0       0      12        0.0%
BANK4              100      0       0      13        0.0%
BITBANK5           100      0       0      14        0.0%
BANK5              100      0       0      15        0.0%
BITBANK6           100      0       0      16        0.0%
BANK6              100      0       0      17        0.0%
BITBANK7           100      0       0      18        0.0%
BANK7              100      0       0      19        0.0%
ABS                  0      0       0      20        0.0%
BIGRAM             7FF      0       0      21        0.0%
BITSFR               0      0       0     200        0.0%
SFR                  0      0       0     200        0.0%


Microchip Technology PIC18 Macro Assembler V2.10 build 88905656 
Symbol Table                                                                                   Tue Sep 29 10:42:59 2020

                     l55 0040                       l56 0040              __CFG_BORV$3 000000  
           __CFG_CP0$OFF 000000             __CFG_CP1$OFF 000000             __CFG_CP2$OFF 000000  
           __CFG_CP3$OFF 000000              __CFG_LVP$ON 000000                      l740 0012  
                    l750 003C                      l742 001A                      l752 003E  
                    l744 0032                      l746 0034                      l748 0036  
                    _GIE 007F97             __CFG_CPB$OFF 000000                      _PR2 000FCB  
           __CFG_CPD$OFF 000000                      _ISR 0008             __CFG_BOR$OFF 000000  
           __CFG_FOSC$HS 000000                     ?_ISR 0000             __CFG_WDT$OFF 000000  
                   _ADIE 007CEE                     _ADIF 007CF6                     _CHS0 007E12  
                   _PEIE 007F96                     i2l50 007A                     i2l47 0062  
                   i2l48 0076                     _main 0012                     btemp 0001  
                   start 000E            __CFG_IESO$OFF 000000            __CFG_MCLRE$ON 000000  
           ___param_bank 000000                    ??_ISR 0000            __CFG_PLLDIV$1 000000  
         __CFG_CCP2MX$ON 000000                    ?_main 0000                    _T2CON 000FCA  
                  i2l734 004A                    i2l736 0058                    i2l738 0070  
          __CFG_USBDIV$1 000000            __CFG_PWRT$OFF 000000            __CFG_WRT0$OFF 000000  
          __CFG_WRT1$OFF 000000            __CFG_WRT2$OFF 000000            __CFG_WRT3$OFF 000000  
         __CFG_EBTR0$OFF 000000           __CFG_FCMEN$OFF 000000           __CFG_EBTR1$OFF 000000  
         __CFG_EBTR2$OFF 000000           __CFG_EBTR3$OFF 000000            __CFG_WRTB$OFF 000000  
          __CFG_WRTC$OFF 000000            __CFG_WRTD$OFF 000000           __CFG_EBTRB$OFF 000000  
                  ttemp5 0002                    ttemp6 0005                    ttemp7 0009  
                  wtemp8 0002           __CFG_ICPRT$OFF 000000          __initialization 007E  
           __end_of_main 0048                   ??_main 0000            __activetblptr 000000  
                 _ADCON0 000FC2                   _ADCON1 000FC1                   _ADCON2 000FC0  
                 _ADRESH 000FC4                   _CCPR1L 000FBE                   _CCPR2L 000FBB  
                 _GODONE 007E11                   _TMR2ON 007E52                   i2u1_40 0058  
                 i2u1_41 0054                   i2u2_40 0070                   i2u2_41 006C  
                 _TRISA0 007C90                   _TRISA1 007C91                   _TRISC1 007CA1  
                 _TRISC2 007CA2           __CFG_XINST$OFF 000000           __CFG_STVREN$ON 000000  
             __accesstop 0060  __end_of__initialization 007E          __CFG_PBADEN$OFF 000000  
          ___rparam_used 000001           __pcstackCOMRAM 0000                  _CCP1CON 000FBD  
                _CCP2CON 000FBA          __CFG_VREGEN$OFF 000000                  __Hparam 0000  
                __Lparam 0000                  __pcinit 007E                  __ramtop 0800  
                __ptext0 0012             __size_of_ISR 0076           __pintcode_body 0048  
   end_of_initialization 007E                  int_func 0048      start_initialization 007E  
            __end_of_ISR 007E         __CFG_LPT1OSC$OFF 000000                __pintcode 0008  
       __CFG_WDTPS$32768 000000                 __Hrparam 0000                 __Lrparam 0000  
          __size_of_main 0036                 int$flags 0001    __CFG_CPUDIV$OSC1_PLL2 000000  
               intlevel2 0000  
