

Microchip MPLAB XC8 Assembler V2.10 build 88905656 
                                                                                               Fri Jul 31 11:23:06 2020

Microchip MPLAB XC8 C Compiler v2.10 (Free license) build 20190730164152 Og1 
     1                           	processor	18F4550
     2                           	fnconf	rparam,??,?,0
     3                           	opt	pw 120
     4                           	opt	flic
     5                           	psect	cinit,global,reloc=2,class=CODE,delta=1
     6                           	psect	cstackCOMRAM,global,class=COMRAM,space=1,delta=1,noexec
     7                           	psect	text0,global,reloc=2,class=CODE,delta=1
     8                           	psect	intsave_regs,global,class=BIGRAM,space=1,delta=1,noexec
     9                           	psect	rparam,global,class=COMRAM,space=1,delta=1,noexec
    10  0000                     
    11                           ; Version 2.10
    12                           ; Generated 31/07/2019 GMT
    13                           ; 
    14                           ; Copyright © 2019, Microchip Technology Inc. and its subsidiaries ("Microchip")
    15                           ; All rights reserved.
    16                           ; 
    17                           ; This software is developed by Microchip Technology Inc. and its subsidiaries ("Microch
      +                          ip").
    18                           ; 
    19                           ; Redistribution and use in source and binary forms, with or without modification, are
    20                           ; permitted provided that the following conditions are met:
    21                           ; 
    22                           ;     1. Redistributions of source code must retain the above copyright notice, this lis
      +                          t of
    23                           ;        conditions and the following disclaimer.
    24                           ; 
    25                           ;     2. Redistributions in binary form must reproduce the above copyright notice, this 
      +                          list
    26                           ;        of conditions and the following disclaimer in the documentation and/or other
    27                           ;        materials provided with the distribution.
    28                           ; 
    29                           ;     3. Microchip's name may not be used to endorse or promote products derived from th
      +                          is
    30                           ;        software without specific prior written permission.
    31                           ; 
    32                           ; THIS SOFTWARE IS PROVIDED BY MICROCHIP "AS IS" AND ANY EXPRESS OR IMPLIED WARRANTIES,
    33                           ; INCLUDING, BUT NOT LIMITED TO, THE IMPLIED WARRANTIES OF MERCHANTABILITY AND FITNESS F
      +                          OR
    34                           ; PURPOSE ARE DISCLAIMED.  IN NO EVENT SHALL MICROCHIP BE LIABLE FOR ANY DIRECT, INDIREC
      +                          T,
    35                           ; INCIDENTAL, SPECIAL, EXEMPLARY, OR CONSEQUENTIAL DAMAGES (INCLUDING BUT NOT LIMITED TO
    36                           ; PROCUREMENT OF SUBSTITUTE GOODS OR SERVICES; LOSS OF USE, DATA OR PROFITS; OR BUSINESS
    37                           ; INTERRUPTION) HOWSOEVER CAUSED AND ON ANY THEORY OF LIABILITY, WHETHER IN CONTRACT, ST
      +                          RICT
    38                           ; LIABILITY, OR TORT (INCLUDING NEGLIGENCE OR OTHERWISE) ARISING IN ANY WAY OUT OF THE U
      +                          SE OF
    39                           ; THIS SOFTWARE, EVEN IF ADVISED OF THE POSSIBILITY OF SUCH DAMAGE.
    40                           ; 
    41                           ; 
    42                           ; Code-generator required, PIC18F4550 Definitions
    43                           ; 
    44                           ; SFR Addresses
    45  0000                     _TMR0L	set	4054
    46  0000                     _PORTD	set	3971
    47  0000                     _T0CON	set	4053
    48  0000                     _TRISD	set	3989
    49  0000                     _TMR0ON	set	32431
    50                           
    51                           ; #config settings
    52  0000                     
    53                           	psect	cinit
    54  007FDC                     __pcinit:
    55                           	opt callstack 0
    56  007FDC                     start_initialization:
    57                           	opt callstack 0
    58  007FDC                     __initialization:
    59                           	opt callstack 0
    60  007FDC                     end_of_initialization:
    61                           	opt callstack 0
    62  007FDC                     __end_of__initialization:
    63                           	opt callstack 0
    64  007FDC  0100               	movlb	0
    65  007FDE  EFF1  F03F         	goto	_main	;jump to C main() function
    66                           
    67                           	psect	cstackCOMRAM
    68  000000                     __pcstackCOMRAM:
    69                           	opt callstack 0
    70  000000                     
    71                           ; 1 bytes @ 0x0
    72 ;;
    73 ;;Main: autosize = 0, tempsize = 0, incstack = 0, save=0
    74 ;;
    75 ;; *************** function _main *****************
    76 ;; Defined at:
    77 ;;		line 73 in file "lab 2b.c"
    78 ;; Parameters:    Size  Location     Type
    79 ;;		None
    80 ;; Auto vars:     Size  Location     Type
    81 ;;		None
    82 ;; Return value:  Size  Location     Type
    83 ;;                  1    wreg      void 
    84 ;; Registers used:
    85 ;;		wreg, status,2
    86 ;; Tracked objects:
    87 ;;		On entry : 0/0
    88 ;;		On exit  : 0/0
    89 ;;		Unchanged: 0/0
    90 ;; Data sizes:     COMRAM   BANK0   BANK1   BANK2   BANK3   BANK4   BANK5   BANK6   BANK7
    91 ;;      Params:         0       0       0       0       0       0       0       0       0
    92 ;;      Locals:         0       0       0       0       0       0       0       0       0
    93 ;;      Temps:          0       0       0       0       0       0       0       0       0
    94 ;;      Totals:         0       0       0       0       0       0       0       0       0
    95 ;;Total ram usage:        0 bytes
    96 ;; This function calls:
    97 ;;		Nothing
    98 ;; This function is called by:
    99 ;;		Startup code after reset
   100 ;; This function uses a non-reentrant model
   101 ;;
   102                           
   103                           	psect	text0
   104  007FE2                     __ptext0:
   105                           	opt callstack 0
   106  007FE2                     _main:
   107                           	opt callstack 31
   108  007FE2                     
   109                           ;lab 2b.c: 75:     TRISD = 0;
   110  007FE2  0E00               	movlw	0
   111  007FE4  6E95               	movwf	149,c	;volatile
   112                           
   113                           ;lab 2b.c: 76:     T0CON = 0B01101000;
   114  007FE6  0E68               	movlw	104
   115  007FE8  6ED5               	movwf	213,c	;volatile
   116                           
   117                           ;lab 2b.c: 77:     PORTD = 0;
   118  007FEA  0E00               	movlw	0
   119  007FEC  6E83               	movwf	131,c	;volatile
   120                           
   121                           ;lab 2b.c: 78:     TMR0L = 0;
   122  007FEE  0E00               	movlw	0
   123  007FF0  6ED6               	movwf	214,c	;volatile
   124  007FF2                     
   125                           ;lab 2b.c: 80:     TMR0ON=1;
   126  007FF2  8ED5               	bsf	4053,7,c	;volatile
   127  007FF4                     l698:
   128                           
   129                           ;lab 2b.c: 83:     {;lab 2b.c: 84:         PORTD =TMR0L;
   130  007FF4  CFD6 FF83          	movff	4054,3971	;volatile
   131  007FF8  EFFA  F03F         	goto	l698
   132  007FFC  EF00  F000         	goto	start
   133  008000                     __end_of_main:
   134                           	opt callstack 0
   135  0000                     
   136                           	psect	rparam
   137  0000                     tosu	equ	0xFFF
   138                           tosh	equ	0xFFE
   139                           tosl	equ	0xFFD
   140                           stkptr	equ	0xFFC
   141                           pclatu	equ	0xFFB
   142                           pclath	equ	0xFFA
   143                           pcl	equ	0xFF9
   144                           tblptru	equ	0xFF8
   145                           tblptrh	equ	0xFF7
   146                           tblptrl	equ	0xFF6
   147                           tablat	equ	0xFF5
   148                           prodh	equ	0xFF4
   149                           prodl	equ	0xFF3
   150                           indf0	equ	0xFEF
   151                           postinc0	equ	0xFEE
   152                           postdec0	equ	0xFED
   153                           preinc0	equ	0xFEC
   154                           plusw0	equ	0xFEB
   155                           fsr0h	equ	0xFEA
   156                           fsr0l	equ	0xFE9
   157                           wreg	equ	0xFE8
   158                           indf1	equ	0xFE7
   159                           postinc1	equ	0xFE6
   160                           postdec1	equ	0xFE5
   161                           preinc1	equ	0xFE4
   162                           plusw1	equ	0xFE3
   163                           fsr1h	equ	0xFE2
   164                           fsr1l	equ	0xFE1
   165                           bsr	equ	0xFE0
   166                           indf2	equ	0xFDF
   167                           postinc2	equ	0xFDE
   168                           postdec2	equ	0xFDD
   169                           preinc2	equ	0xFDC
   170                           plusw2	equ	0xFDB
   171                           fsr2h	equ	0xFDA
   172                           fsr2l	equ	0xFD9
   173                           status	equ	0xFD8


Data Sizes:
    Strings     0
    Constant    0
    Data        0
    BSS         0
    Persistent  0
    Stack       0

Auto Spaces:
    Space          Size  Autos    Used
    COMRAM           95      0       0
    BANK0           160      0       0
    BANK1           256      0       0
    BANK2           256      0       0
    BANK3           256      0       0
    BANK4           256      0       0
    BANK5           256      0       0
    BANK6           256      0       0
    BANK7           256      0       0

Pointer List with Targets:

    None.

Critical Paths under _main in COMRAM

    None.

Critical Paths under _main in BANK0

    None.

Critical Paths under _main in BANK1

    None.

Critical Paths under _main in BANK2

    None.

Critical Paths under _main in BANK3

    None.

Critical Paths under _main in BANK4

    None.

Critical Paths under _main in BANK5

    None.

Critical Paths under _main in BANK6

    None.

Critical Paths under _main in BANK7

    None.

Call Graph Tables:

 ---------------------------------------------------------------------------------
 (Depth) Function   	        Calls       Base Space   Used Autos Params    Refs
 ---------------------------------------------------------------------------------
 (0) _main                                                 0     0      0       0
 ---------------------------------------------------------------------------------
 Estimated maximum stack depth 0
 ---------------------------------------------------------------------------------

 Call Graph Graphs:

 _main (ROOT)

 Address spaces:
Name               Size   Autos  Total    Cost      Usage
BITCOMRAM           5F      0       0       0        0.0%
EEDATA             100      0       0       0        0.0%
NULL                 0      0       0       0        0.0%
CODE                 0      0       0       0        0.0%
COMRAM              5F      0       0       1        0.0%
STACK                0      0       0       2        0.0%
DATA                 0      0       0       3        0.0%
BITBANK0            A0      0       0       4        0.0%
BANK0               A0      0       0       5        0.0%
BITBANK1           100      0       0       6        0.0%
BANK1              100      0       0       7        0.0%
BITBANK2           100      0       0       8        0.0%
BANK2              100      0       0       9        0.0%
BITBANK3           100      0       0      10        0.0%
BANK3              100      0       0      11        0.0%
BITBANK4           100      0       0      12        0.0%
BANK4              100      0       0      13        0.0%
BITBANK5           100      0       0      14        0.0%
BANK5              100      0       0      15        0.0%
BITBANK6           100      0       0      16        0.0%
BANK6              100      0       0      17        0.0%
BITBANK7           100      0       0      18        0.0%
BANK7              100      0       0      19        0.0%
ABS                  0      0       0      20        0.0%
BIGRAM             7FF      0       0      21        0.0%
BITSFR               0      0       0     200        0.0%
SFR                  0      0       0     200        0.0%


Microchip Technology PIC18 Macro Assembler V2.10 build 88905656 
Symbol Table                                                                                   Fri Jul 31 11:23:06 2020

            __CFG_BORV$3 000000             __CFG_CP0$OFF 000000             __CFG_CP1$OFF 000000  
           __CFG_CP2$OFF 000000             __CFG_CP3$OFF 000000              __CFG_LVP$ON 000000  
                    l694 7FE2                      l696 7FF2                      l698 7FF4  
           __CFG_CPB$OFF 000000             __CFG_CPD$OFF 000000             __CFG_BOR$OFF 000000  
           __CFG_FOSC$HS 000000             __CFG_WDT$OFF 000000                     _main 7FE2  
                   start 0000            __CFG_IESO$OFF 000000            __CFG_MCLRE$ON 000000  
           ___param_bank 000000            __CFG_PLLDIV$1 000000           __CFG_CCP2MX$ON 000000  
                  ?_main 0000                    _T0CON 000FD5                    _TMR0L 000FD6  
                  _PORTD 000F83            __CFG_USBDIV$1 000000                    _TRISD 000F95  
          __CFG_PWRT$OFF 000000            __CFG_WRT0$OFF 000000            __CFG_WRT1$OFF 000000  
          __CFG_WRT2$OFF 000000            __CFG_WRT3$OFF 000000           __CFG_EBTR0$OFF 000000  
         __CFG_FCMEN$OFF 000000           __CFG_EBTR1$OFF 000000           __CFG_EBTR2$OFF 000000  
         __CFG_EBTR3$OFF 000000            __CFG_WRTB$OFF 000000            __CFG_WRTC$OFF 000000  
          __CFG_WRTD$OFF 000000           __CFG_EBTRB$OFF 000000           __CFG_ICPRT$OFF 000000  
         __CFG_PBADEN$ON 000000          __initialization 7FDC             __end_of_main 8000  
                 ??_main 0000            __activetblptr 000000                   _TMR0ON 007EAF  
         __CFG_XINST$OFF 000000           __CFG_STVREN$ON 000000               __accesstop 0060  
__end_of__initialization 7FDC            ___rparam_used 000001           __pcstackCOMRAM 0000  
        __CFG_VREGEN$OFF 000000                  __Hparam 0000                  __Lparam 0000  
                __pcinit 7FDC                  __ramtop 0800                  __ptext0 7FE2  
   end_of_initialization 7FDC      start_initialization 7FDC         __CFG_LPT1OSC$OFF 000000  
       __CFG_WDTPS$32768 000000                 __Hrparam 0000                 __Lrparam 0000  
          __size_of_main 001E    __CFG_CPUDIV$OSC1_PLL2 000000  
