

Microchip MPLAB XC8 Assembler V2.10 build 88905656 
                                                                                               Sun Jun 28 10:21:48 2020

Microchip MPLAB XC8 C Compiler v2.10 (Free license) build 20190730164152 Og1 
     1                           	processor	18F4550
     2                           	fnconf	rparam,??,?,0
     3                           	opt	pw 120
     4                           	opt	flic
     5                           	psect	cinit,global,reloc=2,class=CODE,delta=1
     6                           	psect	cstackCOMRAM,global,class=COMRAM,space=1,delta=1,noexec
     7                           	psect	text0,global,reloc=2,class=CODE,delta=1
     8                           	psect	intcode,global,reloc=2,class=CODE,delta=1
     9                           	psect	intcode_body,global,reloc=2,class=CODE,delta=1
    10                           	psect	text2,global,reloc=2,class=CODE,delta=1
    11                           	psect	text3,global,reloc=2,class=CODE,delta=1
    12                           	psect	text4,global,reloc=2,class=CODE,delta=1
    13                           	psect	text5,global,reloc=2,class=CODE,delta=1
    14                           	psect	intsave_regs,global,class=BIGRAM,space=1,delta=1,noexec
    15                           	psect	rparam,global,class=COMRAM,space=1,delta=1,noexec
    16                           	psect	temp,global,ovrld,common,class=COMRAM,space=1,delta=1
    17  0000                     
    18                           ; Version 2.10
    19                           ; Generated 31/07/2019 GMT
    20                           ; 
    21                           ; Copyright © 2019, Microchip Technology Inc. and its subsidiaries ("Microchip")
    22                           ; All rights reserved.
    23                           ; 
    24                           ; This software is developed by Microchip Technology Inc. and its subsidiaries ("Microch
      +                          ip").
    25                           ; 
    26                           ; Redistribution and use in source and binary forms, with or without modification, are
    27                           ; permitted provided that the following conditions are met:
    28                           ; 
    29                           ;     1. Redistributions of source code must retain the above copyright notice, this lis
      +                          t of
    30                           ;        conditions and the following disclaimer.
    31                           ; 
    32                           ;     2. Redistributions in binary form must reproduce the above copyright notice, this 
      +                          list
    33                           ;        of conditions and the following disclaimer in the documentation and/or other
    34                           ;        materials provided with the distribution.
    35                           ; 
    36                           ;     3. Microchip's name may not be used to endorse or promote products derived from th
      +                          is
    37                           ;        software without specific prior written permission.
    38                           ; 
    39                           ; THIS SOFTWARE IS PROVIDED BY MICROCHIP "AS IS" AND ANY EXPRESS OR IMPLIED WARRANTIES,
    40                           ; INCLUDING, BUT NOT LIMITED TO, THE IMPLIED WARRANTIES OF MERCHANTABILITY AND FITNESS F
      +                          OR
    41                           ; PURPOSE ARE DISCLAIMED.  IN NO EVENT SHALL MICROCHIP BE LIABLE FOR ANY DIRECT, INDIREC
      +                          T,
    42                           ; INCIDENTAL, SPECIAL, EXEMPLARY, OR CONSEQUENTIAL DAMAGES (INCLUDING BUT NOT LIMITED TO
    43                           ; PROCUREMENT OF SUBSTITUTE GOODS OR SERVICES; LOSS OF USE, DATA OR PROFITS; OR BUSINESS
    44                           ; INTERRUPTION) HOWSOEVER CAUSED AND ON ANY THEORY OF LIABILITY, WHETHER IN CONTRACT, ST
      +                          RICT
    45                           ; LIABILITY, OR TORT (INCLUDING NEGLIGENCE OR OTHERWISE) ARISING IN ANY WAY OUT OF THE U
      +                          SE OF
    46                           ; THIS SOFTWARE, EVEN IF ADVISED OF THE POSSIBILITY OF SUCH DAMAGE.
    47                           ; 
    48                           ; 
    49                           ; Code-generator required, PIC18F4550 Definitions
    50                           ; 
    51                           ; SFR Addresses
    52  0000                     _TMR2	set	4044
    53  0000                     _TMR3L	set	4018
    54  0000                     _TMR3H	set	4019
    55  0000                     _TMR1L	set	4046
    56  0000                     _TMR1H	set	4047
    57  0000                     _TMR0L	set	4054
    58  0000                     _TMR0H	set	4055
    59  0000                     _T3CON	set	4017
    60  0000                     _T2CON	set	4042
    61  0000                     _T1CON	set	4045
    62  0000                     _T0CON	set	4053
    63  0000                     _PORTDbits	set	3971
    64  0000                     _GIE	set	32663
    65  0000                     _PEIE	set	32662
    66  0000                     _TMR3ON	set	32136
    67  0000                     _TMR2ON	set	32338
    68  0000                     _TMR1ON	set	32360
    69  0000                     _TMR0ON	set	32431
    70  0000                     _TMR3IE	set	32001
    71  0000                     _TMR2IE	set	31977
    72  0000                     _TMR1IE	set	31976
    73  0000                     _TMR0IE	set	32661
    74  0000                     _TRISD3	set	31915
    75  0000                     _TRISD2	set	31914
    76  0000                     _TRISD1	set	31913
    77  0000                     _TRISD0	set	31912
    78  0000                     _TMR2IF	set	31985
    79  0000                     _TMR3IF	set	32009
    80  0000                     _TMR1IF	set	31984
    81  0000                     _TMR0IF	set	32658
    82                           
    83                           ; #config settings
    84  0000                     
    85                           	psect	cinit
    86  000190                     __pcinit:
    87                           	opt callstack 0
    88  000190                     start_initialization:
    89                           	opt callstack 0
    90  000190                     __initialization:
    91                           	opt callstack 0
    92  000190                     end_of_initialization:
    93                           	opt callstack 0
    94  000190                     __end_of__initialization:
    95                           	opt callstack 0
    96  000190  9005               	bcf	int$flags,0,c	;clear compiler interrupt flag (level 1)
    97  000192  9205               	bcf	int$flags,1,c	;clear compiler interrupt flag (level 2)
    98  000194  0100               	movlb	0
    99  000196  EF70  F000         	goto	_main	;jump to C main() function
   100                           
   101                           	psect	cstackCOMRAM
   102  000001                     __pcstackCOMRAM:
   103                           	opt callstack 0
   104  000001                     freq0@high:
   105                           	opt callstack 0
   106  000001                     freq1@high:
   107                           	opt callstack 0
   108  000001                     freq2@high:
   109                           	opt callstack 0
   110  000001                     freq3@low:
   111                           	opt callstack 0
   112                           
   113                           ; 2 bytes @ 0x0
   114  000001                     	ds	2
   115  000003                     freq0@low:
   116                           	opt callstack 0
   117  000003                     freq1@low:
   118                           	opt callstack 0
   119  000003                     freq2@low:
   120                           	opt callstack 0
   121                           
   122                           ; 2 bytes @ 0x2
   123  000003                     	ds	2
   124  000005                     
   125                           ; 1 bytes @ 0x4
   126 ;;
   127 ;;Main: autosize = 0, tempsize = 0, incstack = 0, save=0
   128 ;;
   129 ;; *************** function _main *****************
   130 ;; Defined at:
   131 ;;		line 122 in file "2018010_assign_05.c"
   132 ;; Parameters:    Size  Location     Type
   133 ;;		None
   134 ;; Auto vars:     Size  Location     Type
   135 ;;		None
   136 ;; Return value:  Size  Location     Type
   137 ;;                  1    wreg      void 
   138 ;; Registers used:
   139 ;;		wreg, status,2
   140 ;; Tracked objects:
   141 ;;		On entry : 0/0
   142 ;;		On exit  : 0/0
   143 ;;		Unchanged: 0/0
   144 ;; Data sizes:     COMRAM   BANK0   BANK1   BANK2   BANK3   BANK4   BANK5   BANK6   BANK7
   145 ;;      Params:         0       0       0       0       0       0       0       0       0
   146 ;;      Locals:         0       0       0       0       0       0       0       0       0
   147 ;;      Temps:          0       0       0       0       0       0       0       0       0
   148 ;;      Totals:         0       0       0       0       0       0       0       0       0
   149 ;;Total ram usage:        0 bytes
   150 ;; Hardware stack levels required when called:    2
   151 ;; This function calls:
   152 ;;		Nothing
   153 ;; This function is called by:
   154 ;;		Startup code after reset
   155 ;; This function uses a non-reentrant model
   156 ;;
   157                           
   158                           	psect	text0
   159  0000E0                     __ptext0:
   160                           	opt callstack 0
   161  0000E0                     _main:
   162                           	opt callstack 29
   163  0000E0  9095               	bcf	3989,0,c	;volatile
   164  0000E2  9295               	bcf	3989,1,c	;volatile
   165  0000E4  9495               	bcf	3989,2,c	;volatile
   166  0000E6  9695               	bcf	3989,3,c	;volatile
   167  0000E8  9083               	bcf	131,0,c	;volatile
   168  0000EA  9283               	bcf	131,1,c	;volatile
   169  0000EC  9483               	bcf	131,2,c	;volatile
   170  0000EE  9683               	bcf	131,3,c	;volatile
   171  0000F0  8AF2               	bsf	4082,5,c	;volatile
   172  0000F2  809D               	bsf	3997,0,c	;volatile
   173  0000F4  829D               	bsf	3997,1,c	;volatile
   174  0000F6  82A0               	bsf	4000,1,c	;volatile
   175  0000F8  0E00               	movlw	0
   176  0000FA  6ED5               	movwf	213,c	;volatile
   177  0000FC  0E88               	movlw	136
   178  0000FE  6ECD               	movwf	205,c	;volatile
   179  000100  0E00               	movlw	0
   180  000102  6ECA               	movwf	202,c	;volatile
   181  000104  0E04               	movlw	4
   182  000106  6EB1               	movwf	177,c	;volatile
   183  000108  8ED5               	bsf	4053,7,c	;volatile
   184  00010A  80CD               	bsf	4045,0,c	;volatile
   185  00010C  84CA               	bsf	4042,2,c	;volatile
   186  00010E  80B1               	bsf	4017,0,c	;volatile
   187  000110  94F2               	bcf	4082,2,c	;volatile
   188  000112  909E               	bcf	3998,0,c	;volatile
   189  000114  929E               	bcf	3998,1,c	;volatile
   190  000116  92A1               	bcf	4001,1,c	;volatile
   191  000118  8CF2               	bsf	4082,6,c	;volatile
   192  00011A  8EF2               	bsf	4082,7,c	;volatile
   193  00011C                     l82:
   194  00011C  EF8E  F000         	goto	l82
   195  000120  EF07  F000         	goto	start
   196  000124                     __end_of_main:
   197                           	opt callstack 0
   198                           
   199 ;; *************** function _ISR *****************
   200 ;; Defined at:
   201 ;;		line 85 in file "2018010_assign_05.c"
   202 ;; Parameters:    Size  Location     Type
   203 ;;		None
   204 ;; Auto vars:     Size  Location     Type
   205 ;;		None
   206 ;; Return value:  Size  Location     Type
   207 ;;                  1    wreg      void 
   208 ;; Registers used:
   209 ;;		wreg, status,2, cstack
   210 ;; Tracked objects:
   211 ;;		On entry : 0/0
   212 ;;		On exit  : 0/0
   213 ;;		Unchanged: 0/0
   214 ;; Data sizes:     COMRAM   BANK0   BANK1   BANK2   BANK3   BANK4   BANK5   BANK6   BANK7
   215 ;;      Params:         0       0       0       0       0       0       0       0       0
   216 ;;      Locals:         0       0       0       0       0       0       0       0       0
   217 ;;      Temps:          0       0       0       0       0       0       0       0       0
   218 ;;      Totals:         0       0       0       0       0       0       0       0       0
   219 ;;Total ram usage:        0 bytes
   220 ;; Hardware stack levels used:    1
   221 ;; Hardware stack levels required when called:    1
   222 ;; This function calls:
   223 ;;		_freq0
   224 ;;		_freq1
   225 ;;		_freq2
   226 ;;		_freq3
   227 ;; This function is called by:
   228 ;;		Interrupt level 2
   229 ;; This function uses a non-reentrant model
   230 ;;
   231                           
   232                           	psect	intcode
   233  000008                     __pintcode:
   234                           	opt callstack 0
   235  000008                     _ISR:
   236                           	opt callstack 29
   237                           
   238                           ;incstack = 0
   239  000008  8205               	bsf	int$flags,1,c	;set compiler interrupt flag (level 2)
   240  00000A  ED09  F000         	call	int_func,f	;refresh shadow registers
   241                           
   242                           	psect	intcode_body
   243  000012                     __pintcode_body:
   244                           	opt callstack 29
   245  000012                     int_func:
   246                           	opt callstack 29
   247  000012  0006               	pop		; remove dummy address from shadow register refresh
   248  000014  9083               	bcf	131,0,c	;volatile
   249  000016  A4F2               	btfss	4082,2,c	;volatile
   250  000018  EF10  F000         	goto	i2u13_41
   251  00001C  EF12  F000         	goto	i2u13_40
   252  000020                     i2u13_41:
   253  000020  EF26  F000         	goto	i2l851
   254  000024                     i2u13_40:
   255  000024  0E00               	movlw	0
   256  000026  6E02               	movwf	(freq0@high+1)^0,c
   257  000028  0EFD               	movlw	253
   258  00002A  6E01               	movwf	freq0@high^0,c
   259  00002C  0E00               	movlw	0
   260  00002E  6E04               	movwf	(freq0@low+1)^0,c
   261  000030  0E11               	movlw	17
   262  000032  6E03               	movwf	freq0@low^0,c
   263  000034  ECAE  F000         	call	_freq0	;wreg free
   264  000038  0E00               	movlw	0
   265  00003A  6E02               	movwf	(freq0@high+1)^0,c
   266  00003C  0EF9               	movlw	249
   267  00003E  6E01               	movwf	freq0@high^0,c
   268  000040  0E00               	movlw	0
   269  000042  6E04               	movwf	(freq0@low+1)^0,c
   270  000044  0E29               	movlw	41
   271  000046  6E03               	movwf	freq0@low^0,c
   272  000048  ECAE  F000         	call	_freq0	;wreg free
   273  00004C                     i2l851:
   274  00004C  9283               	bcf	131,1,c	;volatile
   275  00004E  A09E               	btfss	3998,0,c	;volatile
   276  000050  EF2C  F000         	goto	i2u14_41
   277  000054  EF2E  F000         	goto	i2u14_40
   278  000058                     i2u14_41:
   279  000058  EF40  F000         	goto	i2l857
   280  00005C                     i2u14_40:
   281  00005C  0E00               	movlw	0
   282  00005E  6E02               	movwf	(freq1@high+1)^0,c
   283  000060  6801               	setf	freq1@high^0,c
   284  000062  0E00               	movlw	0
   285  000064  6E04               	movwf	(freq1@low+1)^0,c
   286  000066  0E1E               	movlw	30
   287  000068  6E03               	movwf	freq1@low^0,c
   288  00006A  ECA0  F000         	call	_freq1	;wreg free
   289  00006E  0E00               	movlw	0
   290  000070  6E02               	movwf	(freq1@high+1)^0,c
   291  000072  6801               	setf	freq1@high^0,c
   292  000074  0E00               	movlw	0
   293  000076  6E04               	movwf	(freq1@low+1)^0,c
   294  000078  0EDF               	movlw	223
   295  00007A  6E03               	movwf	freq1@low^0,c
   296  00007C  ECA0  F000         	call	_freq1	;wreg free
   297  000080                     i2l857:
   298  000080  9483               	bcf	131,2,c	;volatile
   299  000082  A2A1               	btfss	4001,1,c	;volatile
   300  000084  EF46  F000         	goto	i2u15_41
   301  000088  EF48  F000         	goto	i2u15_40
   302  00008C                     i2u15_41:
   303  00008C  EF5A  F000         	goto	i2l863
   304  000090                     i2u15_40:
   305  000090  0E00               	movlw	0
   306  000092  6E02               	movwf	(freq2@high+1)^0,c
   307  000094  6801               	setf	freq2@high^0,c
   308  000096  0E00               	movlw	0
   309  000098  6E04               	movwf	(freq2@low+1)^0,c
   310  00009A  0EE1               	movlw	225
   311  00009C  6E03               	movwf	freq2@low^0,c
   312  00009E  EC92  F000         	call	_freq2	;wreg free
   313  0000A2  0E00               	movlw	0
   314  0000A4  6E02               	movwf	(freq2@high+1)^0,c
   315  0000A6  6801               	setf	freq2@high^0,c
   316  0000A8  0E00               	movlw	0
   317  0000AA  6E04               	movwf	(freq2@low+1)^0,c
   318  0000AC  0EEB               	movlw	235
   319  0000AE  6E03               	movwf	freq2@low^0,c
   320  0000B0  EC92  F000         	call	_freq2	;wreg free
   321  0000B4                     i2l863:
   322  0000B4  9683               	bcf	131,3,c	;volatile
   323  0000B6  A29E               	btfss	3998,1,c	;volatile
   324  0000B8  EF60  F000         	goto	i2u16_41
   325  0000BC  EF62  F000         	goto	i2u16_40
   326  0000C0                     i2u16_41:
   327  0000C0  EF6E  F000         	goto	i2l77
   328  0000C4                     i2u16_40:
   329  0000C4  0E00               	movlw	0
   330  0000C6  6E02               	movwf	(freq3@low+1)^0,c
   331  0000C8  0EFB               	movlw	251
   332  0000CA  6E01               	movwf	freq3@low^0,c
   333  0000CC  ECBC  F000         	call	_freq3	;wreg free
   334  0000D0  0E00               	movlw	0
   335  0000D2  6E02               	movwf	(freq3@low+1)^0,c
   336  0000D4  0EFE               	movlw	254
   337  0000D6  6E01               	movwf	freq3@low^0,c
   338  0000D8  ECBC  F000         	call	_freq3	;wreg free
   339  0000DC                     i2l77:
   340  0000DC  9205               	bcf	int$flags,1,c	;clear compiler interrupt flag (level 2)
   341  0000DE  0011               	retfie		f
   342  0000E0                     __end_of_ISR:
   343                           	opt callstack 0
   344                           
   345 ;; *************** function _freq3 *****************
   346 ;; Defined at:
   347 ;;		line 212 in file "2018010_assign_05.c"
   348 ;; Parameters:    Size  Location     Type
   349 ;;  low             2    0[COMRAM] int 
   350 ;; Auto vars:     Size  Location     Type
   351 ;;		None
   352 ;; Return value:  Size  Location     Type
   353 ;;                  1    wreg      void 
   354 ;; Registers used:
   355 ;;		None
   356 ;; Tracked objects:
   357 ;;		On entry : 0/0
   358 ;;		On exit  : 0/0
   359 ;;		Unchanged: 0/0
   360 ;; Data sizes:     COMRAM   BANK0   BANK1   BANK2   BANK3   BANK4   BANK5   BANK6   BANK7
   361 ;;      Params:         2       0       0       0       0       0       0       0       0
   362 ;;      Locals:         0       0       0       0       0       0       0       0       0
   363 ;;      Temps:          0       0       0       0       0       0       0       0       0
   364 ;;      Totals:         2       0       0       0       0       0       0       0       0
   365 ;;Total ram usage:        2 bytes
   366 ;; Hardware stack levels used:    1
   367 ;; This function calls:
   368 ;;		Nothing
   369 ;; This function is called by:
   370 ;;		_ISR
   371 ;; This function uses a non-reentrant model
   372 ;;
   373                           
   374                           	psect	text2
   375  000178                     __ptext2:
   376                           	opt callstack 0
   377  000178                     _freq3:
   378                           	opt callstack 29
   379  000178  7683               	btg	3971,3,c	;# 
   380  00017A  929E               	bcf	3998,1,c	;volatile
   381  00017C  C001  FFCC         	movff	freq3@low,4044	;volatile
   382  000180                     i2l106:
   383  000180  A29E               	btfss	3998,1,c	;volatile
   384  000182  EFC5  F000         	goto	i2u12_41
   385  000186  EFC7  F000         	goto	i2u12_40
   386  00018A                     i2u12_41:
   387  00018A  EFC0  F000         	goto	i2l106
   388  00018E                     i2u12_40:
   389  00018E  0012               	return		;funcret
   390  000190                     __end_of_freq3:
   391                           	opt callstack 0
   392                           
   393 ;; *************** function _freq2 *****************
   394 ;; Defined at:
   395 ;;		line 196 in file "2018010_assign_05.c"
   396 ;; Parameters:    Size  Location     Type
   397 ;;  high            2    0[COMRAM] int 
   398 ;;  low             2    2[COMRAM] int 
   399 ;; Auto vars:     Size  Location     Type
   400 ;;		None
   401 ;; Return value:  Size  Location     Type
   402 ;;                  1    wreg      void 
   403 ;; Registers used:
   404 ;;		None
   405 ;; Tracked objects:
   406 ;;		On entry : 0/0
   407 ;;		On exit  : 0/0
   408 ;;		Unchanged: 0/0
   409 ;; Data sizes:     COMRAM   BANK0   BANK1   BANK2   BANK3   BANK4   BANK5   BANK6   BANK7
   410 ;;      Params:         4       0       0       0       0       0       0       0       0
   411 ;;      Locals:         0       0       0       0       0       0       0       0       0
   412 ;;      Temps:          0       0       0       0       0       0       0       0       0
   413 ;;      Totals:         4       0       0       0       0       0       0       0       0
   414 ;;Total ram usage:        4 bytes
   415 ;; Hardware stack levels used:    1
   416 ;; This function calls:
   417 ;;		Nothing
   418 ;; This function is called by:
   419 ;;		_ISR
   420 ;; This function uses a non-reentrant model
   421 ;;
   422                           
   423                           	psect	text3
   424  000124                     __ptext3:
   425                           	opt callstack 0
   426  000124                     _freq2:
   427                           	opt callstack 29
   428  000124  92A1               	bcf	4001,1,c	;volatile
   429  000126  C001  FFB3         	movff	freq2@high,4019	;volatile
   430  00012A  C003  FFB2         	movff	freq2@low,4018	;volatile
   431  00012E  7483               	btg	3971,2,c	;# 
   432  000130                     i2l100:
   433  000130  A2A1               	btfss	4001,1,c	;volatile
   434  000132  EF9D  F000         	goto	i2u11_41
   435  000136  EF9F  F000         	goto	i2u11_40
   436  00013A                     i2u11_41:
   437  00013A  EF98  F000         	goto	i2l100
   438  00013E                     i2u11_40:
   439  00013E  0012               	return		;funcret
   440  000140                     __end_of_freq2:
   441                           	opt callstack 0
   442                           
   443 ;; *************** function _freq1 *****************
   444 ;; Defined at:
   445 ;;		line 180 in file "2018010_assign_05.c"
   446 ;; Parameters:    Size  Location     Type
   447 ;;  high            2    0[COMRAM] int 
   448 ;;  low             2    2[COMRAM] int 
   449 ;; Auto vars:     Size  Location     Type
   450 ;;		None
   451 ;; Return value:  Size  Location     Type
   452 ;;                  1    wreg      void 
   453 ;; Registers used:
   454 ;;		None
   455 ;; Tracked objects:
   456 ;;		On entry : 0/0
   457 ;;		On exit  : 0/0
   458 ;;		Unchanged: 0/0
   459 ;; Data sizes:     COMRAM   BANK0   BANK1   BANK2   BANK3   BANK4   BANK5   BANK6   BANK7
   460 ;;      Params:         4       0       0       0       0       0       0       0       0
   461 ;;      Locals:         0       0       0       0       0       0       0       0       0
   462 ;;      Temps:          0       0       0       0       0       0       0       0       0
   463 ;;      Totals:         4       0       0       0       0       0       0       0       0
   464 ;;Total ram usage:        4 bytes
   465 ;; Hardware stack levels used:    1
   466 ;; This function calls:
   467 ;;		Nothing
   468 ;; This function is called by:
   469 ;;		_ISR
   470 ;; This function uses a non-reentrant model
   471 ;;
   472                           
   473                           	psect	text4
   474  000140                     __ptext4:
   475                           	opt callstack 0
   476  000140                     _freq1:
   477                           	opt callstack 29
   478  000140  909E               	bcf	3998,0,c	;volatile
   479  000142  7283               	btg	3971,1,c	;# 
   480  000144  C001  FFCF         	movff	freq1@high,4047	;volatile
   481  000148  C003  FFCE         	movff	freq1@low,4046	;volatile
   482  00014C                     i2l94:
   483  00014C  A09E               	btfss	3998,0,c	;volatile
   484  00014E  EFAB  F000         	goto	i2u10_41
   485  000152  EFAD  F000         	goto	i2u10_40
   486  000156                     i2u10_41:
   487  000156  EFA6  F000         	goto	i2l94
   488  00015A                     i2u10_40:
   489  00015A  0012               	return		;funcret
   490  00015C                     __end_of_freq1:
   491                           	opt callstack 0
   492                           
   493 ;; *************** function _freq0 *****************
   494 ;; Defined at:
   495 ;;		line 164 in file "2018010_assign_05.c"
   496 ;; Parameters:    Size  Location     Type
   497 ;;  high            2    0[COMRAM] int 
   498 ;;  low             2    2[COMRAM] int 
   499 ;; Auto vars:     Size  Location     Type
   500 ;;		None
   501 ;; Return value:  Size  Location     Type
   502 ;;                  1    wreg      void 
   503 ;; Registers used:
   504 ;;		None
   505 ;; Tracked objects:
   506 ;;		On entry : 0/0
   507 ;;		On exit  : 0/0
   508 ;;		Unchanged: 0/0
   509 ;; Data sizes:     COMRAM   BANK0   BANK1   BANK2   BANK3   BANK4   BANK5   BANK6   BANK7
   510 ;;      Params:         4       0       0       0       0       0       0       0       0
   511 ;;      Locals:         0       0       0       0       0       0       0       0       0
   512 ;;      Temps:          0       0       0       0       0       0       0       0       0
   513 ;;      Totals:         4       0       0       0       0       0       0       0       0
   514 ;;Total ram usage:        4 bytes
   515 ;; Hardware stack levels used:    1
   516 ;; This function calls:
   517 ;;		Nothing
   518 ;; This function is called by:
   519 ;;		_ISR
   520 ;; This function uses a non-reentrant model
   521 ;;
   522                           
   523                           	psect	text5
   524  00015C                     __ptext5:
   525                           	opt callstack 0
   526  00015C                     _freq0:
   527                           	opt callstack 29
   528  00015C  7083               	btg	3971,0,c	;# 
   529  00015E  C001  FFD7         	movff	freq0@high,4055	;volatile
   530  000162  C003  FFD6         	movff	freq0@low,4054	;volatile
   531  000166  94F2               	bcf	4082,2,c	;volatile
   532  000168                     i2l88:
   533  000168  A4F2               	btfss	4082,2,c	;volatile
   534  00016A  EFB9  F000         	goto	i2u9_41
   535  00016E  EFBB  F000         	goto	i2u9_40
   536  000172                     i2u9_41:
   537  000172  EFB4  F000         	goto	i2l88
   538  000176                     i2u9_40:
   539  000176  0012               	return		;funcret
   540  000178                     __end_of_freq0:
   541                           	opt callstack 0
   542  0000                     
   543                           	psect	rparam
   544  0000                     
   545                           	psect	temp
   546  000005                     btemp:
   547                           	opt callstack 0
   548  000005                     	ds	1
   549  0000                     int$flags	set	btemp
   550  0000                     wtemp8	set	btemp+1
   551  0000                     ttemp5	set	btemp+1
   552  0000                     ttemp6	set	btemp+4
   553  0000                     ttemp7	set	btemp+8
   554                           tosu	equ	0xFFF
   555                           tosh	equ	0xFFE
   556                           tosl	equ	0xFFD
   557                           stkptr	equ	0xFFC
   558                           pclatu	equ	0xFFB
   559                           pclath	equ	0xFFA
   560                           pcl	equ	0xFF9
   561                           tblptru	equ	0xFF8
   562                           tblptrh	equ	0xFF7
   563                           tblptrl	equ	0xFF6
   564                           tablat	equ	0xFF5
   565                           prodh	equ	0xFF4
   566                           prodl	equ	0xFF3
   567                           indf0	equ	0xFEF
   568                           postinc0	equ	0xFEE
   569                           postdec0	equ	0xFED
   570                           preinc0	equ	0xFEC
   571                           plusw0	equ	0xFEB
   572                           fsr0h	equ	0xFEA
   573                           fsr0l	equ	0xFE9
   574                           wreg	equ	0xFE8
   575                           indf1	equ	0xFE7
   576                           postinc1	equ	0xFE6
   577                           postdec1	equ	0xFE5
   578                           preinc1	equ	0xFE4
   579                           plusw1	equ	0xFE3
   580                           fsr1h	equ	0xFE2
   581                           fsr1l	equ	0xFE1
   582                           bsr	equ	0xFE0
   583                           indf2	equ	0xFDF
   584                           postinc2	equ	0xFDE
   585                           postdec2	equ	0xFDD
   586                           preinc2	equ	0xFDC
   587                           plusw2	equ	0xFDB
   588                           fsr2h	equ	0xFDA
   589                           fsr2l	equ	0xFD9
   590                           status	equ	0xFD8


Data Sizes:
    Strings     0
    Constant    0
    Data        0
    BSS         0
    Persistent  0
    Stack       0

Auto Spaces:
    Space          Size  Autos    Used
    COMRAM           94      4       4
    BANK0           160      0       0
    BANK1           256      0       0
    BANK2           256      0       0
    BANK3           256      0       0
    BANK4           256      0       0
    BANK5           256      0       0
    BANK6           256      0       0
    BANK7           256      0       0

Pointer List with Targets:

    None.

Critical Paths under _main in COMRAM

    None.

Critical Paths under _ISR in COMRAM

    _ISR->_freq0
    _ISR->_freq1
    _ISR->_freq2

Critical Paths under _main in BANK0

    None.

Critical Paths under _ISR in BANK0

    None.

Critical Paths under _main in BANK1

    None.

Critical Paths under _ISR in BANK1

    None.

Critical Paths under _main in BANK2

    None.

Critical Paths under _ISR in BANK2

    None.

Critical Paths under _main in BANK3

    None.

Critical Paths under _ISR in BANK3

    None.

Critical Paths under _main in BANK4

    None.

Critical Paths under _ISR in BANK4

    None.

Critical Paths under _main in BANK5

    None.

Critical Paths under _ISR in BANK5

    None.

Critical Paths under _main in BANK6

    None.

Critical Paths under _ISR in BANK6

    None.

Critical Paths under _main in BANK7

    None.

Critical Paths under _ISR in BANK7

    None.

Call Graph Tables:

 ---------------------------------------------------------------------------------
 (Depth) Function   	        Calls       Base Space   Used Autos Params    Refs
 ---------------------------------------------------------------------------------
 (0) _main                                                 0     0      0       0
 ---------------------------------------------------------------------------------
 Estimated maximum stack depth 0
 ---------------------------------------------------------------------------------
 (Depth) Function   	        Calls       Base Space   Used Autos Params    Refs
 ---------------------------------------------------------------------------------
 (1) _ISR                                                  0     0      0    1218
                              _freq0
                              _freq1
                              _freq2
                              _freq3
 ---------------------------------------------------------------------------------
 (2) _freq3                                                2     0      2     174
                                              0 COMRAM     2     0      2
 ---------------------------------------------------------------------------------
 (2) _freq2                                                4     0      4     348
                                              0 COMRAM     4     0      4
 ---------------------------------------------------------------------------------
 (2) _freq1                                                4     0      4     348
                                              0 COMRAM     4     0      4
 ---------------------------------------------------------------------------------
 (2) _freq0                                                4     0      4     348
                                              0 COMRAM     4     0      4
 ---------------------------------------------------------------------------------
 Estimated maximum stack depth 2
 ---------------------------------------------------------------------------------

 Call Graph Graphs:

 _main (ROOT)

 _ISR (ROOT)
   _freq0
   _freq1
   _freq2
   _freq3

 Address spaces:
Name               Size   Autos  Total    Cost      Usage
BITCOMRAM           5E      0       0       0        0.0%
EEDATA             100      0       0       0        0.0%
NULL                 0      0       0       0        0.0%
CODE                 0      0       0       0        0.0%
COMRAM              5E      4       4       1        4.3%
STACK                0      0       0       2        0.0%
DATA                 0      0       0       3        0.0%
BITBANK0            A0      0       0       4        0.0%
BANK0               A0      0       0       5        0.0%
BITBANK1           100      0       0       6        0.0%
BANK1              100      0       0       7        0.0%
BITBANK2           100      0       0       8        0.0%
BANK2              100      0       0       9        0.0%
BITBANK3           100      0       0      10        0.0%
BANK3              100      0       0      11        0.0%
BITBANK4           100      0       0      12        0.0%
BANK4              100      0       0      13        0.0%
BITBANK5           100      0       0      14        0.0%
BANK5              100      0       0      15        0.0%
BITBANK6           100      0       0      16        0.0%
BANK6              100      0       0      17        0.0%
BITBANK7           100      0       0      18        0.0%
BANK7              100      0       0      19        0.0%
ABS                  0      0       0      20        0.0%
BIGRAM             7FF      0       0      21        0.0%
BITSFR               0      0       0     200        0.0%
SFR                  0      0       0     200        0.0%


Microchip Technology PIC18 Macro Assembler V2.10 build 88905656 
Symbol Table                                                                                   Sun Jun 28 10:21:48 2020

                     l82 011C                       l83 011C              __CFG_BORV$3 000000  
           __CFG_CP0$OFF 000000             __CFG_CP1$OFF 000000             __CFG_CP2$OFF 000000  
           __CFG_CP3$OFF 000000              __CFG_LVP$ON 000000                      l821 010A  
                    l831 0114                      l823 010C                      l815 00E0  
                    l833 0116                      l825 010E                      l817 00F8  
                    l835 0118                      l827 0110                      l819 0108  
                    l837 011A                      l829 0112                      _GIE 007F97  
           __CFG_CPB$OFF 000000             __CFG_CPD$OFF 000000                      _ISR 0008  
           __CFG_BOR$OFF 000000             __CFG_FOSC$HS 000000                     ?_ISR 0001  
           __CFG_WDT$OFF 000000                     PORTD 000F83                     _PEIE 007F96  
                   i2l91 0176                     i2l77 00DC                     i2l94 014C  
                   i2l88 0168                     i2l97 015A                     _TMR2 000FCC  
                   _main 00E0                     btemp 0005                     start 000E  
          __CFG_IESO$OFF 000000            __CFG_MCLRE$ON 000000             ___param_bank 000000  
                  ??_ISR 0005            __CFG_PLLDIV$1 000000           __CFG_CCP2MX$ON 000000  
                  ?_main 0001                    _T0CON 000FD5                    _T1CON 000FCD  
                  _T2CON 000FCA                    _T3CON 000FB1                    i2l100 0130  
                  i2l103 013E                    i2l106 0180                    i2l109 018E  
                  i2l841 0140                    i2l843 0124                    i2l851 004C  
                  i2l845 0178                    i2l861 0090                    i2l853 004E  
                  i2l839 015C                    i2l863 00B4                    i2l855 005C  
                  i2l847 0014                    i2l865 00B6                    i2l857 0080  
                  i2l849 0024                    i2l867 00C4                    i2l859 0082  
                  _TMR0H 000FD7                    _TMR1H 000FCF                    _TMR0L 000FD6  
                  _TMR1L 000FCE                    _TMR3H 000FB3                    _TMR3L 000FB2  
          __CFG_USBDIV$1 000000            __CFG_PWRT$OFF 000000            __CFG_WRT0$OFF 000000  
          __CFG_WRT1$OFF 000000            __CFG_WRT2$OFF 000000            __CFG_WRT3$OFF 000000  
         __CFG_EBTR0$OFF 000000           __CFG_FCMEN$OFF 000000           __CFG_EBTR1$OFF 000000  
         __CFG_EBTR2$OFF 000000           __CFG_EBTR3$OFF 000000            __CFG_WRTB$OFF 000000  
          __CFG_WRTC$OFF 000000            __CFG_WRTD$OFF 000000           __CFG_EBTRB$OFF 000000  
                  _freq0 015C                    _freq1 0140                    _freq2 0124  
                  _freq3 0178                    ttemp5 0006                    ttemp6 0009  
                  ttemp7 000D                    wtemp8 0006           __CFG_ICPRT$OFF 000000  
         __CFG_PBADEN$ON 000000          __initialization 0190             __end_of_main 0124  
                 ??_main 0005            __activetblptr 000000                   ?_freq0 0001  
                 ?_freq1 0001                   ?_freq2 0001                   ?_freq3 0001  
                 _TMR0IE 007F95                   _TMR0IF 007F92                   _TMR1IE 007CE8  
                 _TMR1IF 007CF0                   _TMR2IE 007CE9                   _TMR2IF 007CF1  
                 _TMR3IE 007D01                   _TMR3IF 007D09                   _TMR0ON 007EAF  
                 _TMR1ON 007E68                   _TMR2ON 007E52                   _TMR3ON 007D88  
                 i2u9_40 0176                   _TRISD0 007CA8                   i2u9_41 0172  
                 _TRISD1 007CA9                   _TRISD2 007CAA                   _TRISD3 007CAB  
         __CFG_XINST$OFF 000000           __CFG_STVREN$ON 000000               __accesstop 0060  
__end_of__initialization 0190            ___rparam_used 000001           __pcstackCOMRAM 0001  
          __end_of_freq0 0178            __end_of_freq1 015C            __end_of_freq2 0140  
          __end_of_freq3 0190                  ??_freq0 0005                  ??_freq1 0005  
                ??_freq2 0005                  ??_freq3 0003                  i2u10_40 015A  
                i2u10_41 0156                  i2u11_40 013E                  i2u11_41 013A  
                i2u12_40 018E                  i2u12_41 018A                  i2u13_40 0024  
                i2u13_41 0020                  i2u14_40 005C                  i2u14_41 0058  
                i2u15_40 0090                  i2u15_41 008C                  i2u16_40 00C4  
                i2u16_41 00C0          __CFG_VREGEN$OFF 000000                  __Hparam 0000  
                __Lparam 0000                  __pcinit 0190                  __ramtop 0800  
                __ptext0 00E0                  __ptext2 0178                  __ptext3 0124  
                __ptext4 0140                  __ptext5 015C             __size_of_ISR 00D8  
         __pintcode_body 0012     end_of_initialization 0190                  int_func 0012  
              _PORTDbits 000F83      start_initialization 0190              __end_of_ISR 00E0  
       __CFG_LPT1OSC$OFF 000000                __pintcode 0008           __size_of_freq0 001C  
         __size_of_freq1 001C           __size_of_freq2 001C           __size_of_freq3 0018  
       __CFG_WDTPS$32768 000000                freq0@high 0001                freq1@high 0001  
              freq2@high 0001                 __Hrparam 0000                 __Lrparam 0000  
          __size_of_main 0044                 int$flags 0005                 freq0@low 0003  
               freq1@low 0003                 freq2@low 0003                 freq3@low 0001  
  __CFG_CPUDIV$OSC1_PLL2 000000                 intlevel2 0000  
